# JRE version: OpenJDK Runtime Environment (8.0_152-b01) (build 1.8.0_152-release-915-b01)
# Java VM: OpenJDK 64-Bit Server VM (25.152-b01 mixed mode windows-amd64 compressed oops)
Heap:
 PSYoungGen      total 66048K, used 19092K [0x00000000e0000000, 0x00000000e5800000, 0x0000000100000000)
  eden space 56832K, 33% used [0x00000000e0000000,0x00000000e12a5160,0x00000000e3780000)
  from space 9216K, 0% used [0x00000000e3780000,0x00000000e3780000,0x00000000e4080000)
  to   space 10752K, 0% used [0x00000000e4d80000,0x00000000e4d80000,0x00000000e5800000)
 ParOldGen       total 62976K, used 16259K [0x00000000a0000000, 0x00000000a3d80000, 0x00000000e0000000)
  object space 62976K, 25% used [0x00000000a0000000,0x00000000a0fe0e18,0x00000000a3d80000)
 Metaspace       used 36547K, capacity 37238K, committed 37464K, reserved 1081344K
  class space    used 4924K, capacity 5185K, committed 5208K, reserved 1048576K
GC Heap History (10 events):
Event: 11.250 GC heap before
{Heap before GC invocations=9 (full 1):
 PSYoungGen      total 37376K, used 31232K [0x00000000e0000000, 0x00000000e4d00000, 0x0000000100000000)
  eden space 31232K, 100% used [0x00000000e0000000,0x00000000e1e80000,0x00000000e1e80000)
  from space 6144K, 0% used [0x00000000e1e80000,0x00000000e1e80000,0x00000000e2480000)
  to   space 8192K, 0% used [0x00000000e4500000,0x00000000e4500000,0x00000000e4d00000)
 ParOldGen       total 38400K, used 8971K [0x00000000a0000000, 0x00000000a2580000, 0x00000000e0000000)
  object space 38400K, 23% used [0x00000000a0000000,0x00000000a08c2c70,0x00000000a2580000)
 Metaspace       used 23290K, capacity 23770K, committed 24192K, reserved 1071104K
  class space    used 3166K, capacity 3336K, committed 3456K, reserved 1048576K
Event: 11.276 GC heap after
Heap after GC invocations=9 (full 1):
 PSYoungGen      total 47616K, used 3753K [0x00000000e0000000, 0x00000000e4900000, 0x0000000100000000)
  eden space 43520K, 0% used [0x00000000e0000000,0x00000000e0000000,0x00000000e2a80000)
  from space 4096K, 91% used [0x00000000e4500000,0x00000000e48aa718,0x00000000e4900000)
  to   space 7680K, 0% used [0x00000000e3a00000,0x00000000e3a00000,0x00000000e4180000)
 ParOldGen       total 38400K, used 8979K [0x00000000a0000000, 0x00000000a2580000, 0x00000000e0000000)
  object space 38400K, 23% used [0x00000000a0000000,0x00000000a08c4c70,0x00000000a2580000)
 Metaspace       used 23290K, capacity 23770K, committed 24192K, reserved 1071104K
  class space    used 3166K, capacity 3336K, committed 3456K, reserved 1048576K
}
Event: 13.192 GC heap before
{Heap before GC invocations=10 (full 1):
 PSYoungGen      total 47616K, used 47273K [0x00000000e0000000, 0x00000000e4900000, 0x0000000100000000)
  eden space 43520K, 100% used [0x00000000e0000000,0x00000000e2a80000,0x00000000e2a80000)
  from space 4096K, 91% used [0x00000000e4500000,0x00000000e48aa718,0x00000000e4900000)
  to   space 7680K, 0% used [0x00000000e3a00000,0x00000000e3a00000,0x00000000e4180000)
 ParOldGen       total 38400K, used 8979K [0x00000000a0000000, 0x00000000a2580000, 0x00000000e0000000)
  object space 38400K, 23% used [0x00000000a0000000,0x00000000a08c4c70,0x00000000a2580000)
 Metaspace       used 26455K, capacity 27020K, committed 27136K, reserved 1073152K
  class space    used 3639K, capacity 3839K, committed 3840K, reserved 1048576K
Event: 13.214 GC heap after
Heap after GC invocations=10 (full 1):
 PSYoungGen      total 59904K, used 6530K [0x00000000e0000000, 0x00000000e4580000, 0x0000000100000000)
  eden space 53248K, 0% used [0x00000000e0000000,0x00000000e0000000,0x00000000e3400000)
  from space 6656K, 98% used [0x00000000e3a00000,0x00000000e40608b8,0x00000000e4080000)
  to   space 5120K, 0% used [0x00000000e4080000,0x00000000e4080000,0x00000000e4580000)
 ParOldGen       total 38400K, used 8987K [0x00000000a0000000, 0x00000000a2580000, 0x00000000e0000000)
  object space 38400K, 23% used [0x00000000a0000000,0x00000000a08c6c70,0x00000000a2580000)
 Metaspace       used 26455K, capacity 27020K, committed 27136K, reserved 1073152K
  class space    used 3639K, capacity 3839K, committed 3840K, reserved 1048576K
}
Event: 15.906 GC heap before
{Heap before GC invocations=11 (full 1):
 PSYoungGen      total 59904K, used 59778K [0x00000000e0000000, 0x00000000e4580000, 0x0000000100000000)
  eden space 53248K, 100% used [0x00000000e0000000,0x00000000e3400000,0x00000000e3400000)
  from space 6656K, 98% used [0x00000000e3a00000,0x00000000e40608b8,0x00000000e4080000)
  to   space 5120K, 0% used [0x00000000e4080000,0x00000000e4080000,0x00000000e4580000)
 ParOldGen       total 38400K, used 8987K [0x00000000a0000000, 0x00000000a2580000, 0x00000000e0000000)
  object space 38400K, 23% used [0x00000000a0000000,0x00000000a08c6c70,0x00000000a2580000)
 Metaspace       used 30246K, capacity 30764K, committed 30976K, reserved 1075200K
  class space    used 4126K, capacity 4319K, committed 4352K, reserved 1048576K
Event: 15.930 GC heap after
Heap after GC invocations=11 (full 1):
 PSYoungGen      total 61952K, used 5088K [0x00000000e0000000, 0x00000000e5100000, 0x0000000100000000)
  eden space 56832K, 0% used [0x00000000e0000000,0x00000000e0000000,0x00000000e3780000)
  from space 5120K, 99% used [0x00000000e4080000,0x00000000e4578030,0x00000000e4580000)
  to   space 9216K, 0% used [0x00000000e3780000,0x00000000e3780000,0x00000000e4080000)
 ParOldGen       total 38400K, used 11529K [0x00000000a0000000, 0x00000000a2580000, 0x00000000e0000000)
  object space 38400K, 30% used [0x00000000a0000000,0x00000000a0b42500,0x00000000a2580000)
 Metaspace       used 30246K, capacity 30764K, committed 30976K, reserved 1075200K
  class space    used 4126K, capacity 4319K, committed 4352K, reserved 1048576K
}
Event: 18.978 GC heap before
{Heap before GC invocations=12 (full 1):
 PSYoungGen      total 61952K, used 56363K [0x00000000e0000000, 0x00000000e5100000, 0x0000000100000000)
  eden space 56832K, 90% used [0x00000000e0000000,0x00000000e3212f20,0x00000000e3780000)
  from space 5120K, 99% used [0x00000000e4080000,0x00000000e4578030,0x00000000e4580000)
  to   space 9216K, 0% used [0x00000000e3780000,0x00000000e3780000,0x00000000e4080000)
 ParOldGen       total 38400K, used 11529K [0x00000000a0000000, 0x00000000a2580000, 0x00000000e0000000)
  object space 38400K, 30% used [0x00000000a0000000,0x00000000a0b42500,0x00000000a2580000)
 Metaspace       used 34538K, capacity 35196K, committed 35416K, reserved 1079296K
  class space    used 4644K, capacity 4887K, committed 4952K, reserved 1048576K
Event: 19.009 GC heap after
Heap after GC invocations=12 (full 1):
 PSYoungGen      total 66048K, used 9212K [0x00000000e0000000, 0x00000000e5800000, 0x0000000100000000)
  eden space 56832K, 0% used [0x00000000e0000000,0x00000000e0000000,0x00000000e3780000)
  from space 9216K, 99% used [0x00000000e3780000,0x00000000e407f1f8,0x00000000e4080000)
  to   space 10752K, 0% used [0x00000000e4d80000,0x00000000e4d80000,0x00000000e5800000)
 ParOldGen       total 38400K, used 12166K [0x00000000a0000000, 0x00000000a2580000, 0x00000000e0000000)
  object space 38400K, 31% used [0x00000000a0000000,0x00000000a0be1b58,0x00000000a2580000)
 Metaspace       used 34538K, capacity 35196K, committed 35416K, reserved 1079296K
  class space    used 4644K, capacity 4887K, committed 4952K, reserved 1048576K
}
Event: 19.009 GC heap before
{Heap before GC invocations=13 (full 2):
 PSYoungGen      total 66048K, used 9212K [0x00000000e0000000, 0x00000000e5800000, 0x0000000100000000)
  eden space 56832K, 0% used [0x00000000e0000000,0x00000000e0000000,0x00000000e3780000)
  from space 9216K, 99% used [0x00000000e3780000,0x00000000e407f1f8,0x00000000e4080000)
  to   space 10752K, 0% used [0x00000000e4d80000,0x00000000e4d80000,0x00000000e5800000)
 ParOldGen       total 38400K, used 12166K [0x00000000a0000000, 0x00000000a2580000, 0x00000000e0000000)
  object space 38400K, 31% used [0x00000000a0000000,0x00000000a0be1b58,0x00000000a2580000)
 Metaspace       used 34538K, capacity 35196K, committed 35416K, reserved 1079296K
  class space    used 4644K, capacity 4887K, committed 4952K, reserved 1048576K
Event: 19.207 GC heap after
Heap after GC invocations=13 (full 2):
 PSYoungGen      total 66048K, used 0K [0x00000000e0000000, 0x00000000e5800000, 0x0000000100000000)
  eden space 56832K, 0% used [0x00000000e0000000,0x00000000e0000000,0x00000000e3780000)
  from space 9216K, 0% used [0x00000000e3780000,0x00000000e3780000,0x00000000e4080000)
  to   space 10752K, 0% used [0x00000000e4d80000,0x00000000e4d80000,0x00000000e5800000)
 ParOldGen       total 62976K, used 16259K [0x00000000a0000000, 0x00000000a3d80000, 0x00000000e0000000)
  object space 62976K, 25% used [0x00000000a0000000,0x00000000a0fe0e18,0x00000000a3d80000)
 Metaspace       used 34538K, capacity 35196K, committed 35416K, reserved 1079296K
  class space    used 4644K, capacity 4887K, committed 4952K, reserved 1048576K
}

