# JRE version: OpenJDK Runtime Environment (8.0_152-b01) (build 1.8.0_152-release-915-b01)
# Java VM: OpenJDK 64-Bit Server VM (25.152-b01 mixed mode windows-amd64 compressed oops)
Heap:
 PSYoungGen      total 125952K, used 21195K [0x00000000e0000000, 0x00000000eaf00000, 0x0000000100000000)
  eden space 113664K, 7% used [0x00000000e0000000,0x00000000e08b4e70,0x00000000e6f00000)
  from space 12288K, 99% used [0x00000000e6f00000,0x00000000e7afe0e0,0x00000000e7b00000)
  to   space 14848K, 0% used [0x00000000ea080000,0x00000000ea080000,0x00000000eaf00000)
 ParOldGen       total 58368K, used 17879K [0x00000000a0000000, 0x00000000a3900000, 0x00000000e0000000)
  object space 58368K, 30% used [0x00000000a0000000,0x00000000a1175d28,0x00000000a3900000)
 Metaspace       used 47128K, capacity 48318K, committed 48472K, reserved 1091584K
  class space    used 6307K, capacity 6646K, committed 6744K, reserved 1048576K
GC Heap History (10 events):
Event: 8.492 GC heap before
{Heap before GC invocations=9 (full 1):
 PSYoungGen      total 70656K, used 69016K [0x00000000e0000000, 0x00000000e6980000, 0x0000000100000000)
  eden space 61952K, 100% used [0x00000000e0000000,0x00000000e3c80000,0x00000000e3c80000)
  from space 8704K, 81% used [0x00000000e3c80000,0x00000000e4366020,0x00000000e4500000)
  to   space 9216K, 0% used [0x00000000e6080000,0x00000000e6080000,0x00000000e6980000)
 ParOldGen       total 41984K, used 12074K [0x00000000a0000000, 0x00000000a2900000, 0x00000000e0000000)
  object space 41984K, 28% used [0x00000000a0000000,0x00000000a0bca840,0x00000000a2900000)
 Metaspace       used 30184K, capacity 30700K, committed 30976K, reserved 1075200K
  class space    used 4117K, capacity 4319K, committed 4352K, reserved 1048576K
Event: 8.573 GC heap after
Heap after GC invocations=9 (full 1):
 PSYoungGen      total 97792K, used 8262K [0x00000000e0000000, 0x00000000e7080000, 0x0000000100000000)
  eden space 88576K, 0% used [0x00000000e0000000,0x00000000e0000000,0x00000000e5680000)
  from space 9216K, 89% used [0x00000000e6080000,0x00000000e6891ac8,0x00000000e6980000)
  to   space 10240K, 0% used [0x00000000e5680000,0x00000000e5680000,0x00000000e6080000)
 ParOldGen       total 41984K, used 12146K [0x00000000a0000000, 0x00000000a2900000, 0x00000000e0000000)
  object space 41984K, 28% used [0x00000000a0000000,0x00000000a0bdc850,0x00000000a2900000)
 Metaspace       used 30184K, capacity 30700K, committed 30976K, reserved 1075200K
  class space    used 4117K, capacity 4319K, committed 4352K, reserved 1048576K
}
Event: 10.195 GC heap before
{Heap before GC invocations=10 (full 1):
 PSYoungGen      total 97792K, used 63712K [0x00000000e0000000, 0x00000000e7080000, 0x0000000100000000)
  eden space 88576K, 62% used [0x00000000e0000000,0x00000000e3626740,0x00000000e5680000)
  from space 9216K, 89% used [0x00000000e6080000,0x00000000e6891ac8,0x00000000e6980000)
  to   space 10240K, 0% used [0x00000000e5680000,0x00000000e5680000,0x00000000e6080000)
 ParOldGen       total 41984K, used 12146K [0x00000000a0000000, 0x00000000a2900000, 0x00000000e0000000)
  object space 41984K, 28% used [0x00000000a0000000,0x00000000a0bdc850,0x00000000a2900000)
 Metaspace       used 34552K, capacity 35196K, committed 35416K, reserved 1079296K
  class space    used 4644K, capacity 4887K, committed 4952K, reserved 1048576K
Event: 10.207 GC heap after
Heap after GC invocations=10 (full 1):
 PSYoungGen      total 98816K, used 10232K [0x00000000e0000000, 0x00000000e8700000, 0x0000000100000000)
  eden space 88576K, 0% used [0x00000000e0000000,0x00000000e0000000,0x00000000e5680000)
  from space 10240K, 99% used [0x00000000e5680000,0x00000000e607e3c8,0x00000000e6080000)
  to   space 11776K, 0% used [0x00000000e7b80000,0x00000000e7b80000,0x00000000e8700000)
 ParOldGen       total 41984K, used 12178K [0x00000000a0000000, 0x00000000a2900000, 0x00000000e0000000)
  object space 41984K, 29% used [0x00000000a0000000,0x00000000a0be4b60,0x00000000a2900000)
 Metaspace       used 34552K, capacity 35196K, committed 35416K, reserved 1079296K
  class space    used 4644K, capacity 4887K, committed 4952K, reserved 1048576K
}
Event: 10.207 GC heap before
{Heap before GC invocations=11 (full 2):
 PSYoungGen      total 98816K, used 10232K [0x00000000e0000000, 0x00000000e8700000, 0x0000000100000000)
  eden space 88576K, 0% used [0x00000000e0000000,0x00000000e0000000,0x00000000e5680000)
  from space 10240K, 99% used [0x00000000e5680000,0x00000000e607e3c8,0x00000000e6080000)
  to   space 11776K, 0% used [0x00000000e7b80000,0x00000000e7b80000,0x00000000e8700000)
 ParOldGen       total 41984K, used 12178K [0x00000000a0000000, 0x00000000a2900000, 0x00000000e0000000)
  object space 41984K, 29% used [0x00000000a0000000,0x00000000a0be4b60,0x00000000a2900000)
 Metaspace       used 34552K, capacity 35196K, committed 35416K, reserved 1079296K
  class space    used 4644K, capacity 4887K, committed 4952K, reserved 1048576K
Event: 10.299 GC heap after
Heap after GC invocations=11 (full 2):
 PSYoungGen      total 98816K, used 0K [0x00000000e0000000, 0x00000000e8700000, 0x0000000100000000)
  eden space 88576K, 0% used [0x00000000e0000000,0x00000000e0000000,0x00000000e5680000)
  from space 10240K, 0% used [0x00000000e5680000,0x00000000e5680000,0x00000000e6080000)
  to   space 11776K, 0% used [0x00000000e7b80000,0x00000000e7b80000,0x00000000e8700000)
 ParOldGen       total 58368K, used 16248K [0x00000000a0000000, 0x00000000a3900000, 0x00000000e0000000)
  object space 58368K, 27% used [0x00000000a0000000,0x00000000a0fde368,0x00000000a3900000)
 Metaspace       used 34552K, capacity 35196K, committed 35416K, reserved 1079296K
  class space    used 4644K, capacity 4887K, committed 4952K, reserved 1048576K
}
Event: 12.672 GC heap before
{Heap before GC invocations=12 (full 2):
 PSYoungGen      total 98816K, used 88576K [0x00000000e0000000, 0x00000000e8700000, 0x0000000100000000)
  eden space 88576K, 100% used [0x00000000e0000000,0x00000000e5680000,0x00000000e5680000)
  from space 10240K, 0% used [0x00000000e5680000,0x00000000e5680000,0x00000000e6080000)
  to   space 11776K, 0% used [0x00000000e7b80000,0x00000000e7b80000,0x00000000e8700000)
 ParOldGen       total 58368K, used 16248K [0x00000000a0000000, 0x00000000a3900000, 0x00000000e0000000)
  object space 58368K, 27% used [0x00000000a0000000,0x00000000a0fde368,0x00000000a3900000)
 Metaspace       used 39930K, capacity 40694K, committed 41048K, reserved 1085440K
  class space    used 5345K, capacity 5600K, committed 5720K, reserved 1048576K
Event: 12.689 GC heap after
Heap after GC invocations=12 (full 2):
 PSYoungGen      total 125440K, used 8996K [0x00000000e0000000, 0x00000000e8700000, 0x0000000100000000)
  eden space 113664K, 0% used [0x00000000e0000000,0x00000000e0000000,0x00000000e6f00000)
  from space 11776K, 76% used [0x00000000e7b80000,0x00000000e84493f8,0x00000000e8700000)
  to   space 12288K, 0% used [0x00000000e6f00000,0x00000000e6f00000,0x00000000e7b00000)
 ParOldGen       total 58368K, used 16256K [0x00000000a0000000, 0x00000000a3900000, 0x00000000e0000000)
  object space 58368K, 27% used [0x00000000a0000000,0x00000000a0fe0368,0x00000000a3900000)
 Metaspace       used 39930K, capacity 40694K, committed 41048K, reserved 1085440K
  class space    used 5345K, capacity 5600K, committed 5720K, reserved 1048576K
}
Event: 15.234 GC heap before
{Heap before GC invocations=13 (full 2):
 PSYoungGen      total 125440K, used 122660K [0x00000000e0000000, 0x00000000e8700000, 0x0000000100000000)
  eden space 113664K, 100% used [0x00000000e0000000,0x00000000e6f00000,0x00000000e6f00000)
  from space 11776K, 76% used [0x00000000e7b80000,0x00000000e84493f8,0x00000000e8700000)
  to   space 12288K, 0% used [0x00000000e6f00000,0x00000000e6f00000,0x00000000e7b00000)
 ParOldGen       total 58368K, used 16256K [0x00000000a0000000, 0x00000000a3900000, 0x00000000e0000000)
  object space 58368K, 27% used [0x00000000a0000000,0x00000000a0fe0368,0x00000000a3900000)
 Metaspace       used 46645K, capacity 47776K, committed 48088K, reserved 1091584K
  class space    used 6225K, capacity 6569K, committed 6616K, reserved 1048576K
Event: 15.309 GC heap after
Heap after GC invocations=13 (full 2):
 PSYoungGen      total 125952K, used 12280K [0x00000000e0000000, 0x00000000eaf00000, 0x0000000100000000)
  eden space 113664K, 0% used [0x00000000e0000000,0x00000000e0000000,0x00000000e6f00000)
  from space 12288K, 99% used [0x00000000e6f00000,0x00000000e7afe0e0,0x00000000e7b00000)
  to   space 14848K, 0% used [0x00000000ea080000,0x00000000ea080000,0x00000000eaf00000)
 ParOldGen       total 58368K, used 17879K [0x00000000a0000000, 0x00000000a3900000, 0x00000000e0000000)
  object space 58368K, 30% used [0x00000000a0000000,0x00000000a1175d28,0x00000000a3900000)
 Metaspace       used 46645K, capacity 47776K, committed 48088K, reserved 1091584K
  class space    used 6225K, capacity 6569K, committed 6616K, reserved 1048576K
}

