# JRE version: OpenJDK Runtime Environment (8.0_152-b01) (build 1.8.0_152-release-915-b01)
# Java VM: OpenJDK 64-Bit Server VM (25.152-b01 mixed mode windows-amd64 compressed oops)
Heap:
 PSYoungGen      total 30720K, used 4947K [0x00000000e0000000, 0x00000000e2300000, 0x0000000100000000)
  eden space 25600K, 8% used [0x00000000e0000000,0x00000000e02111e8,0x00000000e1900000)
  from space 5120K, 55% used [0x00000000e1e00000,0x00000000e20c3c68,0x00000000e2300000)
  to   space 5120K, 0% used [0x00000000e1900000,0x00000000e1900000,0x00000000e1e00000)
 ParOldGen       total 34304K, used 20837K [0x00000000a0000000, 0x00000000a2180000, 0x00000000e0000000)
  object space 34304K, 60% used [0x00000000a0000000,0x00000000a1459478,0x00000000a2180000)
 Metaspace       used 41768K, capacity 42716K, committed 42880K, reserved 1085440K
  class space    used 5645K, capacity 5996K, committed 6016K, reserved 1048576K
GC Heap History (10 events):
Event: 50.842 GC heap before
{Heap before GC invocations=24 (full 2):
 PSYoungGen      total 17920K, used 17442K [0x00000000e0000000, 0x00000000e1a00000, 0x0000000100000000)
  eden space 15360K, 100% used [0x00000000e0000000,0x00000000e0f00000,0x00000000e0f00000)
  from space 2560K, 81% used [0x00000000e0f00000,0x00000000e11089c8,0x00000000e1180000)
  to   space 5632K, 0% used [0x00000000e1480000,0x00000000e1480000,0x00000000e1a00000)
 ParOldGen       total 34304K, used 15961K [0x00000000a0000000, 0x00000000a2180000, 0x00000000e0000000)
  object space 34304K, 46% used [0x00000000a0000000,0x00000000a0f965a0,0x00000000a2180000)
 Metaspace       used 37493K, capacity 38206K, committed 38528K, reserved 1083392K
  class space    used 5072K, capacity 5382K, committed 5504K, reserved 1048576K
Event: 50.849 GC heap after
Heap after GC invocations=24 (full 2):
 PSYoungGen      total 20992K, used 1534K [0x00000000e0000000, 0x00000000e1e80000, 0x0000000100000000)
  eden space 15360K, 0% used [0x00000000e0000000,0x00000000e0000000,0x00000000e0f00000)
  from space 5632K, 27% used [0x00000000e1480000,0x00000000e15ff848,0x00000000e1a00000)
  to   space 5632K, 0% used [0x00000000e0f00000,0x00000000e0f00000,0x00000000e1480000)
 ParOldGen       total 34304K, used 15961K [0x00000000a0000000, 0x00000000a2180000, 0x00000000e0000000)
  object space 34304K, 46% used [0x00000000a0000000,0x00000000a0f965a0,0x00000000a2180000)
 Metaspace       used 37493K, capacity 38206K, committed 38528K, reserved 1083392K
  class space    used 5072K, capacity 5382K, committed 5504K, reserved 1048576K
}
Event: 51.153 GC heap before
{Heap before GC invocations=25 (full 2):
 PSYoungGen      total 20992K, used 16894K [0x00000000e0000000, 0x00000000e1e80000, 0x0000000100000000)
  eden space 15360K, 100% used [0x00000000e0000000,0x00000000e0f00000,0x00000000e0f00000)
  from space 5632K, 27% used [0x00000000e1480000,0x00000000e15ff848,0x00000000e1a00000)
  to   space 5632K, 0% used [0x00000000e0f00000,0x00000000e0f00000,0x00000000e1480000)
 ParOldGen       total 34304K, used 15961K [0x00000000a0000000, 0x00000000a2180000, 0x00000000e0000000)
  object space 34304K, 46% used [0x00000000a0000000,0x00000000a0f965a0,0x00000000a2180000)
 Metaspace       used 37622K, capacity 38334K, committed 38528K, reserved 1083392K
  class space    used 5082K, capacity 5382K, committed 5504K, reserved 1048576K
Event: 51.161 GC heap after
Heap after GC invocations=25 (full 2):
 PSYoungGen      total 20992K, used 1472K [0x00000000e0000000, 0x00000000e1f00000, 0x0000000100000000)
  eden space 15360K, 0% used [0x00000000e0000000,0x00000000e0000000,0x00000000e0f00000)
  from space 5632K, 26% used [0x00000000e0f00000,0x00000000e1070000,0x00000000e1480000)
  to   space 5632K, 0% used [0x00000000e1980000,0x00000000e1980000,0x00000000e1f00000)
 ParOldGen       total 34304K, used 16529K [0x00000000a0000000, 0x00000000a2180000, 0x00000000e0000000)
  object space 34304K, 48% used [0x00000000a0000000,0x00000000a10245a0,0x00000000a2180000)
 Metaspace       used 37622K, capacity 38334K, committed 38528K, reserved 1083392K
  class space    used 5082K, capacity 5382K, committed 5504K, reserved 1048576K
}
Event: 53.195 GC heap before
{Heap before GC invocations=26 (full 2):
 PSYoungGen      total 20992K, used 16832K [0x00000000e0000000, 0x00000000e1f00000, 0x0000000100000000)
  eden space 15360K, 100% used [0x00000000e0000000,0x00000000e0f00000,0x00000000e0f00000)
  from space 5632K, 26% used [0x00000000e0f00000,0x00000000e1070000,0x00000000e1480000)
  to   space 5632K, 0% used [0x00000000e1980000,0x00000000e1980000,0x00000000e1f00000)
 ParOldGen       total 34304K, used 16529K [0x00000000a0000000, 0x00000000a2180000, 0x00000000e0000000)
  object space 34304K, 48% used [0x00000000a0000000,0x00000000a10245a0,0x00000000a2180000)
 Metaspace       used 39001K, capacity 39830K, committed 40192K, reserved 1083392K
  class space    used 5259K, capacity 5578K, committed 5632K, reserved 1048576K
Event: 53.204 GC heap after
Heap after GC invocations=26 (full 2):
 PSYoungGen      total 26112K, used 1460K [0x00000000e0000000, 0x00000000e1f00000, 0x0000000100000000)
  eden space 20480K, 0% used [0x00000000e0000000,0x00000000e0000000,0x00000000e1400000)
  from space 5632K, 25% used [0x00000000e1980000,0x00000000e1aed250,0x00000000e1f00000)
  to   space 5632K, 0% used [0x00000000e1400000,0x00000000e1400000,0x00000000e1980000)
 ParOldGen       total 34304K, used 17817K [0x00000000a0000000, 0x00000000a2180000, 0x00000000e0000000)
  object space 34304K, 51% used [0x00000000a0000000,0x00000000a11665a0,0x00000000a2180000)
 Metaspace       used 39001K, capacity 39830K, committed 40192K, reserved 1083392K
  class space    used 5259K, capacity 5578K, committed 5632K, reserved 1048576K
}
Event: 54.007 GC heap before
{Heap before GC invocations=27 (full 2):
 PSYoungGen      total 26112K, used 21940K [0x00000000e0000000, 0x00000000e1f00000, 0x0000000100000000)
  eden space 20480K, 100% used [0x00000000e0000000,0x00000000e1400000,0x00000000e1400000)
  from space 5632K, 25% used [0x00000000e1980000,0x00000000e1aed250,0x00000000e1f00000)
  to   space 5632K, 0% used [0x00000000e1400000,0x00000000e1400000,0x00000000e1980000)
 ParOldGen       total 34304K, used 17817K [0x00000000a0000000, 0x00000000a2180000, 0x00000000e0000000)
  object space 34304K, 51% used [0x00000000a0000000,0x00000000a11665a0,0x00000000a2180000)
 Metaspace       used 40335K, capacity 41152K, committed 41344K, reserved 1085440K
  class space    used 5403K, capacity 5715K, committed 5760K, reserved 1048576K
Event: 54.014 GC heap after
Heap after GC invocations=27 (full 2):
 PSYoungGen      total 26112K, used 3232K [0x00000000e0000000, 0x00000000e2380000, 0x0000000100000000)
  eden space 20480K, 0% used [0x00000000e0000000,0x00000000e0000000,0x00000000e1400000)
  from space 5632K, 57% used [0x00000000e1400000,0x00000000e1728188,0x00000000e1980000)
  to   space 5632K, 0% used [0x00000000e1e00000,0x00000000e1e00000,0x00000000e2380000)
 ParOldGen       total 34304K, used 18422K [0x00000000a0000000, 0x00000000a2180000, 0x00000000e0000000)
  object space 34304K, 53% used [0x00000000a0000000,0x00000000a11fd9b0,0x00000000a2180000)
 Metaspace       used 40335K, capacity 41152K, committed 41344K, reserved 1085440K
  class space    used 5403K, capacity 5715K, committed 5760K, reserved 1048576K
}
Event: 54.816 GC heap before
{Heap before GC invocations=28 (full 2):
 PSYoungGen      total 26112K, used 23712K [0x00000000e0000000, 0x00000000e2380000, 0x0000000100000000)
  eden space 20480K, 100% used [0x00000000e0000000,0x00000000e1400000,0x00000000e1400000)
  from space 5632K, 57% used [0x00000000e1400000,0x00000000e1728188,0x00000000e1980000)
  to   space 5632K, 0% used [0x00000000e1e00000,0x00000000e1e00000,0x00000000e2380000)
 ParOldGen       total 34304K, used 18422K [0x00000000a0000000, 0x00000000a2180000, 0x00000000e0000000)
  object space 34304K, 53% used [0x00000000a0000000,0x00000000a11fd9b0,0x00000000a2180000)
 Metaspace       used 41354K, capacity 42308K, committed 42624K, reserved 1085440K
  class space    used 5579K, capacity 5926K, committed 6016K, reserved 1048576K
Event: 54.825 GC heap after
Heap after GC invocations=28 (full 2):
 PSYoungGen      total 30720K, used 2831K [0x00000000e0000000, 0x00000000e2300000, 0x0000000100000000)
  eden space 25600K, 0% used [0x00000000e0000000,0x00000000e0000000,0x00000000e1900000)
  from space 5120K, 55% used [0x00000000e1e00000,0x00000000e20c3c68,0x00000000e2300000)
  to   space 5120K, 0% used [0x00000000e1900000,0x00000000e1900000,0x00000000e1e00000)
 ParOldGen       total 34304K, used 20837K [0x00000000a0000000, 0x00000000a2180000, 0x00000000e0000000)
  object space 34304K, 60% used [0x00000000a0000000,0x00000000a1459478,0x00000000a2180000)
 Metaspace       used 41354K, capacity 42308K, committed 42624K, reserved 1085440K
  class space    used 5579K, capacity 5926K, committed 6016K, reserved 1048576K
}

