# JRE version: OpenJDK Runtime Environment (8.0_152-b01) (build 1.8.0_152-release-915-b01)
# Java VM: OpenJDK 64-Bit Server VM (25.152-b01 mixed mode windows-amd64 compressed oops)
Heap:
 PSYoungGen      total 209408K, used 104097K [0x00000000e0000000, 0x00000000f1f80000, 0x0000000100000000)
  eden space 157184K, 33% used [0x00000000e0000000,0x00000000e34208e8,0x00000000e9980000)
  from space 52224K, 97% used [0x00000000e9980000,0x00000000ecb07d90,0x00000000ecc80000)
  to   space 60416K, 0% used [0x00000000ee480000,0x00000000ee480000,0x00000000f1f80000)
 ParOldGen       total 196096K, used 167422K [0x00000000a0000000, 0x00000000abf80000, 0x00000000e0000000)
  object space 196096K, 85% used [0x00000000a0000000,0x00000000aa37f890,0x00000000abf80000)
 Metaspace       used 64552K, capacity 66410K, committed 66776K, reserved 1107968K
  class space    used 8380K, capacity 8840K, committed 8920K, reserved 1048576K
GC Heap History (10 events):
Event: 122.343 GC heap before
{Heap before GC invocations=43 (full 6):
 PSYoungGen      total 174592K, used 20845K [0x00000000e0000000, 0x00000000eda00000, 0x0000000100000000)
  eden space 141312K, 0% used [0x00000000e0000000,0x00000000e0000000,0x00000000e8a00000)
  from space 33280K, 62% used [0x00000000e8a00000,0x00000000e9e5b690,0x00000000eaa80000)
  to   space 34304K, 0% used [0x00000000eb880000,0x00000000eb880000,0x00000000eda00000)
 ParOldGen       total 134656K, used 132275K [0x00000000a0000000, 0x00000000a8380000, 0x00000000e0000000)
  object space 134656K, 98% used [0x00000000a0000000,0x00000000a812ce00,0x00000000a8380000)
 Metaspace       used 64047K, capacity 65924K, committed 66264K, reserved 1105920K
  class space    used 8359K, capacity 8807K, committed 8920K, reserved 1048576K
Event: 123.144 GC heap after
Heap after GC invocations=43 (full 6):
 PSYoungGen      total 174592K, used 9496K [0x00000000e0000000, 0x00000000eda00000, 0x0000000100000000)
  eden space 141312K, 0% used [0x00000000e0000000,0x00000000e0000000,0x00000000e8a00000)
  from space 33280K, 28% used [0x00000000e8a00000,0x00000000e9346138,0x00000000eaa80000)
  to   space 34304K, 0% used [0x00000000eb880000,0x00000000eb880000,0x00000000eda00000)
 ParOldGen       total 196096K, used 134492K [0x00000000a0000000, 0x00000000abf80000, 0x00000000e0000000)
  object space 196096K, 68% used [0x00000000a0000000,0x00000000a8357270,0x00000000abf80000)
 Metaspace       used 64047K, capacity 65924K, committed 66264K, reserved 1105920K
  class space    used 8359K, capacity 8807K, committed 8920K, reserved 1048576K
}
Event: 123.934 GC heap before
{Heap before GC invocations=44 (full 6):
 PSYoungGen      total 174592K, used 150808K [0x00000000e0000000, 0x00000000eda00000, 0x0000000100000000)
  eden space 141312K, 100% used [0x00000000e0000000,0x00000000e8a00000,0x00000000e8a00000)
  from space 33280K, 28% used [0x00000000e8a00000,0x00000000e9346138,0x00000000eaa80000)
  to   space 34304K, 0% used [0x00000000eb880000,0x00000000eb880000,0x00000000eda00000)
 ParOldGen       total 196096K, used 134492K [0x00000000a0000000, 0x00000000abf80000, 0x00000000e0000000)
  object space 196096K, 68% used [0x00000000a0000000,0x00000000a8357270,0x00000000abf80000)
 Metaspace       used 64049K, capacity 65924K, committed 66264K, reserved 1105920K
  class space    used 8359K, capacity 8807K, committed 8920K, reserved 1048576K
Event: 124.019 GC heap after
Heap after GC invocations=44 (full 6):
 PSYoungGen      total 183808K, used 33563K [0x00000000e0000000, 0x00000000ee200000, 0x0000000100000000)
  eden space 149504K, 0% used [0x00000000e0000000,0x00000000e0000000,0x00000000e9200000)
  from space 34304K, 97% used [0x00000000eb880000,0x00000000ed946ef0,0x00000000eda00000)
  to   space 39424K, 0% used [0x00000000e9200000,0x00000000e9200000,0x00000000eb880000)
 ParOldGen       total 196096K, used 134492K [0x00000000a0000000, 0x00000000abf80000, 0x00000000e0000000)
  object space 196096K, 68% used [0x00000000a0000000,0x00000000a8357270,0x00000000abf80000)
 Metaspace       used 64049K, capacity 65924K, committed 66264K, reserved 1105920K
  class space    used 8359K, capacity 8807K, committed 8920K, reserved 1048576K
}
Event: 128.126 GC heap before
{Heap before GC invocations=45 (full 6):
 PSYoungGen      total 183808K, used 183067K [0x00000000e0000000, 0x00000000ee200000, 0x0000000100000000)
  eden space 149504K, 100% used [0x00000000e0000000,0x00000000e9200000,0x00000000e9200000)
  from space 34304K, 97% used [0x00000000eb880000,0x00000000ed946ef0,0x00000000eda00000)
  to   space 39424K, 0% used [0x00000000e9200000,0x00000000e9200000,0x00000000eb880000)
 ParOldGen       total 196096K, used 134492K [0x00000000a0000000, 0x00000000abf80000, 0x00000000e0000000)
  object space 196096K, 68% used [0x00000000a0000000,0x00000000a8357270,0x00000000abf80000)
 Metaspace       used 64107K, capacity 65930K, committed 66264K, reserved 1105920K
  class space    used 8361K, capacity 8808K, committed 8920K, reserved 1048576K
Event: 128.196 GC heap after
Heap after GC invocations=45 (full 6):
 PSYoungGen      total 188928K, used 39395K [0x00000000e0000000, 0x00000000efc80000, 0x0000000100000000)
  eden space 149504K, 0% used [0x00000000e0000000,0x00000000e0000000,0x00000000e9200000)
  from space 39424K, 99% used [0x00000000e9200000,0x00000000eb878dd8,0x00000000eb880000)
  to   space 49152K, 0% used [0x00000000ecc80000,0x00000000ecc80000,0x00000000efc80000)
 ParOldGen       total 196096K, used 143362K [0x00000000a0000000, 0x00000000abf80000, 0x00000000e0000000)
  object space 196096K, 73% used [0x00000000a0000000,0x00000000a8c008b0,0x00000000abf80000)
 Metaspace       used 64107K, capacity 65930K, committed 66264K, reserved 1105920K
  class space    used 8361K, capacity 8808K, committed 8920K, reserved 1048576K
}
Event: 129.248 GC heap before
{Heap before GC invocations=46 (full 6):
 PSYoungGen      total 188928K, used 188899K [0x00000000e0000000, 0x00000000efc80000, 0x0000000100000000)
  eden space 149504K, 100% used [0x00000000e0000000,0x00000000e9200000,0x00000000e9200000)
  from space 39424K, 99% used [0x00000000e9200000,0x00000000eb878dd8,0x00000000eb880000)
  to   space 49152K, 0% used [0x00000000ecc80000,0x00000000ecc80000,0x00000000efc80000)
 ParOldGen       total 196096K, used 143362K [0x00000000a0000000, 0x00000000abf80000, 0x00000000e0000000)
  object space 196096K, 73% used [0x00000000a0000000,0x00000000a8c008b0,0x00000000abf80000)
 Metaspace       used 64110K, capacity 65930K, committed 66264K, reserved 1105920K
  class space    used 8361K, capacity 8808K, committed 8920K, reserved 1048576K
Event: 129.326 GC heap after
Heap after GC invocations=46 (full 6):
 PSYoungGen      total 206336K, used 34890K [0x00000000e0000000, 0x00000000f0480000, 0x0000000100000000)
  eden space 157184K, 0% used [0x00000000e0000000,0x00000000e0000000,0x00000000e9980000)
  from space 49152K, 70% used [0x00000000ecc80000,0x00000000eee92928,0x00000000efc80000)
  to   space 52224K, 0% used [0x00000000e9980000,0x00000000e9980000,0x00000000ecc80000)
 ParOldGen       total 196096K, used 167422K [0x00000000a0000000, 0x00000000abf80000, 0x00000000e0000000)
  object space 196096K, 85% used [0x00000000a0000000,0x00000000aa37f890,0x00000000abf80000)
 Metaspace       used 64110K, capacity 65930K, committed 66264K, reserved 1105920K
  class space    used 8361K, capacity 8808K, committed 8920K, reserved 1048576K
}
Event: 129.943 GC heap before
{Heap before GC invocations=47 (full 6):
 PSYoungGen      total 206336K, used 192074K [0x00000000e0000000, 0x00000000f0480000, 0x0000000100000000)
  eden space 157184K, 100% used [0x00000000e0000000,0x00000000e9980000,0x00000000e9980000)
  from space 49152K, 70% used [0x00000000ecc80000,0x00000000eee92928,0x00000000efc80000)
  to   space 52224K, 0% used [0x00000000e9980000,0x00000000e9980000,0x00000000ecc80000)
 ParOldGen       total 196096K, used 167422K [0x00000000a0000000, 0x00000000abf80000, 0x00000000e0000000)
  object space 196096K, 85% used [0x00000000a0000000,0x00000000aa37f890,0x00000000abf80000)
 Metaspace       used 64110K, capacity 65930K, committed 66264K, reserved 1105920K
  class space    used 8361K, capacity 8808K, committed 8920K, reserved 1048576K
Event: 130.048 GC heap after
Heap after GC invocations=47 (full 6):
 PSYoungGen      total 209408K, used 50719K [0x00000000e0000000, 0x00000000f1f80000, 0x0000000100000000)
  eden space 157184K, 0% used [0x00000000e0000000,0x00000000e0000000,0x00000000e9980000)
  from space 52224K, 97% used [0x00000000e9980000,0x00000000ecb07d90,0x00000000ecc80000)
  to   space 60416K, 0% used [0x00000000ee480000,0x00000000ee480000,0x00000000f1f80000)
 ParOldGen       total 196096K, used 167422K [0x00000000a0000000, 0x00000000abf80000, 0x00000000e0000000)
  object space 196096K, 85% used [0x00000000a0000000,0x00000000aa37f890,0x00000000abf80000)
 Metaspace       used 64110K, capacity 65930K, committed 66264K, reserved 1105920K
  class space    used 8361K, capacity 8808K, committed 8920K, reserved 1048576K
}

