# JRE version: OpenJDK Runtime Environment (8.0_152-b02) (build 1.8.0_152-release-1024-b02)
# Java VM: OpenJDK 64-Bit Server VM (25.152-b02 mixed mode windows-amd64 compressed oops)
Heap:
 PSYoungGen      total 264192K, used 79534K [0x00000000e0000000, 0x00000000f1f00000, 0x0000000100000000)
  eden space 237568K, 33% used [0x00000000e0000000,0x00000000e4daba70,0x00000000ee800000)
  from space 26624K, 0% used [0x00000000f0200000,0x00000000f0200000,0x00000000f1c00000)
  to   space 26624K, 0% used [0x00000000ee800000,0x00000000ee800000,0x00000000f0200000)
 ParOldGen       total 85504K, used 41626K [0x00000000a0000000, 0x00000000a5380000, 0x00000000e0000000)
  object space 85504K, 48% used [0x00000000a0000000,0x00000000a28a6ad8,0x00000000a5380000)
 Metaspace       used 79005K, capacity 81852K, committed 83928K, reserved 1122304K
  class space    used 9992K, capacity 10595K, committed 11008K, reserved 1048576K
GC Heap History (10 events):
Event: 6743.693 GC heap before
{Heap before GC invocations=20 (full 3):
 PSYoungGen      total 200704K, used 200372K [0x00000000e0000000, 0x00000000ee080000, 0x0000000100000000)
  eden space 187392K, 100% used [0x00000000e0000000,0x00000000eb700000,0x00000000eb700000)
  from space 13312K, 97% used [0x00000000ed380000,0x00000000ee02d1c0,0x00000000ee080000)
  to   space 19968K, 0% used [0x00000000eb980000,0x00000000eb980000,0x00000000ecd00000)
 ParOldGen       total 85504K, used 53283K [0x00000000a0000000, 0x00000000a5380000, 0x00000000e0000000)
  object space 85504K, 62% used [0x00000000a0000000,0x00000000a3408ec0,0x00000000a5380000)
 Metaspace       used 79443K, capacity 83216K, committed 83416K, reserved 1122304K
  class space    used 10208K, capacity 10957K, committed 11008K, reserved 1048576K
Event: 6743.746 GC heap after
Heap after GC invocations=20 (full 3):
 PSYoungGen      total 200192K, used 19957K [0x00000000e0000000, 0x00000000ee200000, 0x0000000100000000)
  eden space 180224K, 0% used [0x00000000e0000000,0x00000000e0000000,0x00000000eb000000)
  from space 19968K, 99% used [0x00000000eb980000,0x00000000eccfd430,0x00000000ecd00000)
  to   space 21504K, 0% used [0x00000000ecd00000,0x00000000ecd00000,0x00000000ee200000)
 ParOldGen       total 85504K, used 61218K [0x00000000a0000000, 0x00000000a5380000, 0x00000000e0000000)
  object space 85504K, 71% used [0x00000000a0000000,0x00000000a3bc8ad8,0x00000000a5380000)
 Metaspace       used 79443K, capacity 83216K, committed 83416K, reserved 1122304K
  class space    used 10208K, capacity 10957K, committed 11008K, reserved 1048576K
}
Event: 6749.646 GC heap before
{Heap before GC invocations=21 (full 3):
 PSYoungGen      total 200192K, used 199494K [0x00000000e0000000, 0x00000000ee200000, 0x0000000100000000)
  eden space 180224K, 99% used [0x00000000e0000000,0x00000000eaf54770,0x00000000eb000000)
  from space 19968K, 99% used [0x00000000eb980000,0x00000000eccfd430,0x00000000ecd00000)
  to   space 21504K, 0% used [0x00000000ecd00000,0x00000000ecd00000,0x00000000ee200000)
 ParOldGen       total 85504K, used 61218K [0x00000000a0000000, 0x00000000a5380000, 0x00000000e0000000)
  object space 85504K, 71% used [0x00000000a0000000,0x00000000a3bc8ad8,0x00000000a5380000)
 Metaspace       used 79817K, capacity 83538K, committed 83672K, reserved 1122304K
  class space    used 10215K, capacity 10992K, committed 11008K, reserved 1048576K
Event: 6749.710 GC heap after
Heap after GC invocations=21 (full 3):
 PSYoungGen      total 190464K, used 17386K [0x00000000e0000000, 0x00000000ede00000, 0x0000000100000000)
  eden space 173056K, 0% used [0x00000000e0000000,0x00000000e0000000,0x00000000ea900000)
  from space 17408K, 99% used [0x00000000ecd00000,0x00000000eddfa828,0x00000000ede00000)
  to   space 26624K, 0% used [0x00000000eaa00000,0x00000000eaa00000,0x00000000ec400000)
 ParOldGen       total 85504K, used 63987K [0x00000000a0000000, 0x00000000a5380000, 0x00000000e0000000)
  object space 85504K, 74% used [0x00000000a0000000,0x00000000a3e7cfd8,0x00000000a5380000)
 Metaspace       used 79817K, capacity 83538K, committed 83672K, reserved 1122304K
  class space    used 10215K, capacity 10992K, committed 11008K, reserved 1048576K
}
Event: 6749.735 GC heap before
{Heap before GC invocations=22 (full 3):
 PSYoungGen      total 190464K, used 190336K [0x00000000e0000000, 0x00000000ede00000, 0x0000000100000000)
  eden space 173056K, 99% used [0x00000000e0000000,0x00000000ea8e5ac8,0x00000000ea900000)
  from space 17408K, 99% used [0x00000000ecd00000,0x00000000eddfa828,0x00000000ede00000)
  to   space 26624K, 0% used [0x00000000eaa00000,0x00000000eaa00000,0x00000000ec400000)
 ParOldGen       total 85504K, used 63987K [0x00000000a0000000, 0x00000000a5380000, 0x00000000e0000000)
  object space 85504K, 74% used [0x00000000a0000000,0x00000000a3e7cfd8,0x00000000a5380000)
 Metaspace       used 79826K, capacity 83538K, committed 83672K, reserved 1122304K
  class space    used 10215K, capacity 10992K, committed 11008K, reserved 1048576K
Event: 6749.753 GC heap after
Heap after GC invocations=22 (full 3):
 PSYoungGen      total 200704K, used 16405K [0x00000000e0000000, 0x00000000f1c00000, 0x0000000100000000)
  eden space 174080K, 0% used [0x00000000e0000000,0x00000000e0000000,0x00000000eaa00000)
  from space 26624K, 61% used [0x00000000eaa00000,0x00000000eba056e0,0x00000000ec400000)
  to   space 26624K, 0% used [0x00000000f0200000,0x00000000f0200000,0x00000000f1c00000)
 ParOldGen       total 85504K, used 63995K [0x00000000a0000000, 0x00000000a5380000, 0x00000000e0000000)
  object space 85504K, 74% used [0x00000000a0000000,0x00000000a3e7efd8,0x00000000a5380000)
 Metaspace       used 79826K, capacity 83538K, committed 83672K, reserved 1122304K
  class space    used 10215K, capacity 10992K, committed 11008K, reserved 1048576K
}
Event: 6749.778 GC heap before
{Heap before GC invocations=23 (full 3):
 PSYoungGen      total 200704K, used 190412K [0x00000000e0000000, 0x00000000f1c00000, 0x0000000100000000)
  eden space 174080K, 99% used [0x00000000e0000000,0x00000000ea9eda40,0x00000000eaa00000)
  from space 26624K, 61% used [0x00000000eaa00000,0x00000000eba056e0,0x00000000ec400000)
  to   space 26624K, 0% used [0x00000000f0200000,0x00000000f0200000,0x00000000f1c00000)
 ParOldGen       total 85504K, used 63995K [0x00000000a0000000, 0x00000000a5380000, 0x00000000e0000000)
  object space 85504K, 74% used [0x00000000a0000000,0x00000000a3e7efd8,0x00000000a5380000)
 Metaspace       used 79829K, capacity 83602K, committed 83672K, reserved 1122304K
  class space    used 10215K, capacity 10992K, committed 11008K, reserved 1048576K
Event: 6749.798 GC heap after
Heap after GC invocations=23 (full 3):
 PSYoungGen      total 264192K, used 4772K [0x00000000e0000000, 0x00000000f1f00000, 0x0000000100000000)
  eden space 237568K, 0% used [0x00000000e0000000,0x00000000e0000000,0x00000000ee800000)
  from space 26624K, 17% used [0x00000000f0200000,0x00000000f06a92c0,0x00000000f1c00000)
  to   space 26624K, 0% used [0x00000000ee800000,0x00000000ee800000,0x00000000f0200000)
 ParOldGen       total 85504K, used 74818K [0x00000000a0000000, 0x00000000a5380000, 0x00000000e0000000)
  object space 85504K, 87% used [0x00000000a0000000,0x00000000a4910a40,0x00000000a5380000)
 Metaspace       used 79829K, capacity 83602K, committed 83672K, reserved 1122304K
  class space    used 10215K, capacity 10992K, committed 11008K, reserved 1048576K
}
Event: 6749.809 GC heap before
{Heap before GC invocations=24 (full 4):
 PSYoungGen      total 264192K, used 4772K [0x00000000e0000000, 0x00000000f1f00000, 0x0000000100000000)
  eden space 237568K, 0% used [0x00000000e0000000,0x00000000e0000000,0x00000000ee800000)
  from space 26624K, 17% used [0x00000000f0200000,0x00000000f06a92c0,0x00000000f1c00000)
  to   space 26624K, 0% used [0x00000000ee800000,0x00000000ee800000,0x00000000f0200000)
 ParOldGen       total 85504K, used 74818K [0x00000000a0000000, 0x00000000a5380000, 0x00000000e0000000)
  object space 85504K, 87% used [0x00000000a0000000,0x00000000a4910a40,0x00000000a5380000)
 Metaspace       used 79829K, capacity 83602K, committed 83672K, reserved 1122304K
  class space    used 10215K, capacity 10992K, committed 11008K, reserved 1048576K
Event: 6751.978 GC heap after
Heap after GC invocations=24 (full 4):
 PSYoungGen      total 264192K, used 0K [0x00000000e0000000, 0x00000000f1f00000, 0x0000000100000000)
  eden space 237568K, 0% used [0x00000000e0000000,0x00000000e0000000,0x00000000ee800000)
  from space 26624K, 0% used [0x00000000f0200000,0x00000000f0200000,0x00000000f1c00000)
  to   space 26624K, 0% used [0x00000000ee800000,0x00000000ee800000,0x00000000f0200000)
 ParOldGen       total 85504K, used 41626K [0x00000000a0000000, 0x00000000a5380000, 0x00000000e0000000)
  object space 85504K, 48% used [0x00000000a0000000,0x00000000a28a6ad8,0x00000000a5380000)
 Metaspace       used 78791K, capacity 81586K, committed 83672K, reserved 1122304K
  class space    used 9976K, capacity 10554K, committed 11008K, reserved 1048576K
}

