# JRE version: OpenJDK Runtime Environment (8.0_152-b02) (build 1.8.0_152-release-1024-b02)
# Java VM: OpenJDK 64-Bit Server VM (25.152-b02 mixed mode windows-amd64 compressed oops)
Heap:
 PSYoungGen      total 131584K, used 27800K [0x00000000e0000000, 0x00000000eb180000, 0x0000000100000000)
  eden space 122880K, 15% used [0x00000000e0000000,0x00000000e12acd38,0x00000000e7800000)
  from space 8704K, 99% used [0x00000000e7800000,0x00000000e80792e8,0x00000000e8080000)
  to   space 13312K, 0% used [0x00000000ea480000,0x00000000ea480000,0x00000000eb180000)
 ParOldGen       total 51200K, used 17643K [0x00000000a0000000, 0x00000000a3200000, 0x00000000e0000000)
  object space 51200K, 34% used [0x00000000a0000000,0x00000000a113af70,0x00000000a3200000)
 Metaspace       used 42674K, capacity 43422K, committed 43480K, reserved 1087488K
  class space    used 5876K, capacity 6122K, committed 6144K, reserved 1048576K
GC Heap History (10 events):
Event: 5.736 GC heap before
{Heap before GC invocations=9 (full 1):
 PSYoungGen      total 70144K, used 62464K [0x00000000e0000000, 0x00000000e8a00000, 0x0000000100000000)
  eden space 62464K, 100% used [0x00000000e0000000,0x00000000e3d00000,0x00000000e3d00000)
  from space 7680K, 0% used [0x00000000e3d00000,0x00000000e3d00000,0x00000000e4480000)
  to   space 8192K, 0% used [0x00000000e8200000,0x00000000e8200000,0x00000000e8a00000)
 ParOldGen       total 36352K, used 8951K [0x00000000a0000000, 0x00000000a2380000, 0x00000000e0000000)
  object space 36352K, 24% used [0x00000000a0000000,0x00000000a08bdc78,0x00000000a2380000)
 Metaspace       used 26235K, capacity 26618K, committed 26880K, reserved 1073152K
  class space    used 3614K, capacity 3744K, committed 3840K, reserved 1048576K
Event: 5.747 GC heap after
Heap after GC invocations=9 (full 1):
 PSYoungGen      total 96768K, used 6722K [0x00000000e0000000, 0x00000000e8900000, 0x0000000100000000)
  eden space 89600K, 0% used [0x00000000e0000000,0x00000000e0000000,0x00000000e5780000)
  from space 7168K, 93% used [0x00000000e8200000,0x00000000e88908e8,0x00000000e8900000)
  to   space 8704K, 0% used [0x00000000e7800000,0x00000000e7800000,0x00000000e8080000)
 ParOldGen       total 36352K, used 8959K [0x00000000a0000000, 0x00000000a2380000, 0x00000000e0000000)
  object space 36352K, 24% used [0x00000000a0000000,0x00000000a08bfc78,0x00000000a2380000)
 Metaspace       used 26235K, capacity 26618K, committed 26880K, reserved 1073152K
  class space    used 3614K, capacity 3744K, committed 3840K, reserved 1048576K
}
Event: 8.145 GC heap before
{Heap before GC invocations=10 (full 1):
 PSYoungGen      total 96768K, used 96322K [0x00000000e0000000, 0x00000000e8900000, 0x0000000100000000)
  eden space 89600K, 100% used [0x00000000e0000000,0x00000000e5780000,0x00000000e5780000)
  from space 7168K, 93% used [0x00000000e8200000,0x00000000e88908e8,0x00000000e8900000)
  to   space 8704K, 0% used [0x00000000e7800000,0x00000000e7800000,0x00000000e8080000)
 ParOldGen       total 36352K, used 8959K [0x00000000a0000000, 0x00000000a2380000, 0x00000000e0000000)
  object space 36352K, 24% used [0x00000000a0000000,0x00000000a08bfc78,0x00000000a2380000)
 Metaspace       used 34490K, capacity 34918K, committed 35200K, reserved 1079296K
  class space    used 4743K, capacity 4919K, committed 4992K, reserved 1048576K
Event: 8.166 GC heap after
Heap after GC invocations=10 (full 1):
 PSYoungGen      total 119296K, used 8689K [0x00000000e0000000, 0x00000000e8280000, 0x0000000100000000)
  eden space 110592K, 0% used [0x00000000e0000000,0x00000000e0000000,0x00000000e6c00000)
  from space 8704K, 99% used [0x00000000e7800000,0x00000000e807c610,0x00000000e8080000)
  to   space 2048K, 0% used [0x00000000e8080000,0x00000000e8080000,0x00000000e8280000)
 ParOldGen       total 36352K, used 13008K [0x00000000a0000000, 0x00000000a2380000, 0x00000000e0000000)
  object space 36352K, 35% used [0x00000000a0000000,0x00000000a0cb42b0,0x00000000a2380000)
 Metaspace       used 34490K, capacity 34918K, committed 35200K, reserved 1079296K
  class space    used 4743K, capacity 4919K, committed 4992K, reserved 1048576K
}
Event: 8.208 GC heap before
{Heap before GC invocations=11 (full 1):
 PSYoungGen      total 119296K, used 12498K [0x00000000e0000000, 0x00000000e8280000, 0x0000000100000000)
  eden space 110592K, 3% used [0x00000000e0000000,0x00000000e03b8470,0x00000000e6c00000)
  from space 8704K, 99% used [0x00000000e7800000,0x00000000e807c610,0x00000000e8080000)
  to   space 2048K, 0% used [0x00000000e8080000,0x00000000e8080000,0x00000000e8280000)
 ParOldGen       total 36352K, used 13008K [0x00000000a0000000, 0x00000000a2380000, 0x00000000e0000000)
  object space 36352K, 35% used [0x00000000a0000000,0x00000000a0cb42b0,0x00000000a2380000)
 Metaspace       used 34864K, capacity 35354K, committed 35416K, reserved 1079296K
  class space    used 4779K, capacity 4955K, committed 4992K, reserved 1048576K
Event: 8.230 GC heap after
Heap after GC invocations=11 (full 1):
 PSYoungGen      total 112640K, used 2048K [0x00000000e0000000, 0x00000000e8280000, 0x0000000100000000)
  eden space 110592K, 0% used [0x00000000e0000000,0x00000000e0000000,0x00000000e6c00000)
  from space 2048K, 100% used [0x00000000e8080000,0x00000000e8280000,0x00000000e8280000)
  to   space 8704K, 0% used [0x00000000e7800000,0x00000000e7800000,0x00000000e8080000)
 ParOldGen       total 36352K, used 17978K [0x00000000a0000000, 0x00000000a2380000, 0x00000000e0000000)
  object space 36352K, 49% used [0x00000000a0000000,0x00000000a118eaa8,0x00000000a2380000)
 Metaspace       used 34864K, capacity 35354K, committed 35416K, reserved 1079296K
  class space    used 4779K, capacity 4955K, committed 4992K, reserved 1048576K
}
Event: 8.230 GC heap before
{Heap before GC invocations=12 (full 2):
 PSYoungGen      total 112640K, used 2048K [0x00000000e0000000, 0x00000000e8280000, 0x0000000100000000)
  eden space 110592K, 0% used [0x00000000e0000000,0x00000000e0000000,0x00000000e6c00000)
  from space 2048K, 100% used [0x00000000e8080000,0x00000000e8280000,0x00000000e8280000)
  to   space 8704K, 0% used [0x00000000e7800000,0x00000000e7800000,0x00000000e8080000)
 ParOldGen       total 36352K, used 17978K [0x00000000a0000000, 0x00000000a2380000, 0x00000000e0000000)
  object space 36352K, 49% used [0x00000000a0000000,0x00000000a118eaa8,0x00000000a2380000)
 Metaspace       used 34864K, capacity 35354K, committed 35416K, reserved 1079296K
  class space    used 4779K, capacity 4955K, committed 4992K, reserved 1048576K
Event: 8.335 GC heap after
Heap after GC invocations=12 (full 2):
 PSYoungGen      total 112640K, used 0K [0x00000000e0000000, 0x00000000e8280000, 0x0000000100000000)
  eden space 110592K, 0% used [0x00000000e0000000,0x00000000e0000000,0x00000000e6c00000)
  from space 2048K, 0% used [0x00000000e8080000,0x00000000e8080000,0x00000000e8280000)
  to   space 8704K, 0% used [0x00000000e7800000,0x00000000e7800000,0x00000000e8080000)
 ParOldGen       total 51200K, used 14461K [0x00000000a0000000, 0x00000000a3200000, 0x00000000e0000000)
  object space 51200K, 28% used [0x00000000a0000000,0x00000000a0e1f580,0x00000000a3200000)
 Metaspace       used 34864K, capacity 35354K, committed 35416K, reserved 1079296K
  class space    used 4779K, capacity 4955K, committed 4992K, reserved 1048576K
}
Event: 10.402 GC heap before
{Heap before GC invocations=13 (full 2):
 PSYoungGen      total 112640K, used 110592K [0x00000000e0000000, 0x00000000e8280000, 0x0000000100000000)
  eden space 110592K, 100% used [0x00000000e0000000,0x00000000e6c00000,0x00000000e6c00000)
  from space 2048K, 0% used [0x00000000e8080000,0x00000000e8080000,0x00000000e8280000)
  to   space 8704K, 0% used [0x00000000e7800000,0x00000000e7800000,0x00000000e8080000)
 ParOldGen       total 51200K, used 14461K [0x00000000a0000000, 0x00000000a3200000, 0x00000000e0000000)
  object space 51200K, 28% used [0x00000000a0000000,0x00000000a0e1f580,0x00000000a3200000)
 Metaspace       used 41316K, capacity 42096K, committed 42200K, reserved 1085440K
  class space    used 5644K, capacity 5885K, committed 5888K, reserved 1048576K
Event: 10.421 GC heap after
Heap after GC invocations=13 (full 2):
 PSYoungGen      total 131584K, used 8676K [0x00000000e0000000, 0x00000000eb180000, 0x0000000100000000)
  eden space 122880K, 0% used [0x00000000e0000000,0x00000000e0000000,0x00000000e7800000)
  from space 8704K, 99% used [0x00000000e7800000,0x00000000e80792e8,0x00000000e8080000)
  to   space 13312K, 0% used [0x00000000ea480000,0x00000000ea480000,0x00000000eb180000)
 ParOldGen       total 51200K, used 17643K [0x00000000a0000000, 0x00000000a3200000, 0x00000000e0000000)
  object space 51200K, 34% used [0x00000000a0000000,0x00000000a113af70,0x00000000a3200000)
 Metaspace       used 41316K, capacity 42096K, committed 42200K, reserved 1085440K
  class space    used 5644K, capacity 5885K, committed 5888K, reserved 1048576K
}

