# JRE version: OpenJDK Runtime Environment (8.0_152-b01) (build 1.8.0_152-release-915-b01)
# Java VM: OpenJDK 64-Bit Server VM (25.152-b01 mixed mode windows-amd64 compressed oops)
Heap:
 PSYoungGen      total 163840K, used 17715K [0x00000000e0000000, 0x00000000ee480000, 0x0000000100000000)
  eden space 143360K, 12% used [0x00000000e0000000,0x00000000e114cf78,0x00000000e8c00000)
  from space 20480K, 0% used [0x00000000e8c00000,0x00000000e8c00000,0x00000000ea000000)
  to   space 26624K, 0% used [0x00000000eca80000,0x00000000eca80000,0x00000000ee480000)
 ParOldGen       total 55296K, used 43467K [0x00000000a0000000, 0x00000000a3600000, 0x00000000e0000000)
  object space 55296K, 78% used [0x00000000a0000000,0x00000000a2a72e70,0x00000000a3600000)
 Metaspace       used 56638K, capacity 59188K, committed 59284K, reserved 1099776K
  class space    used 7686K, capacity 8356K, committed 8448K, reserved 1048576K
GC Heap History (10 events):
Event: 24.312 GC heap before
{Heap before GC invocations=12 (full 2):
 PSYoungGen      total 103424K, used 92672K [0x00000000e0000000, 0x00000000e8a80000, 0x0000000100000000)
  eden space 92672K, 100% used [0x00000000e0000000,0x00000000e5a80000,0x00000000e5a80000)
  from space 10752K, 0% used [0x00000000e5a80000,0x00000000e5a80000,0x00000000e6500000)
  to   space 12288K, 0% used [0x00000000e7e80000,0x00000000e7e80000,0x00000000e8a80000)
 ParOldGen       total 55296K, used 16912K [0x00000000a0000000, 0x00000000a3600000, 0x00000000e0000000)
  object space 55296K, 30% used [0x00000000a0000000,0x00000000a10841a8,0x00000000a3600000)
 Metaspace       used 40632K, capacity 41528K, committed 41728K, reserved 1085440K
  class space    used 5473K, capacity 5796K, committed 5888K, reserved 1048576K
Event: 24.329 GC heap after
Heap after GC invocations=12 (full 2):
 PSYoungGen      total 129024K, used 9766K [0x00000000e0000000, 0x00000000e8e80000, 0x0000000100000000)
  eden space 116736K, 0% used [0x00000000e0000000,0x00000000e0000000,0x00000000e7200000)
  from space 12288K, 79% used [0x00000000e7e80000,0x00000000e8809a20,0x00000000e8a80000)
  to   space 12800K, 0% used [0x00000000e7200000,0x00000000e7200000,0x00000000e7e80000)
 ParOldGen       total 55296K, used 16920K [0x00000000a0000000, 0x00000000a3600000, 0x00000000e0000000)
  object space 55296K, 30% used [0x00000000a0000000,0x00000000a10861a8,0x00000000a3600000)
 Metaspace       used 40632K, capacity 41528K, committed 41728K, reserved 1085440K
  class space    used 5473K, capacity 5796K, committed 5888K, reserved 1048576K
}
Event: 31.437 GC heap before
{Heap before GC invocations=13 (full 2):
 PSYoungGen      total 129024K, used 126502K [0x00000000e0000000, 0x00000000e8e80000, 0x0000000100000000)
  eden space 116736K, 100% used [0x00000000e0000000,0x00000000e7200000,0x00000000e7200000)
  from space 12288K, 79% used [0x00000000e7e80000,0x00000000e8809a20,0x00000000e8a80000)
  to   space 12800K, 0% used [0x00000000e7200000,0x00000000e7200000,0x00000000e7e80000)
 ParOldGen       total 55296K, used 16920K [0x00000000a0000000, 0x00000000a3600000, 0x00000000e0000000)
  object space 55296K, 30% used [0x00000000a0000000,0x00000000a10861a8,0x00000000a3600000)
 Metaspace       used 47063K, capacity 48252K, committed 48512K, reserved 1091584K
  class space    used 6316K, capacity 6732K, committed 6784K, reserved 1048576K
Event: 31.452 GC heap after
Heap after GC invocations=13 (full 2):
 PSYoungGen      total 129536K, used 12791K [0x00000000e0000000, 0x00000000eaf00000, 0x0000000100000000)
  eden space 116736K, 0% used [0x00000000e0000000,0x00000000e0000000,0x00000000e7200000)
  from space 12800K, 99% used [0x00000000e7200000,0x00000000e7e7dda8,0x00000000e7e80000)
  to   space 15360K, 0% used [0x00000000ea000000,0x00000000ea000000,0x00000000eaf00000)
 ParOldGen       total 55296K, used 18079K [0x00000000a0000000, 0x00000000a3600000, 0x00000000e0000000)
  object space 55296K, 32% used [0x00000000a0000000,0x00000000a11a7f10,0x00000000a3600000)
 Metaspace       used 47063K, capacity 48252K, committed 48512K, reserved 1091584K
  class space    used 6316K, capacity 6732K, committed 6784K, reserved 1048576K
}
Event: 34.902 GC heap before
{Heap before GC invocations=14 (full 2):
 PSYoungGen      total 129536K, used 129527K [0x00000000e0000000, 0x00000000eaf00000, 0x0000000100000000)
  eden space 116736K, 100% used [0x00000000e0000000,0x00000000e7200000,0x00000000e7200000)
  from space 12800K, 99% used [0x00000000e7200000,0x00000000e7e7dda8,0x00000000e7e80000)
  to   space 15360K, 0% used [0x00000000ea000000,0x00000000ea000000,0x00000000eaf00000)
 ParOldGen       total 55296K, used 18079K [0x00000000a0000000, 0x00000000a3600000, 0x00000000e0000000)
  object space 55296K, 32% used [0x00000000a0000000,0x00000000a11a7f10,0x00000000a3600000)
 Metaspace       used 52252K, capacity 54004K, committed 54272K, reserved 1095680K
  class space    used 7184K, capacity 7644K, committed 7680K, reserved 1048576K
Event: 34.928 GC heap after
Heap after GC invocations=14 (full 2):
 PSYoungGen      total 158720K, used 15359K [0x00000000e0000000, 0x00000000ebb00000, 0x0000000100000000)
  eden space 143360K, 0% used [0x00000000e0000000,0x00000000e0000000,0x00000000e8c00000)
  from space 15360K, 99% used [0x00000000ea000000,0x00000000eaeffe30,0x00000000eaf00000)
  to   space 20480K, 0% used [0x00000000e8c00000,0x00000000e8c00000,0x00000000ea000000)
 ParOldGen       total 55296K, used 26120K [0x00000000a0000000, 0x00000000a3600000, 0x00000000e0000000)
  object space 55296K, 47% used [0x00000000a0000000,0x00000000a1982170,0x00000000a3600000)
 Metaspace       used 52252K, capacity 54004K, committed 54272K, reserved 1095680K
  class space    used 7184K, capacity 7644K, committed 7680K, reserved 1048576K
}
Event: 56.533 GC heap before
{Heap before GC invocations=15 (full 2):
 PSYoungGen      total 158720K, used 155787K [0x00000000e0000000, 0x00000000ebb00000, 0x0000000100000000)
  eden space 143360K, 97% used [0x00000000e0000000,0x00000000e8923048,0x00000000e8c00000)
  from space 15360K, 99% used [0x00000000ea000000,0x00000000eaeffe30,0x00000000eaf00000)
  to   space 20480K, 0% used [0x00000000e8c00000,0x00000000e8c00000,0x00000000ea000000)
 ParOldGen       total 55296K, used 26120K [0x00000000a0000000, 0x00000000a3600000, 0x00000000e0000000)
  object space 55296K, 47% used [0x00000000a0000000,0x00000000a1982170,0x00000000a3600000)
 Metaspace       used 56434K, capacity 58922K, committed 59028K, reserved 1099776K
  class space    used 7673K, capacity 8345K, committed 8448K, reserved 1048576K
Event: 56.571 GC heap after
Heap after GC invocations=15 (full 2):
 PSYoungGen      total 163840K, used 20471K [0x00000000e0000000, 0x00000000ee480000, 0x0000000100000000)
  eden space 143360K, 0% used [0x00000000e0000000,0x00000000e0000000,0x00000000e8c00000)
  from space 20480K, 99% used [0x00000000e8c00000,0x00000000e9ffdeb8,0x00000000ea000000)
  to   space 26624K, 0% used [0x00000000eca80000,0x00000000eca80000,0x00000000ee480000)
 ParOldGen       total 55296K, used 33625K [0x00000000a0000000, 0x00000000a3600000, 0x00000000e0000000)
  object space 55296K, 60% used [0x00000000a0000000,0x00000000a20d6678,0x00000000a3600000)
 Metaspace       used 56434K, capacity 58922K, committed 59028K, reserved 1099776K
  class space    used 7673K, capacity 8345K, committed 8448K, reserved 1048576K
}
Event: 56.571 GC heap before
{Heap before GC invocations=16 (full 3):
 PSYoungGen      total 163840K, used 20471K [0x00000000e0000000, 0x00000000ee480000, 0x0000000100000000)
  eden space 143360K, 0% used [0x00000000e0000000,0x00000000e0000000,0x00000000e8c00000)
  from space 20480K, 99% used [0x00000000e8c00000,0x00000000e9ffdeb8,0x00000000ea000000)
  to   space 26624K, 0% used [0x00000000eca80000,0x00000000eca80000,0x00000000ee480000)
 ParOldGen       total 55296K, used 33625K [0x00000000a0000000, 0x00000000a3600000, 0x00000000e0000000)
  object space 55296K, 60% used [0x00000000a0000000,0x00000000a20d6678,0x00000000a3600000)
 Metaspace       used 56434K, capacity 58922K, committed 59028K, reserved 1099776K
  class space    used 7673K, capacity 8345K, committed 8448K, reserved 1048576K
Event: 56.858 GC heap after
Heap after GC invocations=16 (full 3):
 PSYoungGen      total 163840K, used 0K [0x00000000e0000000, 0x00000000ee480000, 0x0000000100000000)
  eden space 143360K, 0% used [0x00000000e0000000,0x00000000e0000000,0x00000000e8c00000)
  from space 20480K, 0% used [0x00000000e8c00000,0x00000000e8c00000,0x00000000ea000000)
  to   space 26624K, 0% used [0x00000000eca80000,0x00000000eca80000,0x00000000ee480000)
 ParOldGen       total 55296K, used 43467K [0x00000000a0000000, 0x00000000a3600000, 0x00000000e0000000)
  object space 55296K, 78% used [0x00000000a0000000,0x00000000a2a72e70,0x00000000a3600000)
 Metaspace       used 56434K, capacity 58922K, committed 59028K, reserved 1099776K
  class space    used 7673K, capacity 8345K, committed 8448K, reserved 1048576K
}

