# JRE version: OpenJDK Runtime Environment (8.0_152-b02) (build 1.8.0_152-release-1024-b02)
# Java VM: OpenJDK 64-Bit Server VM (25.152-b02 mixed mode windows-amd64 compressed oops)
Heap:
 PSYoungGen      total 93696K, used 74487K [0x00000000e0000000, 0x00000000e7f00000, 0x0000000100000000)
  eden space 84480K, 88% used [0x00000000e0000000,0x00000000e48bdde8,0x00000000e5280000)
  from space 9216K, 0% used [0x00000000e5280000,0x00000000e5280000,0x00000000e5b80000)
  to   space 8704K, 0% used [0x00000000e7680000,0x00000000e7680000,0x00000000e7f00000)
 ParOldGen       total 51200K, used 16412K [0x00000000a0000000, 0x00000000a3200000, 0x00000000e0000000)
  object space 51200K, 32% used [0x00000000a0000000,0x00000000a1007310,0x00000000a3200000)
 Metaspace       used 38611K, capacity 39366K, committed 39640K, reserved 1083392K
  class space    used 5274K, capacity 5531K, committed 5632K, reserved 1048576K
GC Heap History (10 events):
Event: 7.635 GC heap before
{Heap before GC invocations=9 (full 1):
 PSYoungGen      total 68608K, used 5247K [0x00000000e0000000, 0x00000000e4b00000, 0x0000000100000000)
  eden space 61952K, 0% used [0x00000000e0000000,0x00000000e0000000,0x00000000e3c80000)
  from space 6656K, 78% used [0x00000000e4380000,0x00000000e489fe40,0x00000000e4a00000)
  to   space 7168K, 0% used [0x00000000e3c80000,0x00000000e3c80000,0x00000000e4380000)
 ParOldGen       total 42496K, used 7035K [0x00000000a0000000, 0x00000000a2980000, 0x00000000e0000000)
  object space 42496K, 16% used [0x00000000a0000000,0x00000000a06deec8,0x00000000a2980000)
 Metaspace       used 20786K, capacity 21184K, committed 21248K, reserved 1067008K
  class space    used 2902K, capacity 3038K, committed 3072K, reserved 1048576K
Event: 7.690 GC heap after
Heap after GC invocations=9 (full 1):
 PSYoungGen      total 68608K, used 0K [0x00000000e0000000, 0x00000000e4b00000, 0x0000000100000000)
  eden space 61952K, 0% used [0x00000000e0000000,0x00000000e0000000,0x00000000e3c80000)
  from space 6656K, 0% used [0x00000000e4380000,0x00000000e4380000,0x00000000e4a00000)
  to   space 7168K, 0% used [0x00000000e3c80000,0x00000000e3c80000,0x00000000e4380000)
 ParOldGen       total 32256K, used 8267K [0x00000000a0000000, 0x00000000a1f80000, 0x00000000e0000000)
  object space 32256K, 25% used [0x00000000a0000000,0x00000000a0812c40,0x00000000a1f80000)
 Metaspace       used 20786K, capacity 21184K, committed 21248K, reserved 1067008K
  class space    used 2902K, capacity 3038K, committed 3072K, reserved 1048576K
}
Event: 9.602 GC heap before
{Heap before GC invocations=10 (full 1):
 PSYoungGen      total 68608K, used 61952K [0x00000000e0000000, 0x00000000e4b00000, 0x0000000100000000)
  eden space 61952K, 100% used [0x00000000e0000000,0x00000000e3c80000,0x00000000e3c80000)
  from space 6656K, 0% used [0x00000000e4380000,0x00000000e4380000,0x00000000e4a00000)
  to   space 7168K, 0% used [0x00000000e3c80000,0x00000000e3c80000,0x00000000e4380000)
 ParOldGen       total 32256K, used 8267K [0x00000000a0000000, 0x00000000a1f80000, 0x00000000e0000000)
  object space 32256K, 25% used [0x00000000a0000000,0x00000000a0812c40,0x00000000a1f80000)
 Metaspace       used 26311K, capacity 26810K, committed 26880K, reserved 1073152K
  class space    used 3613K, capacity 3795K, committed 3840K, reserved 1048576K
Event: 9.619 GC heap after
Heap after GC invocations=10 (full 1):
 PSYoungGen      total 69120K, used 6859K [0x00000000e0000000, 0x00000000e6380000, 0x0000000100000000)
  eden space 61952K, 0% used [0x00000000e0000000,0x00000000e0000000,0x00000000e3c80000)
  from space 7168K, 95% used [0x00000000e3c80000,0x00000000e4332cc8,0x00000000e4380000)
  to   space 7680K, 0% used [0x00000000e5c00000,0x00000000e5c00000,0x00000000e6380000)
 ParOldGen       total 32256K, used 8275K [0x00000000a0000000, 0x00000000a1f80000, 0x00000000e0000000)
  object space 32256K, 25% used [0x00000000a0000000,0x00000000a0814c40,0x00000000a1f80000)
 Metaspace       used 26311K, capacity 26810K, committed 26880K, reserved 1073152K
  class space    used 3613K, capacity 3795K, committed 3840K, reserved 1048576K
}
Event: 16.270 GC heap before
{Heap before GC invocations=11 (full 1):
 PSYoungGen      total 69120K, used 68811K [0x00000000e0000000, 0x00000000e6380000, 0x0000000100000000)
  eden space 61952K, 100% used [0x00000000e0000000,0x00000000e3c80000,0x00000000e3c80000)
  from space 7168K, 95% used [0x00000000e3c80000,0x00000000e4332cc8,0x00000000e4380000)
  to   space 7680K, 0% used [0x00000000e5c00000,0x00000000e5c00000,0x00000000e6380000)
 ParOldGen       total 32256K, used 8275K [0x00000000a0000000, 0x00000000a1f80000, 0x00000000e0000000)
  object space 32256K, 25% used [0x00000000a0000000,0x00000000a0814c40,0x00000000a1f80000)
 Metaspace       used 29701K, capacity 30222K, committed 30592K, reserved 1075200K
  class space    used 4159K, capacity 4354K, committed 4480K, reserved 1048576K
Event: 16.282 GC heap after
Heap after GC invocations=11 (full 1):
 PSYoungGen      total 92160K, used 7655K [0x00000000e0000000, 0x00000000e6480000, 0x0000000100000000)
  eden space 84480K, 0% used [0x00000000e0000000,0x00000000e0000000,0x00000000e5280000)
  from space 7680K, 99% used [0x00000000e5c00000,0x00000000e6379f28,0x00000000e6380000)
  to   space 9216K, 0% used [0x00000000e5280000,0x00000000e5280000,0x00000000e5b80000)
 ParOldGen       total 32256K, used 9358K [0x00000000a0000000, 0x00000000a1f80000, 0x00000000e0000000)
  object space 32256K, 29% used [0x00000000a0000000,0x00000000a09239e8,0x00000000a1f80000)
 Metaspace       used 29701K, capacity 30222K, committed 30592K, reserved 1075200K
  class space    used 4159K, capacity 4354K, committed 4480K, reserved 1048576K
}
Event: 19.365 GC heap before
{Heap before GC invocations=12 (full 1):
 PSYoungGen      total 92160K, used 37231K [0x00000000e0000000, 0x00000000e6480000, 0x0000000100000000)
  eden space 84480K, 35% used [0x00000000e0000000,0x00000000e1ce20c0,0x00000000e5280000)
  from space 7680K, 99% used [0x00000000e5c00000,0x00000000e6379f28,0x00000000e6380000)
  to   space 9216K, 0% used [0x00000000e5280000,0x00000000e5280000,0x00000000e5b80000)
 ParOldGen       total 32256K, used 9358K [0x00000000a0000000, 0x00000000a1f80000, 0x00000000e0000000)
  object space 32256K, 29% used [0x00000000a0000000,0x00000000a09239e8,0x00000000a1f80000)
 Metaspace       used 34688K, capacity 35244K, committed 35416K, reserved 1079296K
  class space    used 4790K, capacity 4972K, committed 4992K, reserved 1048576K
Event: 19.378 GC heap after
Heap after GC invocations=12 (full 1):
 PSYoungGen      total 93696K, used 4474K [0x00000000e0000000, 0x00000000e7f00000, 0x0000000100000000)
  eden space 84480K, 0% used [0x00000000e0000000,0x00000000e0000000,0x00000000e5280000)
  from space 9216K, 48% used [0x00000000e5280000,0x00000000e56de968,0x00000000e5b80000)
  to   space 8704K, 0% used [0x00000000e7680000,0x00000000e7680000,0x00000000e7f00000)
 ParOldGen       total 32256K, used 14771K [0x00000000a0000000, 0x00000000a1f80000, 0x00000000e0000000)
  object space 32256K, 45% used [0x00000000a0000000,0x00000000a0e6cdd8,0x00000000a1f80000)
 Metaspace       used 34688K, capacity 35244K, committed 35416K, reserved 1079296K
  class space    used 4790K, capacity 4972K, committed 4992K, reserved 1048576K
}
Event: 19.378 GC heap before
{Heap before GC invocations=13 (full 2):
 PSYoungGen      total 93696K, used 4474K [0x00000000e0000000, 0x00000000e7f00000, 0x0000000100000000)
  eden space 84480K, 0% used [0x00000000e0000000,0x00000000e0000000,0x00000000e5280000)
  from space 9216K, 48% used [0x00000000e5280000,0x00000000e56de968,0x00000000e5b80000)
  to   space 8704K, 0% used [0x00000000e7680000,0x00000000e7680000,0x00000000e7f00000)
 ParOldGen       total 32256K, used 14771K [0x00000000a0000000, 0x00000000a1f80000, 0x00000000e0000000)
  object space 32256K, 45% used [0x00000000a0000000,0x00000000a0e6cdd8,0x00000000a1f80000)
 Metaspace       used 34688K, capacity 35244K, committed 35416K, reserved 1079296K
  class space    used 4790K, capacity 4972K, committed 4992K, reserved 1048576K
Event: 19.447 GC heap after
Heap after GC invocations=13 (full 2):
 PSYoungGen      total 93696K, used 0K [0x00000000e0000000, 0x00000000e7f00000, 0x0000000100000000)
  eden space 84480K, 0% used [0x00000000e0000000,0x00000000e0000000,0x00000000e5280000)
  from space 9216K, 0% used [0x00000000e5280000,0x00000000e5280000,0x00000000e5b80000)
  to   space 8704K, 0% used [0x00000000e7680000,0x00000000e7680000,0x00000000e7f00000)
 ParOldGen       total 51200K, used 16412K [0x00000000a0000000, 0x00000000a3200000, 0x00000000e0000000)
  object space 51200K, 32% used [0x00000000a0000000,0x00000000a1007310,0x00000000a3200000)
 Metaspace       used 34688K, capacity 35244K, committed 35416K, reserved 1079296K
  class space    used 4790K, capacity 4972K, committed 4992K, reserved 1048576K
}

