# JRE version: OpenJDK Runtime Environment (8.0_152-b01) (build 1.8.0_152-release-915-b01)
# Java VM: OpenJDK 64-Bit Server VM (25.152-b01 mixed mode windows-amd64 compressed oops)
Heap:
 PSYoungGen      total 44544K, used 14895K [0x00000000e0000000, 0x00000000e3800000, 0x0000000100000000)
  eden space 36864K, 40% used [0x00000000e0000000,0x00000000e0e8bf88,0x00000000e2400000)
  from space 7680K, 0% used [0x00000000e2d80000,0x00000000e2d80000,0x00000000e3500000)
  to   space 9728K, 0% used [0x00000000e2400000,0x00000000e2400000,0x00000000e2d80000)
 ParOldGen       total 58368K, used 15911K [0x00000000a0000000, 0x00000000a3900000, 0x00000000e0000000)
  object space 58368K, 27% used [0x00000000a0000000,0x00000000a0f89ef0,0x00000000a3900000)
 Metaspace       used 36382K, capacity 37074K, committed 37464K, reserved 1081344K
  class space    used 4922K, capacity 5149K, committed 5208K, reserved 1048576K
GC Heap History (10 events):
Event: 20.575 GC heap before
{Heap before GC invocations=14 (full 1):
 PSYoungGen      total 30720K, used 29593K [0x00000000e0000000, 0x00000000e2500000, 0x0000000100000000)
  eden space 24576K, 100% used [0x00000000e0000000,0x00000000e1800000,0x00000000e1800000)
  from space 6144K, 81% used [0x00000000e1e80000,0x00000000e2366708,0x00000000e2480000)
  to   space 6656K, 0% used [0x00000000e1800000,0x00000000e1800000,0x00000000e1e80000)
 ParOldGen       total 34816K, used 7438K [0x00000000a0000000, 0x00000000a2200000, 0x00000000e0000000)
  object space 34816K, 21% used [0x00000000a0000000,0x00000000a0743ba8,0x00000000a2200000)
 Metaspace       used 27823K, capacity 28396K, committed 28672K, reserved 1073152K
  class space    used 3876K, capacity 4063K, committed 4096K, reserved 1048576K
Event: 20.584 GC heap after
Heap after GC invocations=14 (full 1):
 PSYoungGen      total 31232K, used 6131K [0x00000000e0000000, 0x00000000e2d80000, 0x0000000100000000)
  eden space 24576K, 0% used [0x00000000e0000000,0x00000000e0000000,0x00000000e1800000)
  from space 6656K, 92% used [0x00000000e1800000,0x00000000e1dfcdf0,0x00000000e1e80000)
  to   space 7168K, 0% used [0x00000000e2680000,0x00000000e2680000,0x00000000e2d80000)
 ParOldGen       total 34816K, used 7446K [0x00000000a0000000, 0x00000000a2200000, 0x00000000e0000000)
  object space 34816K, 21% used [0x00000000a0000000,0x00000000a0745ba8,0x00000000a2200000)
 Metaspace       used 27823K, capacity 28396K, committed 28672K, reserved 1073152K
  class space    used 3876K, capacity 4063K, committed 4096K, reserved 1048576K
}
Event: 24.411 GC heap before
{Heap before GC invocations=15 (full 1):
 PSYoungGen      total 31232K, used 30707K [0x00000000e0000000, 0x00000000e2d80000, 0x0000000100000000)
  eden space 24576K, 100% used [0x00000000e0000000,0x00000000e1800000,0x00000000e1800000)
  from space 6656K, 92% used [0x00000000e1800000,0x00000000e1dfcdf0,0x00000000e1e80000)
  to   space 7168K, 0% used [0x00000000e2680000,0x00000000e2680000,0x00000000e2d80000)
 ParOldGen       total 34816K, used 7446K [0x00000000a0000000, 0x00000000a2200000, 0x00000000e0000000)
  object space 34816K, 21% used [0x00000000a0000000,0x00000000a0745ba8,0x00000000a2200000)
 Metaspace       used 30189K, capacity 30700K, committed 30976K, reserved 1075200K
  class space    used 4128K, capacity 4319K, committed 4352K, reserved 1048576K
Event: 24.420 GC heap after
Heap after GC invocations=15 (full 1):
 PSYoungGen      total 38400K, used 6198K [0x00000000e0000000, 0x00000000e2d80000, 0x0000000100000000)
  eden space 31232K, 0% used [0x00000000e0000000,0x00000000e0000000,0x00000000e1e80000)
  from space 7168K, 86% used [0x00000000e2680000,0x00000000e2c8d848,0x00000000e2d80000)
  to   space 7680K, 0% used [0x00000000e1e80000,0x00000000e1e80000,0x00000000e2600000)
 ParOldGen       total 34816K, used 7454K [0x00000000a0000000, 0x00000000a2200000, 0x00000000e0000000)
  object space 34816K, 21% used [0x00000000a0000000,0x00000000a0747ba8,0x00000000a2200000)
 Metaspace       used 30189K, capacity 30700K, committed 30976K, reserved 1075200K
  class space    used 4128K, capacity 4319K, committed 4352K, reserved 1048576K
}
Event: 29.769 GC heap before
{Heap before GC invocations=16 (full 1):
 PSYoungGen      total 38400K, used 37430K [0x00000000e0000000, 0x00000000e2d80000, 0x0000000100000000)
  eden space 31232K, 100% used [0x00000000e0000000,0x00000000e1e80000,0x00000000e1e80000)
  from space 7168K, 86% used [0x00000000e2680000,0x00000000e2c8d848,0x00000000e2d80000)
  to   space 7680K, 0% used [0x00000000e1e80000,0x00000000e1e80000,0x00000000e2600000)
 ParOldGen       total 34816K, used 7454K [0x00000000a0000000, 0x00000000a2200000, 0x00000000e0000000)
  object space 34816K, 21% used [0x00000000a0000000,0x00000000a0747ba8,0x00000000a2200000)
 Metaspace       used 30809K, capacity 31372K, committed 31616K, reserved 1077248K
  class space    used 4200K, capacity 4415K, committed 4480K, reserved 1048576K
Event: 29.776 GC heap after
Heap after GC invocations=16 (full 1):
 PSYoungGen      total 38912K, used 6081K [0x00000000e0000000, 0x00000000e3500000, 0x0000000100000000)
  eden space 31232K, 0% used [0x00000000e0000000,0x00000000e0000000,0x00000000e1e80000)
  from space 7680K, 79% used [0x00000000e1e80000,0x00000000e2470660,0x00000000e2600000)
  to   space 7680K, 0% used [0x00000000e2d80000,0x00000000e2d80000,0x00000000e3500000)
 ParOldGen       total 34816K, used 7526K [0x00000000a0000000, 0x00000000a2200000, 0x00000000e0000000)
  object space 34816K, 21% used [0x00000000a0000000,0x00000000a0759bb8,0x00000000a2200000)
 Metaspace       used 30809K, capacity 31372K, committed 31616K, reserved 1077248K
  class space    used 4200K, capacity 4415K, committed 4480K, reserved 1048576K
}
Event: 39.556 GC heap before
{Heap before GC invocations=17 (full 1):
 PSYoungGen      total 38912K, used 34549K [0x00000000e0000000, 0x00000000e3500000, 0x0000000100000000)
  eden space 31232K, 91% used [0x00000000e0000000,0x00000000e1bccfe0,0x00000000e1e80000)
  from space 7680K, 79% used [0x00000000e1e80000,0x00000000e2470660,0x00000000e2600000)
  to   space 7680K, 0% used [0x00000000e2d80000,0x00000000e2d80000,0x00000000e3500000)
 ParOldGen       total 34816K, used 7526K [0x00000000a0000000, 0x00000000a2200000, 0x00000000e0000000)
  object space 34816K, 21% used [0x00000000a0000000,0x00000000a0759bb8,0x00000000a2200000)
 Metaspace       used 34580K, capacity 35196K, committed 35416K, reserved 1079296K
  class space    used 4658K, capacity 4887K, committed 4952K, reserved 1048576K
Event: 39.575 GC heap after
Heap after GC invocations=17 (full 1):
 PSYoungGen      total 44544K, used 7652K [0x00000000e0000000, 0x00000000e3800000, 0x0000000100000000)
  eden space 36864K, 0% used [0x00000000e0000000,0x00000000e0000000,0x00000000e2400000)
  from space 7680K, 99% used [0x00000000e2d80000,0x00000000e34f9018,0x00000000e3500000)
  to   space 9728K, 0% used [0x00000000e2400000,0x00000000e2400000,0x00000000e2d80000)
 ParOldGen       total 34816K, used 9663K [0x00000000a0000000, 0x00000000a2200000, 0x00000000e0000000)
  object space 34816K, 27% used [0x00000000a0000000,0x00000000a096ff00,0x00000000a2200000)
 Metaspace       used 34580K, capacity 35196K, committed 35416K, reserved 1079296K
  class space    used 4658K, capacity 4887K, committed 4952K, reserved 1048576K
}
Event: 39.575 GC heap before
{Heap before GC invocations=18 (full 2):
 PSYoungGen      total 44544K, used 7652K [0x00000000e0000000, 0x00000000e3800000, 0x0000000100000000)
  eden space 36864K, 0% used [0x00000000e0000000,0x00000000e0000000,0x00000000e2400000)
  from space 7680K, 99% used [0x00000000e2d80000,0x00000000e34f9018,0x00000000e3500000)
  to   space 9728K, 0% used [0x00000000e2400000,0x00000000e2400000,0x00000000e2d80000)
 ParOldGen       total 34816K, used 9663K [0x00000000a0000000, 0x00000000a2200000, 0x00000000e0000000)
  object space 34816K, 27% used [0x00000000a0000000,0x00000000a096ff00,0x00000000a2200000)
 Metaspace       used 34580K, capacity 35196K, committed 35416K, reserved 1079296K
  class space    used 4658K, capacity 4887K, committed 4952K, reserved 1048576K
Event: 39.675 GC heap after
Heap after GC invocations=18 (full 2):
 PSYoungGen      total 44544K, used 0K [0x00000000e0000000, 0x00000000e3800000, 0x0000000100000000)
  eden space 36864K, 0% used [0x00000000e0000000,0x00000000e0000000,0x00000000e2400000)
  from space 7680K, 0% used [0x00000000e2d80000,0x00000000e2d80000,0x00000000e3500000)
  to   space 9728K, 0% used [0x00000000e2400000,0x00000000e2400000,0x00000000e2d80000)
 ParOldGen       total 58368K, used 15911K [0x00000000a0000000, 0x00000000a3900000, 0x00000000e0000000)
  object space 58368K, 27% used [0x00000000a0000000,0x00000000a0f89ef0,0x00000000a3900000)
 Metaspace       used 34580K, capacity 35196K, committed 35416K, reserved 1079296K
  class space    used 4658K, capacity 4887K, committed 4952K, reserved 1048576K
}

