# JRE version: OpenJDK Runtime Environment (8.0_152-b02) (build 1.8.0_152-release-1024-b02)
# Java VM: OpenJDK 64-Bit Server VM (25.152-b02 mixed mode windows-amd64 compressed oops)
Heap:
 PSYoungGen      total 63488K, used 36155K [0x00000000e0000000, 0x00000000e4880000, 0x0000000100000000)
  eden space 53760K, 55% used [0x00000000e0000000,0x00000000e1d460f8,0x00000000e3480000)
  from space 9728K, 63% used [0x00000000e3f00000,0x00000000e4508b88,0x00000000e4880000)
  to   space 10240K, 0% used [0x00000000e3480000,0x00000000e3480000,0x00000000e3e80000)
 ParOldGen       total 87040K, used 44648K [0x00000000a0000000, 0x00000000a5500000, 0x00000000e0000000)
  object space 87040K, 51% used [0x00000000a0000000,0x00000000a2b9a108,0x00000000a5500000)
 Metaspace       used 61927K, capacity 63732K, committed 64000K, reserved 1103872K
  class space    used 8252K, capacity 8683K, committed 8704K, reserved 1048576K
GC Heap History (10 events):
Event: 75.345 GC heap before
{Heap before GC invocations=33 (full 2):
 PSYoungGen      total 50176K, used 49099K [0x00000000e0000000, 0x00000000e3800000, 0x0000000100000000)
  eden space 44032K, 100% used [0x00000000e0000000,0x00000000e2b00000,0x00000000e2b00000)
  from space 6144K, 82% used [0x00000000e3180000,0x00000000e3672df8,0x00000000e3780000)
  to   space 6656K, 0% used [0x00000000e2b00000,0x00000000e2b00000,0x00000000e3180000)
 ParOldGen       total 50176K, used 27110K [0x00000000a0000000, 0x00000000a3100000, 0x00000000e0000000)
  object space 50176K, 54% used [0x00000000a0000000,0x00000000a1a798a0,0x00000000a3100000)
 Metaspace       used 54880K, capacity 56578K, committed 56832K, reserved 1097728K
  class space    used 7516K, capacity 7928K, committed 7936K, reserved 1048576K
Event: 75.359 GC heap after
Heap after GC invocations=33 (full 2):
 PSYoungGen      total 50688K, used 6624K [0x00000000e0000000, 0x00000000e4080000, 0x0000000100000000)
  eden space 44032K, 0% used [0x00000000e0000000,0x00000000e0000000,0x00000000e2b00000)
  from space 6656K, 99% used [0x00000000e2b00000,0x00000000e3178040,0x00000000e3180000)
  to   space 8192K, 0% used [0x00000000e3880000,0x00000000e3880000,0x00000000e4080000)
 ParOldGen       total 50176K, used 30152K [0x00000000a0000000, 0x00000000a3100000, 0x00000000e0000000)
  object space 50176K, 60% used [0x00000000a0000000,0x00000000a1d722d0,0x00000000a3100000)
 Metaspace       used 54880K, capacity 56578K, committed 56832K, reserved 1097728K
  class space    used 7516K, capacity 7928K, committed 7936K, reserved 1048576K
}
Event: 76.069 GC heap before
{Heap before GC invocations=34 (full 2):
 PSYoungGen      total 50688K, used 12654K [0x00000000e0000000, 0x00000000e4080000, 0x0000000100000000)
  eden space 44032K, 13% used [0x00000000e0000000,0x00000000e05e3970,0x00000000e2b00000)
  from space 6656K, 99% used [0x00000000e2b00000,0x00000000e3178040,0x00000000e3180000)
  to   space 8192K, 0% used [0x00000000e3880000,0x00000000e3880000,0x00000000e4080000)
 ParOldGen       total 50176K, used 30152K [0x00000000a0000000, 0x00000000a3100000, 0x00000000e0000000)
  object space 50176K, 60% used [0x00000000a0000000,0x00000000a1d722d0,0x00000000a3100000)
 Metaspace       used 57226K, capacity 58882K, committed 59008K, reserved 1099776K
  class space    used 7848K, capacity 8248K, committed 8320K, reserved 1048576K
Event: 76.081 GC heap after
Heap after GC invocations=34 (full 2):
 PSYoungGen      total 57344K, used 560K [0x00000000e0000000, 0x00000000e4300000, 0x0000000100000000)
  eden space 49152K, 0% used [0x00000000e0000000,0x00000000e0000000,0x00000000e3000000)
  from space 8192K, 6% used [0x00000000e3880000,0x00000000e390c020,0x00000000e4080000)
  to   space 8704K, 0% used [0x00000000e3000000,0x00000000e3000000,0x00000000e3880000)
 ParOldGen       total 50176K, used 36808K [0x00000000a0000000, 0x00000000a3100000, 0x00000000e0000000)
  object space 50176K, 73% used [0x00000000a0000000,0x00000000a23f23a0,0x00000000a3100000)
 Metaspace       used 57226K, capacity 58882K, committed 59008K, reserved 1099776K
  class space    used 7848K, capacity 8248K, committed 8320K, reserved 1048576K
}
Event: 76.081 GC heap before
{Heap before GC invocations=35 (full 3):
 PSYoungGen      total 57344K, used 560K [0x00000000e0000000, 0x00000000e4300000, 0x0000000100000000)
  eden space 49152K, 0% used [0x00000000e0000000,0x00000000e0000000,0x00000000e3000000)
  from space 8192K, 6% used [0x00000000e3880000,0x00000000e390c020,0x00000000e4080000)
  to   space 8704K, 0% used [0x00000000e3000000,0x00000000e3000000,0x00000000e3880000)
 ParOldGen       total 50176K, used 36808K [0x00000000a0000000, 0x00000000a3100000, 0x00000000e0000000)
  object space 50176K, 73% used [0x00000000a0000000,0x00000000a23f23a0,0x00000000a3100000)
 Metaspace       used 57226K, capacity 58882K, committed 59008K, reserved 1099776K
  class space    used 7848K, capacity 8248K, committed 8320K, reserved 1048576K
Event: 76.564 GC heap after
Heap after GC invocations=35 (full 3):
 PSYoungGen      total 57344K, used 0K [0x00000000e0000000, 0x00000000e4300000, 0x0000000100000000)
  eden space 49152K, 0% used [0x00000000e0000000,0x00000000e0000000,0x00000000e3000000)
  from space 8192K, 0% used [0x00000000e3880000,0x00000000e3880000,0x00000000e4080000)
  to   space 8704K, 0% used [0x00000000e3000000,0x00000000e3000000,0x00000000e3880000)
 ParOldGen       total 87040K, used 36030K [0x00000000a0000000, 0x00000000a5500000, 0x00000000e0000000)
  object space 87040K, 41% used [0x00000000a0000000,0x00000000a232f940,0x00000000a5500000)
 Metaspace       used 57226K, capacity 58882K, committed 59008K, reserved 1099776K
  class space    used 7848K, capacity 8248K, committed 8320K, reserved 1048576K
}
Event: 97.761 GC heap before
{Heap before GC invocations=36 (full 3):
 PSYoungGen      total 57344K, used 49152K [0x00000000e0000000, 0x00000000e4300000, 0x0000000100000000)
  eden space 49152K, 100% used [0x00000000e0000000,0x00000000e3000000,0x00000000e3000000)
  from space 8192K, 0% used [0x00000000e3880000,0x00000000e3880000,0x00000000e4080000)
  to   space 8704K, 0% used [0x00000000e3000000,0x00000000e3000000,0x00000000e3880000)
 ParOldGen       total 87040K, used 36030K [0x00000000a0000000, 0x00000000a5500000, 0x00000000e0000000)
  object space 87040K, 41% used [0x00000000a0000000,0x00000000a232f940,0x00000000a5500000)
 Metaspace       used 59297K, capacity 61032K, committed 61184K, reserved 1101824K
  class space    used 8010K, capacity 8409K, committed 8448K, reserved 1048576K
Event: 97.787 GC heap after
Heap after GC invocations=36 (full 3):
 PSYoungGen      total 57856K, used 8701K [0x00000000e0000000, 0x00000000e4900000, 0x0000000100000000)
  eden space 49152K, 0% used [0x00000000e0000000,0x00000000e0000000,0x00000000e3000000)
  from space 8704K, 99% used [0x00000000e3000000,0x00000000e387f570,0x00000000e3880000)
  to   space 10240K, 0% used [0x00000000e3f00000,0x00000000e3f00000,0x00000000e4900000)
 ParOldGen       total 87040K, used 36768K [0x00000000a0000000, 0x00000000a5500000, 0x00000000e0000000)
  object space 87040K, 42% used [0x00000000a0000000,0x00000000a23e81f8,0x00000000a5500000)
 Metaspace       used 59297K, capacity 61032K, committed 61184K, reserved 1101824K
  class space    used 8010K, capacity 8409K, committed 8448K, reserved 1048576K
}
Event: 125.458 GC heap before
{Heap before GC invocations=37 (full 3):
 PSYoungGen      total 57856K, used 57853K [0x00000000e0000000, 0x00000000e4900000, 0x0000000100000000)
  eden space 49152K, 100% used [0x00000000e0000000,0x00000000e3000000,0x00000000e3000000)
  from space 8704K, 99% used [0x00000000e3000000,0x00000000e387f570,0x00000000e3880000)
  to   space 10240K, 0% used [0x00000000e3f00000,0x00000000e3f00000,0x00000000e4900000)
 ParOldGen       total 87040K, used 36768K [0x00000000a0000000, 0x00000000a5500000, 0x00000000e0000000)
  object space 87040K, 42% used [0x00000000a0000000,0x00000000a23e81f8,0x00000000a5500000)
 Metaspace       used 61308K, capacity 63034K, committed 63232K, reserved 1103872K
  class space    used 8184K, capacity 8620K, committed 8704K, reserved 1048576K
Event: 125.492 GC heap after
Heap after GC invocations=37 (full 3):
 PSYoungGen      total 63488K, used 6178K [0x00000000e0000000, 0x00000000e4880000, 0x0000000100000000)
  eden space 53760K, 0% used [0x00000000e0000000,0x00000000e0000000,0x00000000e3480000)
  from space 9728K, 63% used [0x00000000e3f00000,0x00000000e4508b88,0x00000000e4880000)
  to   space 10240K, 0% used [0x00000000e3480000,0x00000000e3480000,0x00000000e3e80000)
 ParOldGen       total 87040K, used 44648K [0x00000000a0000000, 0x00000000a5500000, 0x00000000e0000000)
  object space 87040K, 51% used [0x00000000a0000000,0x00000000a2b9a108,0x00000000a5500000)
 Metaspace       used 61308K, capacity 63034K, committed 63232K, reserved 1103872K
  class space    used 8184K, capacity 8620K, committed 8704K, reserved 1048576K
}

