# JRE version: OpenJDK Runtime Environment (8.0_112-b06) (build 1.8.0_112-release-b06)
# Java VM: OpenJDK 64-Bit Server VM (25.112-b06 mixed mode windows-amd64 compressed oops)
Heap:
 PSYoungGen      total 378368K, used 304806K [0x00000000e0000000, 0x00000000fff80000, 0x0000000100000000)
  eden space 327168K, 87% used [0x00000000e0000000,0x00000000f16fc598,0x00000000f3f80000)
  from space 51200K, 37% used [0x00000000f3f80000,0x00000000f522d568,0x00000000f7180000)
  to   space 48128K, 0% used [0x00000000fd080000,0x00000000fd080000,0x00000000fff80000)
 ParOldGen       total 204800K, used 128577K [0x00000000a0000000, 0x00000000ac800000, 0x00000000e0000000)
  object space 204800K, 62% used [0x00000000a0000000,0x00000000a7d907d8,0x00000000ac800000)
 Metaspace       used 64120K, capacity 66386K, committed 67800K, reserved 1107968K
  class space    used 8247K, capacity 8650K, committed 8960K, reserved 1048576K
GC Heap History (10 events):
Event: 2589.396 GC heap before
{Heap before GC invocations=23 (full 3):
 PSYoungGen      total 229888K, used 228135K [0x00000000e0000000, 0x00000000f3a00000, 0x0000000100000000)
  eden space 205824K, 100% used [0x00000000e0000000,0x00000000ec900000,0x00000000ec900000)
  from space 24064K, 92% used [0x00000000ec900000,0x00000000edec9e28,0x00000000ee080000)
  to   space 27136K, 0% used [0x00000000f1f80000,0x00000000f1f80000,0x00000000f3a00000)
 ParOldGen       total 104448K, used 52165K [0x00000000a0000000, 0x00000000a6600000, 0x00000000e0000000)
  object space 104448K, 49% used [0x00000000a0000000,0x00000000a32f1700,0x00000000a6600000)
 Metaspace       used 63339K, capacity 66268K, committed 66520K, reserved 1107968K
  class space    used 8339K, capacity 8959K, committed 8960K, reserved 1048576K
Event: 2589.544 GC heap after
Heap after GC invocations=23 (full 3):
 PSYoungGen      total 281088K, used 27119K [0x00000000e0000000, 0x00000000f5780000, 0x0000000100000000)
  eden space 253952K, 0% used [0x00000000e0000000,0x00000000e0000000,0x00000000ef800000)
  from space 27136K, 99% used [0x00000000f1f80000,0x00000000f39fbf48,0x00000000f3a00000)
  to   space 40448K, 0% used [0x00000000ef800000,0x00000000ef800000,0x00000000f1f80000)
 ParOldGen       total 104448K, used 75797K [0x00000000a0000000, 0x00000000a6600000, 0x00000000e0000000)
  object space 104448K, 72% used [0x00000000a0000000,0x00000000a4a05468,0x00000000a6600000)
 Metaspace       used 63339K, capacity 66268K, committed 66520K, reserved 1107968K
  class space    used 8339K, capacity 8959K, committed 8960K, reserved 1048576K
}
Event: 2591.853 GC heap before
{Heap before GC invocations=24 (full 3):
 PSYoungGen      total 281088K, used 281071K [0x00000000e0000000, 0x00000000f5780000, 0x0000000100000000)
  eden space 253952K, 100% used [0x00000000e0000000,0x00000000ef800000,0x00000000ef800000)
  from space 27136K, 99% used [0x00000000f1f80000,0x00000000f39fbf48,0x00000000f3a00000)
  to   space 40448K, 0% used [0x00000000ef800000,0x00000000ef800000,0x00000000f1f80000)
 ParOldGen       total 104448K, used 75797K [0x00000000a0000000, 0x00000000a6600000, 0x00000000e0000000)
  object space 104448K, 72% used [0x00000000a0000000,0x00000000a4a05468,0x00000000a6600000)
 Metaspace       used 63427K, capacity 66460K, committed 66520K, reserved 1107968K
  class space    used 8339K, capacity 8959K, committed 8960K, reserved 1048576K
Event: 2591.919 GC heap after
Heap after GC invocations=24 (full 3):
 PSYoungGen      total 294400K, used 36014K [0x00000000e0000000, 0x00000000f9e00000, 0x0000000100000000)
  eden space 253952K, 0% used [0x00000000e0000000,0x00000000e0000000,0x00000000ef800000)
  from space 40448K, 89% used [0x00000000ef800000,0x00000000f1b2bb08,0x00000000f1f80000)
  to   space 45568K, 0% used [0x00000000f7180000,0x00000000f7180000,0x00000000f9e00000)
 ParOldGen       total 104448K, used 86461K [0x00000000a0000000, 0x00000000a6600000, 0x00000000e0000000)
  object space 104448K, 82% used [0x00000000a0000000,0x00000000a546f668,0x00000000a6600000)
 Metaspace       used 63427K, capacity 66460K, committed 66520K, reserved 1107968K
  class space    used 8339K, capacity 8959K, committed 8960K, reserved 1048576K
}
Event: 2594.166 GC heap before
{Heap before GC invocations=25 (full 3):
 PSYoungGen      total 294400K, used 289966K [0x00000000e0000000, 0x00000000f9e00000, 0x0000000100000000)
  eden space 253952K, 100% used [0x00000000e0000000,0x00000000ef800000,0x00000000ef800000)
  from space 40448K, 89% used [0x00000000ef800000,0x00000000f1b2bb08,0x00000000f1f80000)
  to   space 45568K, 0% used [0x00000000f7180000,0x00000000f7180000,0x00000000f9e00000)
 ParOldGen       total 104448K, used 86461K [0x00000000a0000000, 0x00000000a6600000, 0x00000000e0000000)
  object space 104448K, 82% used [0x00000000a0000000,0x00000000a546f668,0x00000000a6600000)
 Metaspace       used 63445K, capacity 66460K, committed 66520K, reserved 1107968K
  class space    used 8339K, capacity 8959K, committed 8960K, reserved 1048576K
Event: 2594.249 GC heap after
Heap after GC invocations=25 (full 3):
 PSYoungGen      total 372736K, used 40607K [0x00000000e0000000, 0x00000000fa900000, 0x0000000100000000)
  eden space 327168K, 0% used [0x00000000e0000000,0x00000000e0000000,0x00000000f3f80000)
  from space 45568K, 89% used [0x00000000f7180000,0x00000000f9927c70,0x00000000f9e00000)
  to   space 51200K, 0% used [0x00000000f3f80000,0x00000000f3f80000,0x00000000f7180000)
 ParOldGen       total 122368K, used 122102K [0x00000000a0000000, 0x00000000a7780000, 0x00000000e0000000)
  object space 122368K, 99% used [0x00000000a0000000,0x00000000a773d860,0x00000000a7780000)
 Metaspace       used 63445K, capacity 66460K, committed 66520K, reserved 1107968K
  class space    used 8339K, capacity 8959K, committed 8960K, reserved 1048576K
}
Event: 2594.262 GC heap before
{Heap before GC invocations=26 (full 4):
 PSYoungGen      total 372736K, used 40607K [0x00000000e0000000, 0x00000000fa900000, 0x0000000100000000)
  eden space 327168K, 0% used [0x00000000e0000000,0x00000000e0000000,0x00000000f3f80000)
  from space 45568K, 89% used [0x00000000f7180000,0x00000000f9927c70,0x00000000f9e00000)
  to   space 51200K, 0% used [0x00000000f3f80000,0x00000000f3f80000,0x00000000f7180000)
 ParOldGen       total 122368K, used 122102K [0x00000000a0000000, 0x00000000a7780000, 0x00000000e0000000)
  object space 122368K, 99% used [0x00000000a0000000,0x00000000a773d860,0x00000000a7780000)
 Metaspace       used 63445K, capacity 66460K, committed 66520K, reserved 1107968K
  class space    used 8339K, capacity 8959K, committed 8960K, reserved 1048576K
Event: 2600.618 GC heap after
Heap after GC invocations=26 (full 4):
 PSYoungGen      total 372736K, used 15330K [0x00000000e0000000, 0x00000000fa900000, 0x0000000100000000)
  eden space 327168K, 0% used [0x00000000e0000000,0x00000000e0000000,0x00000000f3f80000)
  from space 45568K, 33% used [0x00000000f7180000,0x00000000f8078a90,0x00000000f9e00000)
  to   space 51200K, 0% used [0x00000000f3f80000,0x00000000f3f80000,0x00000000f7180000)
 ParOldGen       total 204800K, used 122349K [0x00000000a0000000, 0x00000000ac800000, 0x00000000e0000000)
  object space 204800K, 59% used [0x00000000a0000000,0x00000000a777b7c8,0x00000000ac800000)
 Metaspace       used 61825K, capacity 63920K, committed 66520K, reserved 1107968K
  class space    used 7996K, capacity 8391K, committed 8960K, reserved 1048576K
}
Event: 2612.625 GC heap before
{Heap before GC invocations=27 (full 4):
 PSYoungGen      total 372736K, used 341534K [0x00000000e0000000, 0x00000000fa900000, 0x0000000100000000)
  eden space 327168K, 99% used [0x00000000e0000000,0x00000000f3e8ef08,0x00000000f3f80000)
  from space 45568K, 33% used [0x00000000f7180000,0x00000000f8078a90,0x00000000f9e00000)
  to   space 51200K, 0% used [0x00000000f3f80000,0x00000000f3f80000,0x00000000f7180000)
 ParOldGen       total 204800K, used 122349K [0x00000000a0000000, 0x00000000ac800000, 0x00000000e0000000)
  object space 204800K, 59% used [0x00000000a0000000,0x00000000a777b7c8,0x00000000ac800000)
 Metaspace       used 63412K, capacity 65578K, committed 67544K, reserved 1107968K
  class space    used 8182K, capacity 8574K, committed 8960K, reserved 1048576K
Event: 2612.680 GC heap after
Heap after GC invocations=27 (full 4):
 PSYoungGen      total 378368K, used 19125K [0x00000000e0000000, 0x00000000fff80000, 0x0000000100000000)
  eden space 327168K, 0% used [0x00000000e0000000,0x00000000e0000000,0x00000000f3f80000)
  from space 51200K, 37% used [0x00000000f3f80000,0x00000000f522d568,0x00000000f7180000)
  to   space 48128K, 0% used [0x00000000fd080000,0x00000000fd080000,0x00000000fff80000)
 ParOldGen       total 204800K, used 128577K [0x00000000a0000000, 0x00000000ac800000, 0x00000000e0000000)
  object space 204800K, 62% used [0x00000000a0000000,0x00000000a7d907d8,0x00000000ac800000)
 Metaspace       used 63412K, capacity 65578K, committed 67544K, reserved 1107968K
  class space    used 8182K, capacity 8574K, committed 8960K, reserved 1048576K
}

