# JRE version: OpenJDK Runtime Environment (8.0_152-b02) (build 1.8.0_152-release-1024-b02)
# Java VM: OpenJDK 64-Bit Server VM (25.152-b02 mixed mode windows-amd64 compressed oops)
Heap:
 PSYoungGen      total 131584K, used 46696K [0x00000000e0000000, 0x00000000e9100000, 0x0000000100000000)
  eden space 122880K, 38% used [0x00000000e0000000,0x00000000e2d9a310,0x00000000e7800000)
  from space 8704K, 0% used [0x00000000e7800000,0x00000000e7800000,0x00000000e8080000)
  to   space 11776K, 0% used [0x00000000e8580000,0x00000000e8580000,0x00000000e9100000)
 ParOldGen       total 58368K, used 19582K [0x00000000a0000000, 0x00000000a3900000, 0x00000000e0000000)
  object space 58368K, 33% used [0x00000000a0000000,0x00000000a131fb40,0x00000000a3900000)
 Metaspace       used 36401K, capacity 36902K, committed 37208K, reserved 1081344K
  class space    used 4964K, capacity 5153K, committed 5248K, reserved 1048576K
GC Heap History (10 events):
Event: 3.954 GC heap before
{Heap before GC invocations=7 (full 0):
 PSYoungGen      total 69120K, used 23494K [0x00000000e0000000, 0x00000000e4d00000, 0x0000000100000000)
  eden space 62464K, 27% used [0x00000000e0000000,0x00000000e10bf808,0x00000000e3d00000)
  from space 6656K, 95% used [0x00000000e4480000,0x00000000e4ab2310,0x00000000e4b00000)
  to   space 7680K, 0% used [0x00000000e3d00000,0x00000000e3d00000,0x00000000e4480000)
 ParOldGen       total 42496K, used 6623K [0x00000000a0000000, 0x00000000a2980000, 0x00000000e0000000)
  object space 42496K, 15% used [0x00000000a0000000,0x00000000a0677ca8,0x00000000a2980000)
 Metaspace       used 20782K, capacity 21146K, committed 21248K, reserved 1067008K
  class space    used 2900K, capacity 3017K, committed 3072K, reserved 1048576K
Event: 3.971 GC heap after
Heap after GC invocations=7 (full 0):
 PSYoungGen      total 70144K, used 6152K [0x00000000e0000000, 0x00000000e8a00000, 0x0000000100000000)
  eden space 62464K, 0% used [0x00000000e0000000,0x00000000e0000000,0x00000000e3d00000)
  from space 7680K, 80% used [0x00000000e3d00000,0x00000000e43023e8,0x00000000e4480000)
  to   space 8192K, 0% used [0x00000000e8200000,0x00000000e8200000,0x00000000e8a00000)
 ParOldGen       total 42496K, used 7399K [0x00000000a0000000, 0x00000000a2980000, 0x00000000e0000000)
  object space 42496K, 17% used [0x00000000a0000000,0x00000000a0739ce8,0x00000000a2980000)
 Metaspace       used 20782K, capacity 21146K, committed 21248K, reserved 1067008K
  class space    used 2900K, capacity 3017K, committed 3072K, reserved 1048576K
}
Event: 3.971 GC heap before
{Heap before GC invocations=8 (full 1):
 PSYoungGen      total 70144K, used 6152K [0x00000000e0000000, 0x00000000e8a00000, 0x0000000100000000)
  eden space 62464K, 0% used [0x00000000e0000000,0x00000000e0000000,0x00000000e3d00000)
  from space 7680K, 80% used [0x00000000e3d00000,0x00000000e43023e8,0x00000000e4480000)
  to   space 8192K, 0% used [0x00000000e8200000,0x00000000e8200000,0x00000000e8a00000)
 ParOldGen       total 42496K, used 7399K [0x00000000a0000000, 0x00000000a2980000, 0x00000000e0000000)
  object space 42496K, 17% used [0x00000000a0000000,0x00000000a0739ce8,0x00000000a2980000)
 Metaspace       used 20782K, capacity 21146K, committed 21248K, reserved 1067008K
  class space    used 2900K, capacity 3017K, committed 3072K, reserved 1048576K
Event: 4.035 GC heap after
Heap after GC invocations=8 (full 1):
 PSYoungGen      total 70144K, used 0K [0x00000000e0000000, 0x00000000e8a00000, 0x0000000100000000)
  eden space 62464K, 0% used [0x00000000e0000000,0x00000000e0000000,0x00000000e3d00000)
  from space 7680K, 0% used [0x00000000e3d00000,0x00000000e3d00000,0x00000000e4480000)
  to   space 8192K, 0% used [0x00000000e8200000,0x00000000e8200000,0x00000000e8a00000)
 ParOldGen       total 34304K, used 8380K [0x00000000a0000000, 0x00000000a2180000, 0x00000000e0000000)
  object space 34304K, 24% used [0x00000000a0000000,0x00000000a082f310,0x00000000a2180000)
 Metaspace       used 20782K, capacity 21146K, committed 21248K, reserved 1067008K
  class space    used 2900K, capacity 3017K, committed 3072K, reserved 1048576K
}
Event: 5.517 GC heap before
{Heap before GC invocations=9 (full 1):
 PSYoungGen      total 70144K, used 62464K [0x00000000e0000000, 0x00000000e8a00000, 0x0000000100000000)
  eden space 62464K, 100% used [0x00000000e0000000,0x00000000e3d00000,0x00000000e3d00000)
  from space 7680K, 0% used [0x00000000e3d00000,0x00000000e3d00000,0x00000000e4480000)
  to   space 8192K, 0% used [0x00000000e8200000,0x00000000e8200000,0x00000000e8a00000)
 ParOldGen       total 34304K, used 8380K [0x00000000a0000000, 0x00000000a2180000, 0x00000000e0000000)
  object space 34304K, 24% used [0x00000000a0000000,0x00000000a082f310,0x00000000a2180000)
 Metaspace       used 26262K, capacity 26618K, committed 26880K, reserved 1073152K
  class space    used 3615K, capacity 3744K, committed 3840K, reserved 1048576K
Event: 5.528 GC heap after
Heap after GC invocations=9 (full 1):
 PSYoungGen      total 103424K, used 6769K [0x00000000e0000000, 0x00000000e8900000, 0x0000000100000000)
  eden space 96256K, 0% used [0x00000000e0000000,0x00000000e0000000,0x00000000e5e00000)
  from space 7168K, 94% used [0x00000000e8200000,0x00000000e889c5b0,0x00000000e8900000)
  to   space 8704K, 0% used [0x00000000e7800000,0x00000000e7800000,0x00000000e8080000)
 ParOldGen       total 34304K, used 8388K [0x00000000a0000000, 0x00000000a2180000, 0x00000000e0000000)
  object space 34304K, 24% used [0x00000000a0000000,0x00000000a0831310,0x00000000a2180000)
 Metaspace       used 26262K, capacity 26618K, committed 26880K, reserved 1073152K
  class space    used 3615K, capacity 3744K, committed 3840K, reserved 1048576K
}
Event: 8.953 GC heap before
{Heap before GC invocations=10 (full 1):
 PSYoungGen      total 103424K, used 99449K [0x00000000e0000000, 0x00000000e8900000, 0x0000000100000000)
  eden space 96256K, 96% used [0x00000000e0000000,0x00000000e5a81fb0,0x00000000e5e00000)
  from space 7168K, 94% used [0x00000000e8200000,0x00000000e889c5b0,0x00000000e8900000)
  to   space 8704K, 0% used [0x00000000e7800000,0x00000000e7800000,0x00000000e8080000)
 ParOldGen       total 34304K, used 8388K [0x00000000a0000000, 0x00000000a2180000, 0x00000000e0000000)
  object space 34304K, 24% used [0x00000000a0000000,0x00000000a0831310,0x00000000a2180000)
 Metaspace       used 34870K, capacity 35354K, committed 35416K, reserved 1079296K
  class space    used 4779K, capacity 4955K, committed 4992K, reserved 1048576K
Event: 8.971 GC heap after
Heap after GC invocations=10 (full 1):
 PSYoungGen      total 131584K, used 8699K [0x00000000e0000000, 0x00000000e9100000, 0x0000000100000000)
  eden space 122880K, 0% used [0x00000000e0000000,0x00000000e0000000,0x00000000e7800000)
  from space 8704K, 99% used [0x00000000e7800000,0x00000000e807eff8,0x00000000e8080000)
  to   space 11776K, 0% used [0x00000000e8580000,0x00000000e8580000,0x00000000e9100000)
 ParOldGen       total 34304K, used 12765K [0x00000000a0000000, 0x00000000a2180000, 0x00000000e0000000)
  object space 34304K, 37% used [0x00000000a0000000,0x00000000a0c776f8,0x00000000a2180000)
 Metaspace       used 34870K, capacity 35354K, committed 35416K, reserved 1079296K
  class space    used 4779K, capacity 4955K, committed 4992K, reserved 1048576K
}
Event: 8.971 GC heap before
{Heap before GC invocations=11 (full 2):
 PSYoungGen      total 131584K, used 8699K [0x00000000e0000000, 0x00000000e9100000, 0x0000000100000000)
  eden space 122880K, 0% used [0x00000000e0000000,0x00000000e0000000,0x00000000e7800000)
  from space 8704K, 99% used [0x00000000e7800000,0x00000000e807eff8,0x00000000e8080000)
  to   space 11776K, 0% used [0x00000000e8580000,0x00000000e8580000,0x00000000e9100000)
 ParOldGen       total 34304K, used 12765K [0x00000000a0000000, 0x00000000a2180000, 0x00000000e0000000)
  object space 34304K, 37% used [0x00000000a0000000,0x00000000a0c776f8,0x00000000a2180000)
 Metaspace       used 34870K, capacity 35354K, committed 35416K, reserved 1079296K
  class space    used 4779K, capacity 4955K, committed 4992K, reserved 1048576K
Event: 9.053 GC heap after
Heap after GC invocations=11 (full 2):
 PSYoungGen      total 131584K, used 0K [0x00000000e0000000, 0x00000000e9100000, 0x0000000100000000)
  eden space 122880K, 0% used [0x00000000e0000000,0x00000000e0000000,0x00000000e7800000)
  from space 8704K, 0% used [0x00000000e7800000,0x00000000e7800000,0x00000000e8080000)
  to   space 11776K, 0% used [0x00000000e8580000,0x00000000e8580000,0x00000000e9100000)
 ParOldGen       total 58368K, used 19582K [0x00000000a0000000, 0x00000000a3900000, 0x00000000e0000000)
  object space 58368K, 33% used [0x00000000a0000000,0x00000000a131fb40,0x00000000a3900000)
 Metaspace       used 34870K, capacity 35354K, committed 35416K, reserved 1079296K
  class space    used 4779K, capacity 4955K, committed 4992K, reserved 1048576K
}

