# JRE version: OpenJDK Runtime Environment (8.0_152-b01) (build 1.8.0_152-release-915-b01)
# Java VM: OpenJDK 64-Bit Server VM (25.152-b01 mixed mode windows-amd64 compressed oops)
Heap:
 PSYoungGen      total 70144K, used 37388K [0x00000000e0000000, 0x00000000e4f00000, 0x0000000100000000)
  eden space 62464K, 47% used [0x00000000e0000000,0x00000000e1d05ed8,0x00000000e3d00000)
  from space 7680K, 99% used [0x00000000e4580000,0x00000000e4cfd188,0x00000000e4d00000)
  to   space 8704K, 0% used [0x00000000e3d00000,0x00000000e3d00000,0x00000000e4580000)
 ParOldGen       total 38400K, used 9281K [0x00000000a0000000, 0x00000000a2580000, 0x00000000e0000000)
  object space 38400K, 24% used [0x00000000a0000000,0x00000000a09107d8,0x00000000a2580000)
 Metaspace       used 30929K, capacity 31428K, committed 31616K, reserved 1077248K
  class space    used 4212K, capacity 4403K, committed 4480K, reserved 1048576K
GC Heap History (10 events):
Event: 2.439 GC heap before
{Heap before GC invocations=5 (full 0):
 PSYoungGen      total 34304K, used 34288K [0x00000000e0000000, 0x00000000e2400000, 0x0000000100000000)
  eden space 31744K, 100% used [0x00000000e0000000,0x00000000e1f00000,0x00000000e1f00000)
  from space 2560K, 99% used [0x00000000e2180000,0x00000000e23fc010,0x00000000e2400000)
  to   space 2560K, 0% used [0x00000000e1f00000,0x00000000e1f00000,0x00000000e2180000)
 ParOldGen       total 42496K, used 3727K [0x00000000a0000000, 0x00000000a2980000, 0x00000000e0000000)
  object space 42496K, 8% used [0x00000000a0000000,0x00000000a03a3d70,0x00000000a2980000)
 Metaspace       used 15381K, capacity 15654K, committed 15872K, reserved 1062912K
  class space    used 2171K, capacity 2275K, committed 2304K, reserved 1048576K
Event: 2.452 GC heap after
Heap after GC invocations=5 (full 0):
 PSYoungGen      total 34304K, used 2544K [0x00000000e0000000, 0x00000000e4d00000, 0x0000000100000000)
  eden space 31744K, 0% used [0x00000000e0000000,0x00000000e0000000,0x00000000e1f00000)
  from space 2560K, 99% used [0x00000000e1f00000,0x00000000e217c010,0x00000000e2180000)
  to   space 7680K, 0% used [0x00000000e4580000,0x00000000e4580000,0x00000000e4d00000)
 ParOldGen       total 42496K, used 8079K [0x00000000a0000000, 0x00000000a2980000, 0x00000000e0000000)
  object space 42496K, 19% used [0x00000000a0000000,0x00000000a07e3f20,0x00000000a2980000)
 Metaspace       used 15381K, capacity 15654K, committed 15872K, reserved 1062912K
  class space    used 2171K, capacity 2275K, committed 2304K, reserved 1048576K
}
Event: 4.795 GC heap before
{Heap before GC invocations=6 (full 0):
 PSYoungGen      total 34304K, used 32284K [0x00000000e0000000, 0x00000000e4d00000, 0x0000000100000000)
  eden space 31744K, 93% used [0x00000000e0000000,0x00000000e1d0b118,0x00000000e1f00000)
  from space 2560K, 99% used [0x00000000e1f00000,0x00000000e217c010,0x00000000e2180000)
  to   space 7680K, 0% used [0x00000000e4580000,0x00000000e4580000,0x00000000e4d00000)
 ParOldGen       total 42496K, used 8079K [0x00000000a0000000, 0x00000000a2980000, 0x00000000e0000000)
  object space 42496K, 19% used [0x00000000a0000000,0x00000000a07e3f20,0x00000000a2980000)
 Metaspace       used 20698K, capacity 21060K, committed 21248K, reserved 1067008K
  class space    used 2852K, capacity 2985K, committed 3072K, reserved 1048576K
Event: 4.812 GC heap after
Heap after GC invocations=6 (full 0):
 PSYoungGen      total 70144K, used 7364K [0x00000000e0000000, 0x00000000e4f00000, 0x0000000100000000)
  eden space 62464K, 0% used [0x00000000e0000000,0x00000000e0000000,0x00000000e3d00000)
  from space 7680K, 95% used [0x00000000e4580000,0x00000000e4cb1330,0x00000000e4d00000)
  to   space 8704K, 0% used [0x00000000e3d00000,0x00000000e3d00000,0x00000000e4580000)
 ParOldGen       total 42496K, used 8087K [0x00000000a0000000, 0x00000000a2980000, 0x00000000e0000000)
  object space 42496K, 19% used [0x00000000a0000000,0x00000000a07e5f20,0x00000000a2980000)
 Metaspace       used 20698K, capacity 21060K, committed 21248K, reserved 1067008K
  class space    used 2852K, capacity 2985K, committed 3072K, reserved 1048576K
}
Event: 4.812 GC heap before
{Heap before GC invocations=7 (full 1):
 PSYoungGen      total 70144K, used 7364K [0x00000000e0000000, 0x00000000e4f00000, 0x0000000100000000)
  eden space 62464K, 0% used [0x00000000e0000000,0x00000000e0000000,0x00000000e3d00000)
  from space 7680K, 95% used [0x00000000e4580000,0x00000000e4cb1330,0x00000000e4d00000)
  to   space 8704K, 0% used [0x00000000e3d00000,0x00000000e3d00000,0x00000000e4580000)
 ParOldGen       total 42496K, used 8087K [0x00000000a0000000, 0x00000000a2980000, 0x00000000e0000000)
  object space 42496K, 19% used [0x00000000a0000000,0x00000000a07e5f20,0x00000000a2980000)
 Metaspace       used 20698K, capacity 21060K, committed 21248K, reserved 1067008K
  class space    used 2852K, capacity 2985K, committed 3072K, reserved 1048576K
Event: 4.879 GC heap after
Heap after GC invocations=7 (full 1):
 PSYoungGen      total 70144K, used 0K [0x00000000e0000000, 0x00000000e4f00000, 0x0000000100000000)
  eden space 62464K, 0% used [0x00000000e0000000,0x00000000e0000000,0x00000000e3d00000)
  from space 7680K, 0% used [0x00000000e4580000,0x00000000e4580000,0x00000000e4d00000)
  to   space 8704K, 0% used [0x00000000e3d00000,0x00000000e3d00000,0x00000000e4580000)
 ParOldGen       total 38400K, used 9002K [0x00000000a0000000, 0x00000000a2580000, 0x00000000e0000000)
  object space 38400K, 23% used [0x00000000a0000000,0x00000000a08cabe0,0x00000000a2580000)
 Metaspace       used 20698K, capacity 21060K, committed 21248K, reserved 1067008K
  class space    used 2852K, capacity 2985K, committed 3072K, reserved 1048576K
}
Event: 7.184 GC heap before
{Heap before GC invocations=8 (full 1):
 PSYoungGen      total 70144K, used 62464K [0x00000000e0000000, 0x00000000e4f00000, 0x0000000100000000)
  eden space 62464K, 100% used [0x00000000e0000000,0x00000000e3d00000,0x00000000e3d00000)
  from space 7680K, 0% used [0x00000000e4580000,0x00000000e4580000,0x00000000e4d00000)
  to   space 8704K, 0% used [0x00000000e3d00000,0x00000000e3d00000,0x00000000e4580000)
 ParOldGen       total 38400K, used 9002K [0x00000000a0000000, 0x00000000a2580000, 0x00000000e0000000)
  object space 38400K, 23% used [0x00000000a0000000,0x00000000a08cabe0,0x00000000a2580000)
 Metaspace       used 25480K, capacity 25916K, committed 26240K, reserved 1071104K
  class space    used 3461K, capacity 3613K, committed 3712K, reserved 1048576K
Event: 7.197 GC heap after
Heap after GC invocations=8 (full 1):
 PSYoungGen      total 71168K, used 6802K [0x00000000e0000000, 0x00000000e4f00000, 0x0000000100000000)
  eden space 62464K, 0% used [0x00000000e0000000,0x00000000e0000000,0x00000000e3d00000)
  from space 8704K, 78% used [0x00000000e3d00000,0x00000000e43a4ac8,0x00000000e4580000)
  to   space 7680K, 0% used [0x00000000e4580000,0x00000000e4580000,0x00000000e4d00000)
 ParOldGen       total 38400K, used 9010K [0x00000000a0000000, 0x00000000a2580000, 0x00000000e0000000)
  object space 38400K, 23% used [0x00000000a0000000,0x00000000a08ccbe0,0x00000000a2580000)
 Metaspace       used 25480K, capacity 25916K, committed 26240K, reserved 1071104K
  class space    used 3461K, capacity 3613K, committed 3712K, reserved 1048576K
}
Event: 8.500 GC heap before
{Heap before GC invocations=9 (full 1):
 PSYoungGen      total 71168K, used 69266K [0x00000000e0000000, 0x00000000e4f00000, 0x0000000100000000)
  eden space 62464K, 100% used [0x00000000e0000000,0x00000000e3d00000,0x00000000e3d00000)
  from space 8704K, 78% used [0x00000000e3d00000,0x00000000e43a4ac8,0x00000000e4580000)
  to   space 7680K, 0% used [0x00000000e4580000,0x00000000e4580000,0x00000000e4d00000)
 ParOldGen       total 38400K, used 9010K [0x00000000a0000000, 0x00000000a2580000, 0x00000000e0000000)
  object space 38400K, 23% used [0x00000000a0000000,0x00000000a08ccbe0,0x00000000a2580000)
 Metaspace       used 29947K, capacity 30470K, committed 30720K, reserved 1075200K
  class space    used 4076K, capacity 4234K, committed 4352K, reserved 1048576K
Event: 8.515 GC heap after
Heap after GC invocations=9 (full 1):
 PSYoungGen      total 70144K, used 7668K [0x00000000e0000000, 0x00000000e4f00000, 0x0000000100000000)
  eden space 62464K, 0% used [0x00000000e0000000,0x00000000e0000000,0x00000000e3d00000)
  from space 7680K, 99% used [0x00000000e4580000,0x00000000e4cfd188,0x00000000e4d00000)
  to   space 8704K, 0% used [0x00000000e3d00000,0x00000000e3d00000,0x00000000e4580000)
 ParOldGen       total 38400K, used 9281K [0x00000000a0000000, 0x00000000a2580000, 0x00000000e0000000)
  object space 38400K, 24% used [0x00000000a0000000,0x00000000a09107d8,0x00000000a2580000)
 Metaspace       used 29947K, capacity 30470K, committed 30720K, reserved 1075200K
  class space    used 4076K, capacity 4234K, committed 4352K, reserved 1048576K
}

