# JRE version: OpenJDK Runtime Environment (8.0_152-b01) (build 1.8.0_152-release-915-b01)
# Java VM: OpenJDK 64-Bit Server VM (25.152-b01 mixed mode windows-amd64 compressed oops)
Heap:
 PSYoungGen      total 23040K, used 6600K [0x00000000e0000000, 0x00000000e1c80000, 0x0000000100000000)
  eden space 16896K, 14% used [0x00000000e0000000,0x00000000e025a8a8,0x00000000e1080000)
  from space 6144K, 68% used [0x00000000e1680000,0x00000000e1a97a48,0x00000000e1c80000)
  to   space 6144K, 0% used [0x00000000e1080000,0x00000000e1080000,0x00000000e1680000)
 ParOldGen       total 41472K, used 7604K [0x00000000a0000000, 0x00000000a2880000, 0x00000000e0000000)
  object space 41472K, 18% used [0x00000000a0000000,0x00000000a076d0f0,0x00000000a2880000)
 Metaspace       used 26190K, capacity 26658K, committed 26880K, reserved 1073152K
  class space    used 3553K, capacity 3746K, committed 3840K, reserved 1048576K
GC Heap History (10 events):
Event: 10.756 GC heap before
{Heap before GC invocations=8 (full 0):
 PSYoungGen      total 21504K, used 19180K [0x00000000e0000000, 0x00000000e1b00000, 0x0000000100000000)
  eden space 15360K, 95% used [0x00000000e0000000,0x00000000e0e43f70,0x00000000e0f00000)
  from space 6144K, 74% used [0x00000000e0f00000,0x00000000e13772e0,0x00000000e1500000)
  to   space 6144K, 0% used [0x00000000e1500000,0x00000000e1500000,0x00000000e1b00000)
 ParOldGen       total 42496K, used 6616K [0x00000000a0000000, 0x00000000a2980000, 0x00000000e0000000)
  object space 42496K, 15% used [0x00000000a0000000,0x00000000a0676160,0x00000000a2980000)
 Metaspace       used 20721K, capacity 21112K, committed 21248K, reserved 1067008K
  class space    used 2866K, capacity 3035K, committed 3072K, reserved 1048576K
Event: 10.761 GC heap after
Heap after GC invocations=8 (full 0):
 PSYoungGen      total 21504K, used 4482K [0x00000000e0000000, 0x00000000e1b00000, 0x0000000100000000)
  eden space 15360K, 0% used [0x00000000e0000000,0x00000000e0000000,0x00000000e0f00000)
  from space 6144K, 72% used [0x00000000e1500000,0x00000000e1960980,0x00000000e1b00000)
  to   space 6144K, 0% used [0x00000000e0f00000,0x00000000e0f00000,0x00000000e1500000)
 ParOldGen       total 42496K, used 7704K [0x00000000a0000000, 0x00000000a2980000, 0x00000000e0000000)
  object space 42496K, 18% used [0x00000000a0000000,0x00000000a0786210,0x00000000a2980000)
 Metaspace       used 20721K, capacity 21112K, committed 21248K, reserved 1067008K
  class space    used 2866K, capacity 3035K, committed 3072K, reserved 1048576K
}
Event: 10.761 GC heap before
{Heap before GC invocations=9 (full 1):
 PSYoungGen      total 21504K, used 4482K [0x00000000e0000000, 0x00000000e1b00000, 0x0000000100000000)
  eden space 15360K, 0% used [0x00000000e0000000,0x00000000e0000000,0x00000000e0f00000)
  from space 6144K, 72% used [0x00000000e1500000,0x00000000e1960980,0x00000000e1b00000)
  to   space 6144K, 0% used [0x00000000e0f00000,0x00000000e0f00000,0x00000000e1500000)
 ParOldGen       total 42496K, used 7704K [0x00000000a0000000, 0x00000000a2980000, 0x00000000e0000000)
  object space 42496K, 18% used [0x00000000a0000000,0x00000000a0786210,0x00000000a2980000)
 Metaspace       used 20721K, capacity 21112K, committed 21248K, reserved 1067008K
  class space    used 2866K, capacity 3035K, committed 3072K, reserved 1048576K
Event: 12.353 GC heap after
Heap after GC invocations=9 (full 1):
 PSYoungGen      total 21504K, used 0K [0x00000000e0000000, 0x00000000e1b00000, 0x0000000100000000)
  eden space 15360K, 0% used [0x00000000e0000000,0x00000000e0000000,0x00000000e0f00000)
  from space 6144K, 0% used [0x00000000e1500000,0x00000000e1500000,0x00000000e1b00000)
  to   space 6144K, 0% used [0x00000000e0f00000,0x00000000e0f00000,0x00000000e1500000)
 ParOldGen       total 41472K, used 7588K [0x00000000a0000000, 0x00000000a2880000, 0x00000000e0000000)
  object space 41472K, 18% used [0x00000000a0000000,0x00000000a07690f0,0x00000000a2880000)
 Metaspace       used 20721K, capacity 21112K, committed 21248K, reserved 1067008K
  class space    used 2866K, capacity 3035K, committed 3072K, reserved 1048576K
}
Event: 12.985 GC heap before
{Heap before GC invocations=10 (full 1):
 PSYoungGen      total 21504K, used 15360K [0x00000000e0000000, 0x00000000e1b00000, 0x0000000100000000)
  eden space 15360K, 100% used [0x00000000e0000000,0x00000000e0f00000,0x00000000e0f00000)
  from space 6144K, 0% used [0x00000000e1500000,0x00000000e1500000,0x00000000e1b00000)
  to   space 6144K, 0% used [0x00000000e0f00000,0x00000000e0f00000,0x00000000e1500000)
 ParOldGen       total 41472K, used 7588K [0x00000000a0000000, 0x00000000a2880000, 0x00000000e0000000)
  object space 41472K, 18% used [0x00000000a0000000,0x00000000a07690f0,0x00000000a2880000)
 Metaspace       used 22234K, capacity 22696K, committed 22912K, reserved 1069056K
  class space    used 2982K, capacity 3174K, committed 3200K, reserved 1048576K
Event: 12.988 GC heap after
Heap after GC invocations=10 (full 1):
 PSYoungGen      total 21504K, used 2067K [0x00000000e0000000, 0x00000000e1c80000, 0x0000000100000000)
  eden space 15360K, 0% used [0x00000000e0000000,0x00000000e0000000,0x00000000e0f00000)
  from space 6144K, 33% used [0x00000000e0f00000,0x00000000e1104f60,0x00000000e1500000)
  to   space 6656K, 0% used [0x00000000e1600000,0x00000000e1600000,0x00000000e1c80000)
 ParOldGen       total 41472K, used 7596K [0x00000000a0000000, 0x00000000a2880000, 0x00000000e0000000)
  object space 41472K, 18% used [0x00000000a0000000,0x00000000a076b0f0,0x00000000a2880000)
 Metaspace       used 22234K, capacity 22696K, committed 22912K, reserved 1069056K
  class space    used 2982K, capacity 3174K, committed 3200K, reserved 1048576K
}
Event: 13.342 GC heap before
{Heap before GC invocations=11 (full 1):
 PSYoungGen      total 21504K, used 17427K [0x00000000e0000000, 0x00000000e1c80000, 0x0000000100000000)
  eden space 15360K, 100% used [0x00000000e0000000,0x00000000e0f00000,0x00000000e0f00000)
  from space 6144K, 33% used [0x00000000e0f00000,0x00000000e1104f60,0x00000000e1500000)
  to   space 6656K, 0% used [0x00000000e1600000,0x00000000e1600000,0x00000000e1c80000)
 ParOldGen       total 41472K, used 7596K [0x00000000a0000000, 0x00000000a2880000, 0x00000000e0000000)
  object space 41472K, 18% used [0x00000000a0000000,0x00000000a076b0f0,0x00000000a2880000)
 Metaspace       used 23236K, capacity 23674K, committed 23808K, reserved 1069056K
  class space    used 3157K, capacity 3308K, committed 3328K, reserved 1048576K
Event: 13.345 GC heap after
Heap after GC invocations=11 (full 1):
 PSYoungGen      total 21504K, used 2923K [0x00000000e0000000, 0x00000000e1b80000, 0x0000000100000000)
  eden space 15872K, 0% used [0x00000000e0000000,0x00000000e0000000,0x00000000e0f80000)
  from space 5632K, 51% used [0x00000000e1600000,0x00000000e18daea8,0x00000000e1b80000)
  to   space 6144K, 0% used [0x00000000e0f80000,0x00000000e0f80000,0x00000000e1580000)
 ParOldGen       total 41472K, used 7604K [0x00000000a0000000, 0x00000000a2880000, 0x00000000e0000000)
  object space 41472K, 18% used [0x00000000a0000000,0x00000000a076d0f0,0x00000000a2880000)
 Metaspace       used 23236K, capacity 23674K, committed 23808K, reserved 1069056K
  class space    used 3157K, capacity 3308K, committed 3328K, reserved 1048576K
}
Event: 13.806 GC heap before
{Heap before GC invocations=12 (full 1):
 PSYoungGen      total 21504K, used 18795K [0x00000000e0000000, 0x00000000e1b80000, 0x0000000100000000)
  eden space 15872K, 100% used [0x00000000e0000000,0x00000000e0f80000,0x00000000e0f80000)
  from space 5632K, 51% used [0x00000000e1600000,0x00000000e18daea8,0x00000000e1b80000)
  to   space 6144K, 0% used [0x00000000e0f80000,0x00000000e0f80000,0x00000000e1580000)
 ParOldGen       total 41472K, used 7604K [0x00000000a0000000, 0x00000000a2880000, 0x00000000e0000000)
  object space 41472K, 18% used [0x00000000a0000000,0x00000000a076d0f0,0x00000000a2880000)
 Metaspace       used 24424K, capacity 24832K, committed 25088K, reserved 1071104K
  class space    used 3361K, capacity 3501K, committed 3584K, reserved 1048576K
Event: 13.811 GC heap after
Heap after GC invocations=12 (full 1):
 PSYoungGen      total 22016K, used 3359K [0x00000000e0000000, 0x00000000e1c80000, 0x0000000100000000)
  eden space 15872K, 0% used [0x00000000e0000000,0x00000000e0000000,0x00000000e0f80000)
  from space 6144K, 54% used [0x00000000e0f80000,0x00000000e12c7fb0,0x00000000e1580000)
  to   space 6144K, 0% used [0x00000000e1680000,0x00000000e1680000,0x00000000e1c80000)
 ParOldGen       total 41472K, used 7604K [0x00000000a0000000, 0x00000000a2880000, 0x00000000e0000000)
  object space 41472K, 18% used [0x00000000a0000000,0x00000000a076d0f0,0x00000000a2880000)
 Metaspace       used 24424K, capacity 24832K, committed 25088K, reserved 1071104K
  class space    used 3361K, capacity 3501K, committed 3584K, reserved 1048576K
}

