# JRE version: OpenJDK Runtime Environment (8.0_152-b02) (build 1.8.0_152-release-1024-b02)
# Java VM: OpenJDK 64-Bit Server VM (25.152-b02 mixed mode windows-amd64 compressed oops)
Heap:
 PSYoungGen      total 369152K, used 88424K [0x00000000e0000000, 0x00000000fbb80000, 0x0000000100000000)
  eden space 344064K, 24% used [0x00000000e0000000,0x00000000e51da480,0x00000000f5000000)
  from space 25088K, 18% used [0x00000000f6880000,0x00000000f6cffcf8,0x00000000f8100000)
  to   space 25088K, 0% used [0x00000000f5000000,0x00000000f5000000,0x00000000f6880000)
 ParOldGen       total 118784K, used 98773K [0x00000000a0000000, 0x00000000a7400000, 0x00000000e0000000)
  object space 118784K, 83% used [0x00000000a0000000,0x00000000a6075658,0x00000000a7400000)
 Metaspace       used 80701K, capacity 83778K, committed 84096K, reserved 1122304K
  class space    used 10197K, capacity 10810K, committed 10880K, reserved 1048576K
GC Heap History (10 events):
Event: 2601.223 GC heap before
{Heap before GC invocations=52 (full 4):
 PSYoungGen      total 322560K, used 302643K [0x00000000e0000000, 0x00000000f8580000, 0x0000000100000000)
  eden space 291328K, 100% used [0x00000000e0000000,0x00000000f1c80000,0x00000000f1c80000)
  from space 31232K, 36% used [0x00000000f1c80000,0x00000000f278cd80,0x00000000f3b00000)
  to   space 29696K, 0% used [0x00000000f6880000,0x00000000f6880000,0x00000000f8580000)
 ParOldGen       total 118784K, used 77604K [0x00000000a0000000, 0x00000000a7400000, 0x00000000e0000000)
  object space 118784K, 65% used [0x00000000a0000000,0x00000000a4bc93a8,0x00000000a7400000)
 Metaspace       used 80563K, capacity 83706K, committed 83840K, reserved 1122304K
  class space    used 10193K, capacity 10806K, committed 10880K, reserved 1048576K
Event: 2601.354 GC heap after
Heap after GC invocations=52 (full 4):
 PSYoungGen      total 363008K, used 7851K [0x00000000e0000000, 0x00000000f8100000, 0x0000000100000000)
  eden space 337920K, 0% used [0x00000000e0000000,0x00000000e0000000,0x00000000f4a00000)
  from space 25088K, 31% used [0x00000000f6880000,0x00000000f702aeb8,0x00000000f8100000)
  to   space 28160K, 0% used [0x00000000f4a00000,0x00000000f4a00000,0x00000000f6580000)
 ParOldGen       total 118784K, used 79061K [0x00000000a0000000, 0x00000000a7400000, 0x00000000e0000000)
  object space 118784K, 66% used [0x00000000a0000000,0x00000000a4d35428,0x00000000a7400000)
 Metaspace       used 80563K, capacity 83706K, committed 83840K, reserved 1122304K
  class space    used 10193K, capacity 10806K, committed 10880K, reserved 1048576K
}
Event: 2603.704 GC heap before
{Heap before GC invocations=53 (full 4):
 PSYoungGen      total 363008K, used 345771K [0x00000000e0000000, 0x00000000f8100000, 0x0000000100000000)
  eden space 337920K, 100% used [0x00000000e0000000,0x00000000f4a00000,0x00000000f4a00000)
  from space 25088K, 31% used [0x00000000f6880000,0x00000000f702aeb8,0x00000000f8100000)
  to   space 28160K, 0% used [0x00000000f4a00000,0x00000000f4a00000,0x00000000f6580000)
 ParOldGen       total 118784K, used 79061K [0x00000000a0000000, 0x00000000a7400000, 0x00000000e0000000)
  object space 118784K, 66% used [0x00000000a0000000,0x00000000a4d35428,0x00000000a7400000)
 Metaspace       used 80580K, capacity 83706K, committed 83840K, reserved 1122304K
  class space    used 10193K, capacity 10806K, committed 10880K, reserved 1048576K
Event: 2606.791 GC heap after
Heap after GC invocations=53 (full 4):
 PSYoungGen      total 366080K, used 9631K [0x00000000e0000000, 0x00000000f8100000, 0x0000000100000000)
  eden space 337920K, 0% used [0x00000000e0000000,0x00000000e0000000,0x00000000f4a00000)
  from space 28160K, 34% used [0x00000000f4a00000,0x00000000f5367d68,0x00000000f6580000)
  to   space 25088K, 0% used [0x00000000f6880000,0x00000000f6880000,0x00000000f8100000)
 ParOldGen       total 118784K, used 84128K [0x00000000a0000000, 0x00000000a7400000, 0x00000000e0000000)
  object space 118784K, 70% used [0x00000000a0000000,0x00000000a5228228,0x00000000a7400000)
 Metaspace       used 80580K, capacity 83706K, committed 83840K, reserved 1122304K
  class space    used 10193K, capacity 10806K, committed 10880K, reserved 1048576K
}
Event: 2609.779 GC heap before
{Heap before GC invocations=54 (full 4):
 PSYoungGen      total 366080K, used 347551K [0x00000000e0000000, 0x00000000f8100000, 0x0000000100000000)
  eden space 337920K, 100% used [0x00000000e0000000,0x00000000f4a00000,0x00000000f4a00000)
  from space 28160K, 34% used [0x00000000f4a00000,0x00000000f5367d68,0x00000000f6580000)
  to   space 25088K, 0% used [0x00000000f6880000,0x00000000f6880000,0x00000000f8100000)
 ParOldGen       total 118784K, used 84128K [0x00000000a0000000, 0x00000000a7400000, 0x00000000e0000000)
  object space 118784K, 70% used [0x00000000a0000000,0x00000000a5228228,0x00000000a7400000)
 Metaspace       used 80599K, capacity 83706K, committed 83840K, reserved 1122304K
  class space    used 10193K, capacity 10806K, committed 10880K, reserved 1048576K
Event: 2610.360 GC heap after
Heap after GC invocations=54 (full 4):
 PSYoungGen      total 363008K, used 14151K [0x00000000e0000000, 0x00000000f8100000, 0x0000000100000000)
  eden space 337920K, 0% used [0x00000000e0000000,0x00000000e0000000,0x00000000f4a00000)
  from space 25088K, 56% used [0x00000000f6880000,0x00000000f7651d50,0x00000000f8100000)
  to   space 28160K, 0% used [0x00000000f4a00000,0x00000000f4a00000,0x00000000f6580000)
 ParOldGen       total 118784K, used 87374K [0x00000000a0000000, 0x00000000a7400000, 0x00000000e0000000)
  object space 118784K, 73% used [0x00000000a0000000,0x00000000a55538e8,0x00000000a7400000)
 Metaspace       used 80599K, capacity 83706K, committed 83840K, reserved 1122304K
  class space    used 10193K, capacity 10806K, committed 10880K, reserved 1048576K
}
Event: 2614.576 GC heap before
{Heap before GC invocations=55 (full 4):
 PSYoungGen      total 363008K, used 352071K [0x00000000e0000000, 0x00000000f8100000, 0x0000000100000000)
  eden space 337920K, 100% used [0x00000000e0000000,0x00000000f4a00000,0x00000000f4a00000)
  from space 25088K, 56% used [0x00000000f6880000,0x00000000f7651d50,0x00000000f8100000)
  to   space 28160K, 0% used [0x00000000f4a00000,0x00000000f4a00000,0x00000000f6580000)
 ParOldGen       total 118784K, used 87374K [0x00000000a0000000, 0x00000000a7400000, 0x00000000e0000000)
  object space 118784K, 73% used [0x00000000a0000000,0x00000000a55538e8,0x00000000a7400000)
 Metaspace       used 80619K, capacity 83706K, committed 83840K, reserved 1122304K
  class space    used 10194K, capacity 10806K, committed 10880K, reserved 1048576K
Event: 2614.625 GC heap after
Heap after GC invocations=55 (full 4):
 PSYoungGen      total 366080K, used 2960K [0x00000000e0000000, 0x00000000f8100000, 0x0000000100000000)
  eden space 337920K, 0% used [0x00000000e0000000,0x00000000e0000000,0x00000000f4a00000)
  from space 28160K, 10% used [0x00000000f4a00000,0x00000000f4ce4030,0x00000000f6580000)
  to   space 25088K, 0% used [0x00000000f6880000,0x00000000f6880000,0x00000000f8100000)
 ParOldGen       total 118784K, used 98005K [0x00000000a0000000, 0x00000000a7400000, 0x00000000e0000000)
  object space 118784K, 82% used [0x00000000a0000000,0x00000000a5fb5628,0x00000000a7400000)
 Metaspace       used 80619K, capacity 83706K, committed 83840K, reserved 1122304K
  class space    used 10194K, capacity 10806K, committed 10880K, reserved 1048576K
}
Event: 2644.016 GC heap before
{Heap before GC invocations=56 (full 4):
 PSYoungGen      total 366080K, used 340817K [0x00000000e0000000, 0x00000000f8100000, 0x0000000100000000)
  eden space 337920K, 99% used [0x00000000e0000000,0x00000000f49f06a8,0x00000000f4a00000)
  from space 28160K, 10% used [0x00000000f4a00000,0x00000000f4ce4030,0x00000000f6580000)
  to   space 25088K, 0% used [0x00000000f6880000,0x00000000f6880000,0x00000000f8100000)
 ParOldGen       total 118784K, used 98005K [0x00000000a0000000, 0x00000000a7400000, 0x00000000e0000000)
  object space 118784K, 82% used [0x00000000a0000000,0x00000000a5fb5628,0x00000000a7400000)
 Metaspace       used 80671K, capacity 83774K, committed 84096K, reserved 1122304K
  class space    used 10195K, capacity 10808K, committed 10880K, reserved 1048576K
Event: 2644.029 GC heap after
Heap after GC invocations=56 (full 4):
 PSYoungGen      total 369152K, used 4607K [0x00000000e0000000, 0x00000000fbb80000, 0x0000000100000000)
  eden space 344064K, 0% used [0x00000000e0000000,0x00000000e0000000,0x00000000f5000000)
  from space 25088K, 18% used [0x00000000f6880000,0x00000000f6cffcf8,0x00000000f8100000)
  to   space 25088K, 0% used [0x00000000f5000000,0x00000000f5000000,0x00000000f6880000)
 ParOldGen       total 118784K, used 98773K [0x00000000a0000000, 0x00000000a7400000, 0x00000000e0000000)
  object space 118784K, 83% used [0x00000000a0000000,0x00000000a6075658,0x00000000a7400000)
 Metaspace       used 80671K, capacity 83774K, committed 84096K, reserved 1122304K
  class space    used 10195K, capacity 10808K, committed 10880K, reserved 1048576K
}

