# JRE version: OpenJDK Runtime Environment (8.0_152-b02) (build 1.8.0_152-release-1024-b02)
# Java VM: OpenJDK 64-Bit Server VM (25.152-b02 mixed mode windows-amd64 compressed oops)
Heap:
 PSYoungGen      total 134656K, used 94647K [0x00000000e0000000, 0x00000000e8f00000, 0x0000000100000000)
  eden space 122880K, 67% used [0x00000000e0000000,0x00000000e50ee4a0,0x00000000e7800000)
  from space 11776K, 99% used [0x00000000e8380000,0x00000000e8eff960,0x00000000e8f00000)
  to   space 8704K, 0% used [0x00000000e7800000,0x00000000e7800000,0x00000000e8080000)
 ParOldGen       total 58368K, used 21055K [0x00000000a0000000, 0x00000000a3900000, 0x00000000e0000000)
  object space 58368K, 36% used [0x00000000a0000000,0x00000000a148ff50,0x00000000a3900000)
 Metaspace       used 48879K, capacity 50126K, committed 50264K, reserved 1093632K
  class space    used 6617K, capacity 6952K, committed 7040K, reserved 1048576K
GC Heap History (10 events):
Event: 4.710 GC heap before
{Heap before GC invocations=8 (full 1):
 PSYoungGen      total 70144K, used 6215K [0x00000000e0000000, 0x00000000e8a00000, 0x0000000100000000)
  eden space 62464K, 0% used [0x00000000e0000000,0x00000000e0000000,0x00000000e3d00000)
  from space 7680K, 80% used [0x00000000e3d00000,0x00000000e4311d98,0x00000000e4480000)
  to   space 8192K, 0% used [0x00000000e8200000,0x00000000e8200000,0x00000000e8a00000)
 ParOldGen       total 42496K, used 7352K [0x00000000a0000000, 0x00000000a2980000, 0x00000000e0000000)
  object space 42496K, 17% used [0x00000000a0000000,0x00000000a072e160,0x00000000a2980000)
 Metaspace       used 20849K, capacity 21178K, committed 21248K, reserved 1067008K
  class space    used 2908K, capacity 3049K, committed 3072K, reserved 1048576K
Event: 4.765 GC heap after
Heap after GC invocations=8 (full 1):
 PSYoungGen      total 70144K, used 0K [0x00000000e0000000, 0x00000000e8a00000, 0x0000000100000000)
  eden space 62464K, 0% used [0x00000000e0000000,0x00000000e0000000,0x00000000e3d00000)
  from space 7680K, 0% used [0x00000000e3d00000,0x00000000e3d00000,0x00000000e4480000)
  to   space 8192K, 0% used [0x00000000e8200000,0x00000000e8200000,0x00000000e8a00000)
 ParOldGen       total 34816K, used 8455K [0x00000000a0000000, 0x00000000a2200000, 0x00000000e0000000)
  object space 34816K, 24% used [0x00000000a0000000,0x00000000a0841f80,0x00000000a2200000)
 Metaspace       used 20849K, capacity 21178K, committed 21248K, reserved 1067008K
  class space    used 2908K, capacity 3049K, committed 3072K, reserved 1048576K
}
Event: 7.910 GC heap before
{Heap before GC invocations=9 (full 1):
 PSYoungGen      total 70144K, used 62464K [0x00000000e0000000, 0x00000000e8a00000, 0x0000000100000000)
  eden space 62464K, 100% used [0x00000000e0000000,0x00000000e3d00000,0x00000000e3d00000)
  from space 7680K, 0% used [0x00000000e3d00000,0x00000000e3d00000,0x00000000e4480000)
  to   space 8192K, 0% used [0x00000000e8200000,0x00000000e8200000,0x00000000e8a00000)
 ParOldGen       total 34816K, used 8455K [0x00000000a0000000, 0x00000000a2200000, 0x00000000e0000000)
  object space 34816K, 24% used [0x00000000a0000000,0x00000000a0841f80,0x00000000a2200000)
 Metaspace       used 26258K, capacity 26618K, committed 26880K, reserved 1073152K
  class space    used 3618K, capacity 3744K, committed 3840K, reserved 1048576K
Event: 7.922 GC heap after
Heap after GC invocations=9 (full 1):
 PSYoungGen      total 102912K, used 6749K [0x00000000e0000000, 0x00000000e8900000, 0x0000000100000000)
  eden space 95744K, 0% used [0x00000000e0000000,0x00000000e0000000,0x00000000e5d80000)
  from space 7168K, 94% used [0x00000000e8200000,0x00000000e8897700,0x00000000e8900000)
  to   space 8704K, 0% used [0x00000000e7800000,0x00000000e7800000,0x00000000e8080000)
 ParOldGen       total 34816K, used 8463K [0x00000000a0000000, 0x00000000a2200000, 0x00000000e0000000)
  object space 34816K, 24% used [0x00000000a0000000,0x00000000a0843f80,0x00000000a2200000)
 Metaspace       used 26258K, capacity 26618K, committed 26880K, reserved 1073152K
  class space    used 3618K, capacity 3744K, committed 3840K, reserved 1048576K
}
Event: 16.228 GC heap before
{Heap before GC invocations=10 (full 1):
 PSYoungGen      total 102912K, used 97707K [0x00000000e0000000, 0x00000000e8900000, 0x0000000100000000)
  eden space 95744K, 95% used [0x00000000e0000000,0x00000000e58d35d0,0x00000000e5d80000)
  from space 7168K, 94% used [0x00000000e8200000,0x00000000e8897700,0x00000000e8900000)
  to   space 8704K, 0% used [0x00000000e7800000,0x00000000e7800000,0x00000000e8080000)
 ParOldGen       total 34816K, used 8463K [0x00000000a0000000, 0x00000000a2200000, 0x00000000e0000000)
  object space 34816K, 24% used [0x00000000a0000000,0x00000000a0843f80,0x00000000a2200000)
 Metaspace       used 34829K, capacity 35334K, committed 35416K, reserved 1079296K
  class space    used 4776K, capacity 4951K, committed 4992K, reserved 1048576K
Event: 16.244 GC heap after
Heap after GC invocations=10 (full 1):
 PSYoungGen      total 131584K, used 8676K [0x00000000e0000000, 0x00000000e8f00000, 0x0000000100000000)
  eden space 122880K, 0% used [0x00000000e0000000,0x00000000e0000000,0x00000000e7800000)
  from space 8704K, 99% used [0x00000000e7800000,0x00000000e80790b0,0x00000000e8080000)
  to   space 11776K, 0% used [0x00000000e8380000,0x00000000e8380000,0x00000000e8f00000)
 ParOldGen       total 34816K, used 12777K [0x00000000a0000000, 0x00000000a2200000, 0x00000000e0000000)
  object space 34816K, 36% used [0x00000000a0000000,0x00000000a0c7a718,0x00000000a2200000)
 Metaspace       used 34829K, capacity 35334K, committed 35416K, reserved 1079296K
  class space    used 4776K, capacity 4951K, committed 4992K, reserved 1048576K
}
Event: 16.244 GC heap before
{Heap before GC invocations=11 (full 2):
 PSYoungGen      total 131584K, used 8676K [0x00000000e0000000, 0x00000000e8f00000, 0x0000000100000000)
  eden space 122880K, 0% used [0x00000000e0000000,0x00000000e0000000,0x00000000e7800000)
  from space 8704K, 99% used [0x00000000e7800000,0x00000000e80790b0,0x00000000e8080000)
  to   space 11776K, 0% used [0x00000000e8380000,0x00000000e8380000,0x00000000e8f00000)
 ParOldGen       total 34816K, used 12777K [0x00000000a0000000, 0x00000000a2200000, 0x00000000e0000000)
  object space 34816K, 36% used [0x00000000a0000000,0x00000000a0c7a718,0x00000000a2200000)
 Metaspace       used 34829K, capacity 35334K, committed 35416K, reserved 1079296K
  class space    used 4776K, capacity 4951K, committed 4992K, reserved 1048576K
Event: 16.317 GC heap after
Heap after GC invocations=11 (full 2):
 PSYoungGen      total 131584K, used 0K [0x00000000e0000000, 0x00000000e8f00000, 0x0000000100000000)
  eden space 122880K, 0% used [0x00000000e0000000,0x00000000e0000000,0x00000000e7800000)
  from space 8704K, 0% used [0x00000000e7800000,0x00000000e7800000,0x00000000e8080000)
  to   space 11776K, 0% used [0x00000000e8380000,0x00000000e8380000,0x00000000e8f00000)
 ParOldGen       total 58368K, used 19596K [0x00000000a0000000, 0x00000000a3900000, 0x00000000e0000000)
  object space 58368K, 33% used [0x00000000a0000000,0x00000000a13230e0,0x00000000a3900000)
 Metaspace       used 34829K, capacity 35334K, committed 35416K, reserved 1079296K
  class space    used 4776K, capacity 4951K, committed 4992K, reserved 1048576K
}
Event: 24.525 GC heap before
{Heap before GC invocations=12 (full 2):
 PSYoungGen      total 131584K, used 122880K [0x00000000e0000000, 0x00000000e8f00000, 0x0000000100000000)
  eden space 122880K, 100% used [0x00000000e0000000,0x00000000e7800000,0x00000000e7800000)
  from space 8704K, 0% used [0x00000000e7800000,0x00000000e7800000,0x00000000e8080000)
  to   space 11776K, 0% used [0x00000000e8380000,0x00000000e8380000,0x00000000e8f00000)
 ParOldGen       total 58368K, used 19596K [0x00000000a0000000, 0x00000000a3900000, 0x00000000e0000000)
  object space 58368K, 33% used [0x00000000a0000000,0x00000000a13230e0,0x00000000a3900000)
 Metaspace       used 42367K, capacity 43166K, committed 43480K, reserved 1087488K
  class space    used 5828K, capacity 6058K, committed 6144K, reserved 1048576K
Event: 24.543 GC heap after
Heap after GC invocations=12 (full 2):
 PSYoungGen      total 134656K, used 11774K [0x00000000e0000000, 0x00000000e8f00000, 0x0000000100000000)
  eden space 122880K, 0% used [0x00000000e0000000,0x00000000e0000000,0x00000000e7800000)
  from space 11776K, 99% used [0x00000000e8380000,0x00000000e8eff960,0x00000000e8f00000)
  to   space 8704K, 0% used [0x00000000e7800000,0x00000000e7800000,0x00000000e8080000)
 ParOldGen       total 58368K, used 21055K [0x00000000a0000000, 0x00000000a3900000, 0x00000000e0000000)
  object space 58368K, 36% used [0x00000000a0000000,0x00000000a148ff50,0x00000000a3900000)
 Metaspace       used 42367K, capacity 43166K, committed 43480K, reserved 1087488K
  class space    used 5828K, capacity 6058K, committed 6144K, reserved 1048576K
}

