# JRE version: OpenJDK Runtime Environment (8.0_152-b01) (build 1.8.0_152-release-915-b01)
# Java VM: OpenJDK 64-Bit Server VM (25.152-b01 mixed mode windows-amd64 compressed oops)
Heap:
 PSYoungGen      total 94208K, used 14365K [0x00000000e0000000, 0x00000000e7680000, 0x0000000100000000)
  eden space 81920K, 7% used [0x00000000e0000000,0x00000000e0613fd8,0x00000000e5000000)
  from space 12288K, 66% used [0x00000000e6a80000,0x00000000e7273658,0x00000000e7680000)
  to   space 10752K, 0% used [0x00000000e5000000,0x00000000e5000000,0x00000000e5a80000)
 ParOldGen       total 63488K, used 17372K [0x00000000a0000000, 0x00000000a3e00000, 0x00000000e0000000)
  object space 63488K, 27% used [0x00000000a0000000,0x00000000a10f73e0,0x00000000a3e00000)
 Metaspace       used 42694K, capacity 43524K, committed 43864K, reserved 1087488K
  class space    used 5654K, capacity 5949K, committed 6016K, reserved 1048576K
GC Heap History (10 events):
Event: 10.317 GC heap before
{Heap before GC invocations=8 (full 1):
 PSYoungGen      total 69120K, used 61952K [0x00000000e0000000, 0x00000000e4f00000, 0x0000000100000000)
  eden space 61952K, 100% used [0x00000000e0000000,0x00000000e3c80000,0x00000000e3c80000)
  from space 7168K, 0% used [0x00000000e4500000,0x00000000e4500000,0x00000000e4c00000)
  to   space 8704K, 0% used [0x00000000e3c80000,0x00000000e3c80000,0x00000000e4500000)
 ParOldGen       total 39424K, used 9073K [0x00000000a0000000, 0x00000000a2680000, 0x00000000e0000000)
  object space 39424K, 23% used [0x00000000a0000000,0x00000000a08dc448,0x00000000a2680000)
 Metaspace       used 25573K, capacity 26042K, committed 26240K, reserved 1071104K
  class space    used 3528K, capacity 3710K, committed 3712K, reserved 1048576K
Event: 10.324 GC heap after
Heap after GC invocations=8 (full 1):
 PSYoungGen      total 70656K, used 6739K [0x00000000e0000000, 0x00000000e6380000, 0x0000000100000000)
  eden space 61952K, 0% used [0x00000000e0000000,0x00000000e0000000,0x00000000e3c80000)
  from space 8704K, 77% used [0x00000000e3c80000,0x00000000e4314f48,0x00000000e4500000)
  to   space 9216K, 0% used [0x00000000e5a80000,0x00000000e5a80000,0x00000000e6380000)
 ParOldGen       total 39424K, used 9081K [0x00000000a0000000, 0x00000000a2680000, 0x00000000e0000000)
  object space 39424K, 23% used [0x00000000a0000000,0x00000000a08de448,0x00000000a2680000)
 Metaspace       used 25573K, capacity 26042K, committed 26240K, reserved 1071104K
  class space    used 3528K, capacity 3710K, committed 3712K, reserved 1048576K
}
Event: 11.935 GC heap before
{Heap before GC invocations=9 (full 1):
 PSYoungGen      total 70656K, used 68691K [0x00000000e0000000, 0x00000000e6380000, 0x0000000100000000)
  eden space 61952K, 100% used [0x00000000e0000000,0x00000000e3c80000,0x00000000e3c80000)
  from space 8704K, 77% used [0x00000000e3c80000,0x00000000e4314f48,0x00000000e4500000)
  to   space 9216K, 0% used [0x00000000e5a80000,0x00000000e5a80000,0x00000000e6380000)
 ParOldGen       total 39424K, used 9081K [0x00000000a0000000, 0x00000000a2680000, 0x00000000e0000000)
  object space 39424K, 23% used [0x00000000a0000000,0x00000000a08de448,0x00000000a2680000)
 Metaspace       used 31096K, capacity 31786K, committed 32000K, reserved 1077248K
  class space    used 4308K, capacity 4580K, committed 4608K, reserved 1048576K
Event: 11.954 GC heap after
Heap after GC invocations=9 (full 1):
 PSYoungGen      total 91136K, used 9184K [0x00000000e0000000, 0x00000000e6600000, 0x0000000100000000)
  eden space 81920K, 0% used [0x00000000e0000000,0x00000000e0000000,0x00000000e5000000)
  from space 9216K, 99% used [0x00000000e5a80000,0x00000000e6378110,0x00000000e6380000)
  to   space 10752K, 0% used [0x00000000e5000000,0x00000000e5000000,0x00000000e5a80000)
 ParOldGen       total 39424K, used 9581K [0x00000000a0000000, 0x00000000a2680000, 0x00000000e0000000)
  object space 39424K, 24% used [0x00000000a0000000,0x00000000a095b798,0x00000000a2680000)
 Metaspace       used 31096K, capacity 31786K, committed 32000K, reserved 1077248K
  class space    used 4308K, capacity 4580K, committed 4608K, reserved 1048576K
}
Event: 14.507 GC heap before
{Heap before GC invocations=10 (full 1):
 PSYoungGen      total 91136K, used 75188K [0x00000000e0000000, 0x00000000e6600000, 0x0000000100000000)
  eden space 81920K, 80% used [0x00000000e0000000,0x00000000e40751c8,0x00000000e5000000)
  from space 9216K, 99% used [0x00000000e5a80000,0x00000000e6378110,0x00000000e6380000)
  to   space 10752K, 0% used [0x00000000e5000000,0x00000000e5000000,0x00000000e5a80000)
 ParOldGen       total 39424K, used 9581K [0x00000000a0000000, 0x00000000a2680000, 0x00000000e0000000)
  object space 39424K, 24% used [0x00000000a0000000,0x00000000a095b798,0x00000000a2680000)
 Metaspace       used 34671K, capacity 35316K, committed 35416K, reserved 1079296K
  class space    used 4678K, capacity 4943K, committed 4992K, reserved 1048576K
Event: 14.522 GC heap after
Heap after GC invocations=10 (full 1):
 PSYoungGen      total 92672K, used 10738K [0x00000000e0000000, 0x00000000e7680000, 0x0000000100000000)
  eden space 81920K, 0% used [0x00000000e0000000,0x00000000e0000000,0x00000000e5000000)
  from space 10752K, 99% used [0x00000000e5000000,0x00000000e5a7cb30,0x00000000e5a80000)
  to   space 12288K, 0% used [0x00000000e6a80000,0x00000000e6a80000,0x00000000e7680000)
 ParOldGen       total 39424K, used 9787K [0x00000000a0000000, 0x00000000a2680000, 0x00000000e0000000)
  object space 39424K, 24% used [0x00000000a0000000,0x00000000a098eec8,0x00000000a2680000)
 Metaspace       used 34671K, capacity 35316K, committed 35416K, reserved 1079296K
  class space    used 4678K, capacity 4943K, committed 4992K, reserved 1048576K
}
Event: 14.522 GC heap before
{Heap before GC invocations=11 (full 2):
 PSYoungGen      total 92672K, used 10738K [0x00000000e0000000, 0x00000000e7680000, 0x0000000100000000)
  eden space 81920K, 0% used [0x00000000e0000000,0x00000000e0000000,0x00000000e5000000)
  from space 10752K, 99% used [0x00000000e5000000,0x00000000e5a7cb30,0x00000000e5a80000)
  to   space 12288K, 0% used [0x00000000e6a80000,0x00000000e6a80000,0x00000000e7680000)
 ParOldGen       total 39424K, used 9787K [0x00000000a0000000, 0x00000000a2680000, 0x00000000e0000000)
  object space 39424K, 24% used [0x00000000a0000000,0x00000000a098eec8,0x00000000a2680000)
 Metaspace       used 34671K, capacity 35316K, committed 35416K, reserved 1079296K
  class space    used 4678K, capacity 4943K, committed 4992K, reserved 1048576K
Event: 14.611 GC heap after
Heap after GC invocations=11 (full 2):
 PSYoungGen      total 92672K, used 0K [0x00000000e0000000, 0x00000000e7680000, 0x0000000100000000)
  eden space 81920K, 0% used [0x00000000e0000000,0x00000000e0000000,0x00000000e5000000)
  from space 10752K, 0% used [0x00000000e5000000,0x00000000e5000000,0x00000000e5a80000)
  to   space 12288K, 0% used [0x00000000e6a80000,0x00000000e6a80000,0x00000000e7680000)
 ParOldGen       total 63488K, used 17364K [0x00000000a0000000, 0x00000000a3e00000, 0x00000000e0000000)
  object space 63488K, 27% used [0x00000000a0000000,0x00000000a10f53e0,0x00000000a3e00000)
 Metaspace       used 34671K, capacity 35316K, committed 35416K, reserved 1079296K
  class space    used 4678K, capacity 4943K, committed 4992K, reserved 1048576K
}
Event: 17.302 GC heap before
{Heap before GC invocations=12 (full 2):
 PSYoungGen      total 92672K, used 81920K [0x00000000e0000000, 0x00000000e7680000, 0x0000000100000000)
  eden space 81920K, 100% used [0x00000000e0000000,0x00000000e5000000,0x00000000e5000000)
  from space 10752K, 0% used [0x00000000e5000000,0x00000000e5000000,0x00000000e5a80000)
  to   space 12288K, 0% used [0x00000000e6a80000,0x00000000e6a80000,0x00000000e7680000)
 ParOldGen       total 63488K, used 17364K [0x00000000a0000000, 0x00000000a3e00000, 0x00000000e0000000)
  object space 63488K, 27% used [0x00000000a0000000,0x00000000a10f53e0,0x00000000a3e00000)
 Metaspace       used 41928K, capacity 42796K, committed 42968K, reserved 1087488K
  class space    used 5568K, capacity 5879K, committed 5888K, reserved 1048576K
Event: 17.333 GC heap after
Heap after GC invocations=12 (full 2):
 PSYoungGen      total 94208K, used 8141K [0x00000000e0000000, 0x00000000e7680000, 0x0000000100000000)
  eden space 81920K, 0% used [0x00000000e0000000,0x00000000e0000000,0x00000000e5000000)
  from space 12288K, 66% used [0x00000000e6a80000,0x00000000e7273658,0x00000000e7680000)
  to   space 10752K, 0% used [0x00000000e5000000,0x00000000e5000000,0x00000000e5a80000)
 ParOldGen       total 63488K, used 17372K [0x00000000a0000000, 0x00000000a3e00000, 0x00000000e0000000)
  object space 63488K, 27% used [0x00000000a0000000,0x00000000a10f73e0,0x00000000a3e00000)
 Metaspace       used 41928K, capacity 42796K, committed 42968K, reserved 1087488K
  class space    used 5568K, capacity 5879K, committed 5888K, reserved 1048576K
}

