# JRE version: OpenJDK Runtime Environment (8.0_152-b01) (build 1.8.0_152-release-1248-b01)
# Java VM: OpenJDK 64-Bit Server VM (25.152-b01 mixed mode windows-amd64 compressed oops)
Heap:
 PSYoungGen      total 336384K, used 28851K [0x00000000e0000000, 0x00000000f5500000, 0x0000000100000000)
  eden space 323584K, 7% used [0x00000000e0000000,0x00000000e18dce58,0x00000000f3c00000)
  from space 12800K, 26% used [0x00000000f3c00000,0x00000000f3f50030,0x00000000f4880000)
  to   space 10752K, 0% used [0x00000000f4a80000,0x00000000f4a80000,0x00000000f5500000)
 ParOldGen       total 125440K, used 54804K [0x00000000a0000000, 0x00000000a7a80000, 0x00000000e0000000)
  object space 125440K, 43% used [0x00000000a0000000,0x00000000a35850e8,0x00000000a7a80000)
 Metaspace       used 66476K, capacity 69056K, committed 69376K, reserved 1110016K
  class space    used 8834K, capacity 9375K, committed 9472K, reserved 1048576K
GC Heap History (10 events):
Event: 77.214 GC heap before
{Heap before GC invocations=24 (full 3):
 PSYoungGen      total 266240K, used 255771K [0x00000000e0000000, 0x00000000f1100000, 0x0000000100000000)
  eden space 253440K, 100% used [0x00000000e0000000,0x00000000ef780000,0x00000000ef780000)
  from space 12800K, 18% used [0x00000000f0400000,0x00000000f0646f18,0x00000000f1080000)
  to   space 12800K, 0% used [0x00000000ef780000,0x00000000ef780000,0x00000000f0400000)
 ParOldGen       total 125440K, used 41585K [0x00000000a0000000, 0x00000000a7a80000, 0x00000000e0000000)
  object space 125440K, 33% used [0x00000000a0000000,0x00000000a289c650,0x00000000a7a80000)
 Metaspace       used 66335K, capacity 68978K, committed 69120K, reserved 1110016K
  class space    used 8832K, capacity 9374K, committed 9472K, reserved 1048576K
Event: 77.252 GC heap after
Heap after GC invocations=24 (full 3):
 PSYoungGen      total 266240K, used 4458K [0x00000000e0000000, 0x00000000f5700000, 0x0000000100000000)
  eden space 253440K, 0% used [0x00000000e0000000,0x00000000e0000000,0x00000000ef780000)
  from space 12800K, 34% used [0x00000000ef780000,0x00000000efbda980,0x00000000f0400000)
  to   space 12800K, 0% used [0x00000000f4a80000,0x00000000f4a80000,0x00000000f5700000)
 ParOldGen       total 125440K, used 42153K [0x00000000a0000000, 0x00000000a7a80000, 0x00000000e0000000)
  object space 125440K, 33% used [0x00000000a0000000,0x00000000a292a680,0x00000000a7a80000)
 Metaspace       used 66335K, capacity 68978K, committed 69120K, reserved 1110016K
  class space    used 8832K, capacity 9374K, committed 9472K, reserved 1048576K
}
Event: 79.602 GC heap before
{Heap before GC invocations=25 (full 3):
 PSYoungGen      total 266240K, used 257898K [0x00000000e0000000, 0x00000000f5700000, 0x0000000100000000)
  eden space 253440K, 100% used [0x00000000e0000000,0x00000000ef780000,0x00000000ef780000)
  from space 12800K, 34% used [0x00000000ef780000,0x00000000efbda980,0x00000000f0400000)
  to   space 12800K, 0% used [0x00000000f4a80000,0x00000000f4a80000,0x00000000f5700000)
 ParOldGen       total 125440K, used 42153K [0x00000000a0000000, 0x00000000a7a80000, 0x00000000e0000000)
  object space 125440K, 33% used [0x00000000a0000000,0x00000000a292a680,0x00000000a7a80000)
 Metaspace       used 66397K, capacity 68992K, committed 69120K, reserved 1110016K
  class space    used 8833K, capacity 9375K, committed 9472K, reserved 1048576K
Event: 79.636 GC heap after
Heap after GC invocations=25 (full 3):
 PSYoungGen      total 334336K, used 4742K [0x00000000e0000000, 0x00000000f5500000, 0x0000000100000000)
  eden space 323584K, 0% used [0x00000000e0000000,0x00000000e0000000,0x00000000f3c00000)
  from space 10752K, 44% used [0x00000000f4a80000,0x00000000f4f21bb0,0x00000000f5500000)
  to   space 12800K, 0% used [0x00000000f3c00000,0x00000000f3c00000,0x00000000f4880000)
 ParOldGen       total 125440K, used 42289K [0x00000000a0000000, 0x00000000a7a80000, 0x00000000e0000000)
  object space 125440K, 33% used [0x00000000a0000000,0x00000000a294c680,0x00000000a7a80000)
 Metaspace       used 66397K, capacity 68992K, committed 69120K, reserved 1110016K
  class space    used 8833K, capacity 9375K, committed 9472K, reserved 1048576K
}
Event: 81.321 GC heap before
{Heap before GC invocations=26 (full 3):
 PSYoungGen      total 334336K, used 328326K [0x00000000e0000000, 0x00000000f5500000, 0x0000000100000000)
  eden space 323584K, 100% used [0x00000000e0000000,0x00000000f3c00000,0x00000000f3c00000)
  from space 10752K, 44% used [0x00000000f4a80000,0x00000000f4f21bb0,0x00000000f5500000)
  to   space 12800K, 0% used [0x00000000f3c00000,0x00000000f3c00000,0x00000000f4880000)
 ParOldGen       total 125440K, used 42289K [0x00000000a0000000, 0x00000000a7a80000, 0x00000000e0000000)
  object space 125440K, 33% used [0x00000000a0000000,0x00000000a294c680,0x00000000a7a80000)
 Metaspace       used 66432K, capacity 69056K, committed 69376K, reserved 1110016K
  class space    used 8833K, capacity 9375K, committed 9472K, reserved 1048576K
Event: 81.335 GC heap after
Heap after GC invocations=26 (full 3):
 PSYoungGen      total 336384K, used 3322K [0x00000000e0000000, 0x00000000f5500000, 0x0000000100000000)
  eden space 323584K, 0% used [0x00000000e0000000,0x00000000e0000000,0x00000000f3c00000)
  from space 12800K, 25% used [0x00000000f3c00000,0x00000000f3f3ea10,0x00000000f4880000)
  to   space 10752K, 0% used [0x00000000f4a80000,0x00000000f4a80000,0x00000000f5500000)
 ParOldGen       total 125440K, used 42313K [0x00000000a0000000, 0x00000000a7a80000, 0x00000000e0000000)
  object space 125440K, 33% used [0x00000000a0000000,0x00000000a2952680,0x00000000a7a80000)
 Metaspace       used 66432K, capacity 69056K, committed 69376K, reserved 1110016K
  class space    used 8833K, capacity 9375K, committed 9472K, reserved 1048576K
}
Event: 82.828 GC heap before
{Heap before GC invocations=27 (full 3):
 PSYoungGen      total 336384K, used 326906K [0x00000000e0000000, 0x00000000f5500000, 0x0000000100000000)
  eden space 323584K, 100% used [0x00000000e0000000,0x00000000f3c00000,0x00000000f3c00000)
  from space 12800K, 25% used [0x00000000f3c00000,0x00000000f3f3ea10,0x00000000f4880000)
  to   space 10752K, 0% used [0x00000000f4a80000,0x00000000f4a80000,0x00000000f5500000)
 ParOldGen       total 125440K, used 42313K [0x00000000a0000000, 0x00000000a7a80000, 0x00000000e0000000)
  object space 125440K, 33% used [0x00000000a0000000,0x00000000a2952680,0x00000000a7a80000)
 Metaspace       used 66453K, capacity 69056K, committed 69376K, reserved 1110016K
  class space    used 8833K, capacity 9375K, committed 9472K, reserved 1048576K
Event: 82.851 GC heap after
Heap after GC invocations=27 (full 3):
 PSYoungGen      total 334336K, used 10746K [0x00000000e0000000, 0x00000000f5500000, 0x0000000100000000)
  eden space 323584K, 0% used [0x00000000e0000000,0x00000000e0000000,0x00000000f3c00000)
  from space 10752K, 99% used [0x00000000f4a80000,0x00000000f54feba8,0x00000000f5500000)
  to   space 12800K, 0% used [0x00000000f3c00000,0x00000000f3c00000,0x00000000f4880000)
 ParOldGen       total 125440K, used 46191K [0x00000000a0000000, 0x00000000a7a80000, 0x00000000e0000000)
  object space 125440K, 36% used [0x00000000a0000000,0x00000000a2d1bed0,0x00000000a7a80000)
 Metaspace       used 66453K, capacity 69056K, committed 69376K, reserved 1110016K
  class space    used 8833K, capacity 9375K, committed 9472K, reserved 1048576K
}
Event: 84.135 GC heap before
{Heap before GC invocations=28 (full 3):
 PSYoungGen      total 334336K, used 334330K [0x00000000e0000000, 0x00000000f5500000, 0x0000000100000000)
  eden space 323584K, 100% used [0x00000000e0000000,0x00000000f3c00000,0x00000000f3c00000)
  from space 10752K, 99% used [0x00000000f4a80000,0x00000000f54feba8,0x00000000f5500000)
  to   space 12800K, 0% used [0x00000000f3c00000,0x00000000f3c00000,0x00000000f4880000)
 ParOldGen       total 125440K, used 46191K [0x00000000a0000000, 0x00000000a7a80000, 0x00000000e0000000)
  object space 125440K, 36% used [0x00000000a0000000,0x00000000a2d1bed0,0x00000000a7a80000)
 Metaspace       used 66475K, capacity 69056K, committed 69376K, reserved 1110016K
  class space    used 8834K, capacity 9375K, committed 9472K, reserved 1048576K
Event: 84.170 GC heap after
Heap after GC invocations=28 (full 3):
 PSYoungGen      total 336384K, used 3392K [0x00000000e0000000, 0x00000000f5500000, 0x0000000100000000)
  eden space 323584K, 0% used [0x00000000e0000000,0x00000000e0000000,0x00000000f3c00000)
  from space 12800K, 26% used [0x00000000f3c00000,0x00000000f3f50030,0x00000000f4880000)
  to   space 10752K, 0% used [0x00000000f4a80000,0x00000000f4a80000,0x00000000f5500000)
 ParOldGen       total 125440K, used 54804K [0x00000000a0000000, 0x00000000a7a80000, 0x00000000e0000000)
  object space 125440K, 43% used [0x00000000a0000000,0x00000000a35850e8,0x00000000a7a80000)
 Metaspace       used 66475K, capacity 69056K, committed 69376K, reserved 1110016K
  class space    used 8834K, capacity 9375K, committed 9472K, reserved 1048576K
}

