# JRE version: OpenJDK Runtime Environment (8.0_152-b01) (build 1.8.0_152-release-915-b01)
# Java VM: OpenJDK 64-Bit Server VM (25.152-b01 mixed mode windows-amd64 compressed oops)
Heap:
 PSYoungGen      total 65024K, used 10983K [0x00000000e0000000, 0x00000000e5a00000, 0x0000000100000000)
  eden space 58368K, 18% used [0x00000000e0000000,0x00000000e0ab9fe0,0x00000000e3900000)
  from space 6656K, 0% used [0x00000000e3900000,0x00000000e3900000,0x00000000e3f80000)
  to   space 6656K, 0% used [0x00000000e5380000,0x00000000e5380000,0x00000000e5a00000)
 ParOldGen       total 52224K, used 16007K [0x00000000a0000000, 0x00000000a3300000, 0x00000000e0000000)
  object space 52224K, 30% used [0x00000000a0000000,0x00000000a0fa1e38,0x00000000a3300000)
 Metaspace       used 36162K, capacity 36786K, committed 37208K, reserved 1081344K
  class space    used 4885K, capacity 5117K, committed 5208K, reserved 1048576K
GC Heap History (10 events):
Event: 11.523 GC heap before
{Heap before GC invocations=11 (full 1):
 PSYoungGen      total 36864K, used 34097K [0x00000000e0000000, 0x00000000e3600000, 0x0000000100000000)
  eden space 30720K, 98% used [0x00000000e0000000,0x00000000e1dada88,0x00000000e1e00000)
  from space 6144K, 60% used [0x00000000e1e00000,0x00000000e219eb50,0x00000000e2400000)
  to   space 6144K, 0% used [0x00000000e3000000,0x00000000e3000000,0x00000000e3600000)
 ParOldGen       total 31232K, used 7421K [0x00000000a0000000, 0x00000000a1e80000, 0x00000000e0000000)
  object space 31232K, 23% used [0x00000000a0000000,0x00000000a073f430,0x00000000a1e80000)
 Metaspace       used 25128K, capacity 25698K, committed 25984K, reserved 1071104K
  class space    used 3479K, capacity 3698K, committed 3712K, reserved 1048576K
Event: 11.532 GC heap after
Heap after GC invocations=11 (full 1):
 PSYoungGen      total 48640K, used 5579K [0x00000000e0000000, 0x00000000e3780000, 0x0000000100000000)
  eden space 42496K, 0% used [0x00000000e0000000,0x00000000e0000000,0x00000000e2980000)
  from space 6144K, 90% used [0x00000000e3000000,0x00000000e3572d58,0x00000000e3600000)
  to   space 6656K, 0% used [0x00000000e2980000,0x00000000e2980000,0x00000000e3000000)
 ParOldGen       total 31232K, used 7429K [0x00000000a0000000, 0x00000000a1e80000, 0x00000000e0000000)
  object space 31232K, 23% used [0x00000000a0000000,0x00000000a0741430,0x00000000a1e80000)
 Metaspace       used 25128K, capacity 25698K, committed 25984K, reserved 1071104K
  class space    used 3479K, capacity 3698K, committed 3712K, reserved 1048576K
}
Event: 12.654 GC heap before
{Heap before GC invocations=12 (full 1):
 PSYoungGen      total 48640K, used 48075K [0x00000000e0000000, 0x00000000e3780000, 0x0000000100000000)
  eden space 42496K, 100% used [0x00000000e0000000,0x00000000e2980000,0x00000000e2980000)
  from space 6144K, 90% used [0x00000000e3000000,0x00000000e3572d58,0x00000000e3600000)
  to   space 6656K, 0% used [0x00000000e2980000,0x00000000e2980000,0x00000000e3000000)
 ParOldGen       total 31232K, used 7429K [0x00000000a0000000, 0x00000000a1e80000, 0x00000000e0000000)
  object space 31232K, 23% used [0x00000000a0000000,0x00000000a0741430,0x00000000a1e80000)
 Metaspace       used 28341K, capacity 28876K, committed 29056K, reserved 1075200K
  class space    used 3953K, capacity 4159K, committed 4224K, reserved 1048576K
Event: 12.662 GC heap after
Heap after GC invocations=12 (full 1):
 PSYoungGen      total 49152K, used 3867K [0x00000000e0000000, 0x00000000e4600000, 0x0000000100000000)
  eden space 42496K, 0% used [0x00000000e0000000,0x00000000e0000000,0x00000000e2980000)
  from space 6656K, 58% used [0x00000000e2980000,0x00000000e2d46d90,0x00000000e3000000)
  to   space 6144K, 0% used [0x00000000e4000000,0x00000000e4000000,0x00000000e4600000)
 ParOldGen       total 31232K, used 11093K [0x00000000a0000000, 0x00000000a1e80000, 0x00000000e0000000)
  object space 31232K, 35% used [0x00000000a0000000,0x00000000a0ad54b0,0x00000000a1e80000)
 Metaspace       used 28341K, capacity 28876K, committed 29056K, reserved 1075200K
  class space    used 3953K, capacity 4159K, committed 4224K, reserved 1048576K
}
Event: 14.427 GC heap before
{Heap before GC invocations=13 (full 1):
 PSYoungGen      total 49152K, used 46363K [0x00000000e0000000, 0x00000000e4600000, 0x0000000100000000)
  eden space 42496K, 100% used [0x00000000e0000000,0x00000000e2980000,0x00000000e2980000)
  from space 6656K, 58% used [0x00000000e2980000,0x00000000e2d46d90,0x00000000e3000000)
  to   space 6144K, 0% used [0x00000000e4000000,0x00000000e4000000,0x00000000e4600000)
 ParOldGen       total 31232K, used 11093K [0x00000000a0000000, 0x00000000a1e80000, 0x00000000e0000000)
  object space 31232K, 35% used [0x00000000a0000000,0x00000000a0ad54b0,0x00000000a1e80000)
 Metaspace       used 30566K, capacity 31148K, committed 31360K, reserved 1077248K
  class space    used 4167K, capacity 4383K, committed 4480K, reserved 1048576K
Event: 14.431 GC heap after
Heap after GC invocations=13 (full 1):
 PSYoungGen      total 64512K, used 1271K [0x00000000e0000000, 0x00000000e4600000, 0x0000000100000000)
  eden space 58368K, 0% used [0x00000000e0000000,0x00000000e0000000,0x00000000e3900000)
  from space 6144K, 20% used [0x00000000e4000000,0x00000000e413de60,0x00000000e4600000)
  to   space 6656K, 0% used [0x00000000e3900000,0x00000000e3900000,0x00000000e3f80000)
 ParOldGen       total 31232K, used 12177K [0x00000000a0000000, 0x00000000a1e80000, 0x00000000e0000000)
  object space 31232K, 38% used [0x00000000a0000000,0x00000000a0be4780,0x00000000a1e80000)
 Metaspace       used 30566K, capacity 31148K, committed 31360K, reserved 1077248K
  class space    used 4167K, capacity 4383K, committed 4480K, reserved 1048576K
}
Event: 16.085 GC heap before
{Heap before GC invocations=14 (full 1):
 PSYoungGen      total 64512K, used 34724K [0x00000000e0000000, 0x00000000e4600000, 0x0000000100000000)
  eden space 58368K, 57% used [0x00000000e0000000,0x00000000e20ab460,0x00000000e3900000)
  from space 6144K, 20% used [0x00000000e4000000,0x00000000e413de60,0x00000000e4600000)
  to   space 6656K, 0% used [0x00000000e3900000,0x00000000e3900000,0x00000000e3f80000)
 ParOldGen       total 31232K, used 12177K [0x00000000a0000000, 0x00000000a1e80000, 0x00000000e0000000)
  object space 31232K, 38% used [0x00000000a0000000,0x00000000a0be4780,0x00000000a1e80000)
 Metaspace       used 34522K, capacity 35196K, committed 35416K, reserved 1079296K
  class space    used 4644K, capacity 4887K, committed 4952K, reserved 1048576K
Event: 16.091 GC heap after
Heap after GC invocations=14 (full 1):
 PSYoungGen      total 65024K, used 4701K [0x00000000e0000000, 0x00000000e5a00000, 0x0000000100000000)
  eden space 58368K, 0% used [0x00000000e0000000,0x00000000e0000000,0x00000000e3900000)
  from space 6656K, 70% used [0x00000000e3900000,0x00000000e3d97700,0x00000000e3f80000)
  to   space 6656K, 0% used [0x00000000e5380000,0x00000000e5380000,0x00000000e5a00000)
 ParOldGen       total 31232K, used 12885K [0x00000000a0000000, 0x00000000a1e80000, 0x00000000e0000000)
  object space 31232K, 41% used [0x00000000a0000000,0x00000000a0c957b0,0x00000000a1e80000)
 Metaspace       used 34522K, capacity 35196K, committed 35416K, reserved 1079296K
  class space    used 4644K, capacity 4887K, committed 4952K, reserved 1048576K
}
Event: 16.091 GC heap before
{Heap before GC invocations=15 (full 2):
 PSYoungGen      total 65024K, used 4701K [0x00000000e0000000, 0x00000000e5a00000, 0x0000000100000000)
  eden space 58368K, 0% used [0x00000000e0000000,0x00000000e0000000,0x00000000e3900000)
  from space 6656K, 70% used [0x00000000e3900000,0x00000000e3d97700,0x00000000e3f80000)
  to   space 6656K, 0% used [0x00000000e5380000,0x00000000e5380000,0x00000000e5a00000)
 ParOldGen       total 31232K, used 12885K [0x00000000a0000000, 0x00000000a1e80000, 0x00000000e0000000)
  object space 31232K, 41% used [0x00000000a0000000,0x00000000a0c957b0,0x00000000a1e80000)
 Metaspace       used 34522K, capacity 35196K, committed 35416K, reserved 1079296K
  class space    used 4644K, capacity 4887K, committed 4952K, reserved 1048576K
Event: 16.162 GC heap after
Heap after GC invocations=15 (full 2):
 PSYoungGen      total 65024K, used 0K [0x00000000e0000000, 0x00000000e5a00000, 0x0000000100000000)
  eden space 58368K, 0% used [0x00000000e0000000,0x00000000e0000000,0x00000000e3900000)
  from space 6656K, 0% used [0x00000000e3900000,0x00000000e3900000,0x00000000e3f80000)
  to   space 6656K, 0% used [0x00000000e5380000,0x00000000e5380000,0x00000000e5a00000)
 ParOldGen       total 52224K, used 16007K [0x00000000a0000000, 0x00000000a3300000, 0x00000000e0000000)
  object space 52224K, 30% used [0x00000000a0000000,0x00000000a0fa1e38,0x00000000a3300000)
 Metaspace       used 34522K, capacity 35196K, committed 35416K, reserved 1079296K
  class space    used 4644K, capacity 4887K, committed 4952K, reserved 1048576K
}

