# JRE version: OpenJDK Runtime Environment (8.0_152-b01) (build 1.8.0_152-release-915-b01)
# Java VM: OpenJDK 64-Bit Server VM (25.152-b01 mixed mode windows-amd64 compressed oops)
Heap:
 PSYoungGen      total 136704K, used 14898K [0x00000000e0000000, 0x00000000e9680000, 0x0000000100000000)
  eden space 126464K, 3% used [0x00000000e0000000,0x00000000e04e1d28,0x00000000e7b80000)
  from space 10240K, 96% used [0x00000000e8c80000,0x00000000e962ab50,0x00000000e9680000)
  to   space 13312K, 0% used [0x00000000e7c80000,0x00000000e7c80000,0x00000000e8980000)
 ParOldGen       total 55296K, used 17051K [0x00000000a0000000, 0x00000000a3600000, 0x00000000e0000000)
  object space 55296K, 30% used [0x00000000a0000000,0x00000000a10a6f38,0x00000000a3600000)
 Metaspace       used 40843K, capacity 41758K, committed 41984K, reserved 1085440K
  class space    used 5494K, capacity 5829K, committed 5888K, reserved 1048576K
GC Heap History (10 events):
Event: 7.081 GC heap before
{Heap before GC invocations=8 (full 1):
 PSYoungGen      total 69120K, used 61952K [0x00000000e0000000, 0x00000000e4f00000, 0x0000000100000000)
  eden space 61952K, 100% used [0x00000000e0000000,0x00000000e3c80000,0x00000000e3c80000)
  from space 7168K, 0% used [0x00000000e4500000,0x00000000e4500000,0x00000000e4c00000)
  to   space 8704K, 0% used [0x00000000e3c80000,0x00000000e3c80000,0x00000000e4500000)
 ParOldGen       total 36352K, used 9115K [0x00000000a0000000, 0x00000000a2380000, 0x00000000e0000000)
  object space 36352K, 25% used [0x00000000a0000000,0x00000000a08e6e20,0x00000000a2380000)
 Metaspace       used 25567K, capacity 26042K, committed 26240K, reserved 1071104K
  class space    used 3528K, capacity 3710K, committed 3712K, reserved 1048576K
Event: 7.092 GC heap after
Heap after GC invocations=8 (full 1):
 PSYoungGen      total 70656K, used 6651K [0x00000000e0000000, 0x00000000e7200000, 0x0000000100000000)
  eden space 61952K, 0% used [0x00000000e0000000,0x00000000e0000000,0x00000000e3c80000)
  from space 8704K, 76% used [0x00000000e3c80000,0x00000000e42fef40,0x00000000e4500000)
  to   space 9216K, 0% used [0x00000000e6900000,0x00000000e6900000,0x00000000e7200000)
 ParOldGen       total 36352K, used 9123K [0x00000000a0000000, 0x00000000a2380000, 0x00000000e0000000)
  object space 36352K, 25% used [0x00000000a0000000,0x00000000a08e8e20,0x00000000a2380000)
 Metaspace       used 25567K, capacity 26042K, committed 26240K, reserved 1071104K
  class space    used 3528K, capacity 3710K, committed 3712K, reserved 1048576K
}
Event: 8.300 GC heap before
{Heap before GC invocations=9 (full 1):
 PSYoungGen      total 70656K, used 68603K [0x00000000e0000000, 0x00000000e7200000, 0x0000000100000000)
  eden space 61952K, 100% used [0x00000000e0000000,0x00000000e3c80000,0x00000000e3c80000)
  from space 8704K, 76% used [0x00000000e3c80000,0x00000000e42fef40,0x00000000e4500000)
  to   space 9216K, 0% used [0x00000000e6900000,0x00000000e6900000,0x00000000e7200000)
 ParOldGen       total 36352K, used 9123K [0x00000000a0000000, 0x00000000a2380000, 0x00000000e0000000)
  object space 36352K, 25% used [0x00000000a0000000,0x00000000a08e8e20,0x00000000a2380000)
 Metaspace       used 31000K, capacity 31722K, committed 32000K, reserved 1077248K
  class space    used 4307K, capacity 4580K, committed 4608K, reserved 1048576K
Event: 8.325 GC heap after
Heap after GC invocations=9 (full 1):
 PSYoungGen      total 105984K, used 9203K [0x00000000e0000000, 0x00000000e7780000, 0x0000000100000000)
  eden space 96768K, 0% used [0x00000000e0000000,0x00000000e0000000,0x00000000e5e80000)
  from space 9216K, 99% used [0x00000000e6900000,0x00000000e71fcfe8,0x00000000e7200000)
  to   space 10752K, 0% used [0x00000000e5e80000,0x00000000e5e80000,0x00000000e6900000)
 ParOldGen       total 36352K, used 9608K [0x00000000a0000000, 0x00000000a2380000, 0x00000000e0000000)
  object space 36352K, 26% used [0x00000000a0000000,0x00000000a0962318,0x00000000a2380000)
 Metaspace       used 31000K, capacity 31722K, committed 32000K, reserved 1077248K
  class space    used 4307K, capacity 4580K, committed 4608K, reserved 1048576K
}
Event: 10.329 GC heap before
{Heap before GC invocations=10 (full 1):
 PSYoungGen      total 105984K, used 72575K [0x00000000e0000000, 0x00000000e7780000, 0x0000000100000000)
  eden space 96768K, 65% used [0x00000000e0000000,0x00000000e3de2ee0,0x00000000e5e80000)
  from space 9216K, 99% used [0x00000000e6900000,0x00000000e71fcfe8,0x00000000e7200000)
  to   space 10752K, 0% used [0x00000000e5e80000,0x00000000e5e80000,0x00000000e6900000)
 ParOldGen       total 36352K, used 9608K [0x00000000a0000000, 0x00000000a2380000, 0x00000000e0000000)
  object space 36352K, 26% used [0x00000000a0000000,0x00000000a0962318,0x00000000a2380000)
 Metaspace       used 34531K, capacity 35292K, committed 35416K, reserved 1079296K
  class space    used 4699K, capacity 5006K, committed 5120K, reserved 1048576K
Event: 10.344 GC heap after
Heap after GC invocations=10 (full 1):
 PSYoungGen      total 107520K, used 10546K [0x00000000e0000000, 0x00000000e9880000, 0x0000000100000000)
  eden space 96768K, 0% used [0x00000000e0000000,0x00000000e0000000,0x00000000e5e80000)
  from space 10752K, 98% used [0x00000000e5e80000,0x00000000e68ccbf0,0x00000000e6900000)
  to   space 12288K, 0% used [0x00000000e8c80000,0x00000000e8c80000,0x00000000e9880000)
 ParOldGen       total 36352K, used 9616K [0x00000000a0000000, 0x00000000a2380000, 0x00000000e0000000)
  object space 36352K, 26% used [0x00000000a0000000,0x00000000a0964318,0x00000000a2380000)
 Metaspace       used 34531K, capacity 35292K, committed 35416K, reserved 1079296K
  class space    used 4699K, capacity 5006K, committed 5120K, reserved 1048576K
}
Event: 10.344 GC heap before
{Heap before GC invocations=11 (full 2):
 PSYoungGen      total 107520K, used 10546K [0x00000000e0000000, 0x00000000e9880000, 0x0000000100000000)
  eden space 96768K, 0% used [0x00000000e0000000,0x00000000e0000000,0x00000000e5e80000)
  from space 10752K, 98% used [0x00000000e5e80000,0x00000000e68ccbf0,0x00000000e6900000)
  to   space 12288K, 0% used [0x00000000e8c80000,0x00000000e8c80000,0x00000000e9880000)
 ParOldGen       total 36352K, used 9616K [0x00000000a0000000, 0x00000000a2380000, 0x00000000e0000000)
  object space 36352K, 26% used [0x00000000a0000000,0x00000000a0964318,0x00000000a2380000)
 Metaspace       used 34531K, capacity 35292K, committed 35416K, reserved 1079296K
  class space    used 4699K, capacity 5006K, committed 5120K, reserved 1048576K
Event: 10.424 GC heap after
Heap after GC invocations=11 (full 2):
 PSYoungGen      total 107520K, used 0K [0x00000000e0000000, 0x00000000e9880000, 0x0000000100000000)
  eden space 96768K, 0% used [0x00000000e0000000,0x00000000e0000000,0x00000000e5e80000)
  from space 10752K, 0% used [0x00000000e5e80000,0x00000000e5e80000,0x00000000e6900000)
  to   space 12288K, 0% used [0x00000000e8c80000,0x00000000e8c80000,0x00000000e9880000)
 ParOldGen       total 55296K, used 17043K [0x00000000a0000000, 0x00000000a3600000, 0x00000000e0000000)
  object space 55296K, 30% used [0x00000000a0000000,0x00000000a10a4f38,0x00000000a3600000)
 Metaspace       used 34531K, capacity 35292K, committed 35416K, reserved 1079296K
  class space    used 4699K, capacity 5006K, committed 5120K, reserved 1048576K
}
Event: 12.883 GC heap before
{Heap before GC invocations=12 (full 2):
 PSYoungGen      total 107520K, used 96768K [0x00000000e0000000, 0x00000000e9880000, 0x0000000100000000)
  eden space 96768K, 100% used [0x00000000e0000000,0x00000000e5e80000,0x00000000e5e80000)
  from space 10752K, 0% used [0x00000000e5e80000,0x00000000e5e80000,0x00000000e6900000)
  to   space 12288K, 0% used [0x00000000e8c80000,0x00000000e8c80000,0x00000000e9880000)
 ParOldGen       total 55296K, used 17043K [0x00000000a0000000, 0x00000000a3600000, 0x00000000e0000000)
  object space 55296K, 30% used [0x00000000a0000000,0x00000000a10a4f38,0x00000000a3600000)
 Metaspace       used 40690K, capacity 41624K, committed 41984K, reserved 1085440K
  class space    used 5476K, capacity 5828K, committed 5888K, reserved 1048576K
Event: 12.918 GC heap after
Heap after GC invocations=12 (full 2):
 PSYoungGen      total 136704K, used 9898K [0x00000000e0000000, 0x00000000e9680000, 0x0000000100000000)
  eden space 126464K, 0% used [0x00000000e0000000,0x00000000e0000000,0x00000000e7b80000)
  from space 10240K, 96% used [0x00000000e8c80000,0x00000000e962ab50,0x00000000e9680000)
  to   space 13312K, 0% used [0x00000000e7c80000,0x00000000e7c80000,0x00000000e8980000)
 ParOldGen       total 55296K, used 17051K [0x00000000a0000000, 0x00000000a3600000, 0x00000000e0000000)
  object space 55296K, 30% used [0x00000000a0000000,0x00000000a10a6f38,0x00000000a3600000)
 Metaspace       used 40690K, capacity 41624K, committed 41984K, reserved 1085440K
  class space    used 5476K, capacity 5828K, committed 5888K, reserved 1048576K
}

