# JRE version: OpenJDK Runtime Environment (8.0_152-b01) (build 1.8.0_152-release-915-b01)
# Java VM: OpenJDK 64-Bit Server VM (25.152-b01 mixed mode windows-amd64 compressed oops)
Heap:
 PSYoungGen      total 49664K, used 9934K [0x00000000e0000000, 0x00000000e3f00000, 0x0000000100000000)
  eden space 43008K, 7% used [0x00000000e0000000,0x00000000e0338930,0x00000000e2a00000)
  from space 6656K, 99% used [0x00000000e2a00000,0x00000000e307b110,0x00000000e3080000)
  to   space 8704K, 0% used [0x00000000e3680000,0x00000000e3680000,0x00000000e3f00000)
 ParOldGen       total 59392K, used 33923K [0x00000000a0000000, 0x00000000a3a00000, 0x00000000e0000000)
  object space 59392K, 57% used [0x00000000a0000000,0x00000000a2120d10,0x00000000a3a00000)
 Metaspace       used 55720K, capacity 57560K, committed 57688K, reserved 1099776K
  class space    used 7477K, capacity 7957K, committed 8024K, reserved 1048576K
GC Heap History (10 events):
Event: 59.075 GC heap before
{Heap before GC invocations=28 (full 2):
 PSYoungGen      total 45056K, used 41691K [0x00000000e0000000, 0x00000000e3880000, 0x0000000100000000)
  eden space 39424K, 100% used [0x00000000e0000000,0x00000000e2680000,0x00000000e2680000)
  from space 5632K, 40% used [0x00000000e2680000,0x00000000e28b6f88,0x00000000e2c00000)
  to   space 5632K, 0% used [0x00000000e3300000,0x00000000e3300000,0x00000000e3880000)
 ParOldGen       total 33792K, used 23326K [0x00000000a0000000, 0x00000000a2100000, 0x00000000e0000000)
  object space 33792K, 69% used [0x00000000a0000000,0x00000000a16c7b58,0x00000000a2100000)
 Metaspace       used 48063K, capacity 49438K, committed 49624K, reserved 1091584K
  class space    used 6478K, capacity 6858K, committed 6872K, reserved 1048576K
Event: 59.087 GC heap after
Heap after GC invocations=28 (full 2):
 PSYoungGen      total 51712K, used 5131K [0x00000000e0000000, 0x00000000e3900000, 0x0000000100000000)
  eden space 46080K, 0% used [0x00000000e0000000,0x00000000e0000000,0x00000000e2d00000)
  from space 5632K, 91% used [0x00000000e3300000,0x00000000e3802c50,0x00000000e3880000)
  to   space 6144K, 0% used [0x00000000e2d00000,0x00000000e2d00000,0x00000000e3300000)
 ParOldGen       total 33792K, used 23531K [0x00000000a0000000, 0x00000000a2100000, 0x00000000e0000000)
  object space 33792K, 69% used [0x00000000a0000000,0x00000000a16fac88,0x00000000a2100000)
 Metaspace       used 48063K, capacity 49438K, committed 49624K, reserved 1091584K
  class space    used 6478K, capacity 6858K, committed 6872K, reserved 1048576K
}
Event: 62.317 GC heap before
{Heap before GC invocations=29 (full 2):
 PSYoungGen      total 51712K, used 51211K [0x00000000e0000000, 0x00000000e3900000, 0x0000000100000000)
  eden space 46080K, 100% used [0x00000000e0000000,0x00000000e2d00000,0x00000000e2d00000)
  from space 5632K, 91% used [0x00000000e3300000,0x00000000e3802c50,0x00000000e3880000)
  to   space 6144K, 0% used [0x00000000e2d00000,0x00000000e2d00000,0x00000000e3300000)
 ParOldGen       total 33792K, used 23531K [0x00000000a0000000, 0x00000000a2100000, 0x00000000e0000000)
  object space 33792K, 69% used [0x00000000a0000000,0x00000000a16fac88,0x00000000a2100000)
 Metaspace       used 50513K, capacity 52130K, committed 52440K, reserved 1093632K
  class space    used 6878K, capacity 7266K, committed 7384K, reserved 1048576K
Event: 62.330 GC heap after
Heap after GC invocations=29 (full 2):
 PSYoungGen      total 50176K, used 5456K [0x00000000e0000000, 0x00000000e3880000, 0x0000000100000000)
  eden space 44544K, 0% used [0x00000000e0000000,0x00000000e0000000,0x00000000e2b80000)
  from space 5632K, 96% used [0x00000000e2d00000,0x00000000e32542e0,0x00000000e3280000)
  to   space 6144K, 0% used [0x00000000e3280000,0x00000000e3280000,0x00000000e3880000)
 ParOldGen       total 33792K, used 27017K [0x00000000a0000000, 0x00000000a2100000, 0x00000000e0000000)
  object space 33792K, 79% used [0x00000000a0000000,0x00000000a1a62508,0x00000000a2100000)
 Metaspace       used 50513K, capacity 52130K, committed 52440K, reserved 1093632K
  class space    used 6878K, capacity 7266K, committed 7384K, reserved 1048576K
}
Event: 68.466 GC heap before
{Heap before GC invocations=30 (full 2):
 PSYoungGen      total 50176K, used 49471K [0x00000000e0000000, 0x00000000e3880000, 0x0000000100000000)
  eden space 44544K, 98% used [0x00000000e0000000,0x00000000e2afbcc8,0x00000000e2b80000)
  from space 5632K, 96% used [0x00000000e2d00000,0x00000000e32542e0,0x00000000e3280000)
  to   space 6144K, 0% used [0x00000000e3280000,0x00000000e3280000,0x00000000e3880000)
 ParOldGen       total 33792K, used 27017K [0x00000000a0000000, 0x00000000a2100000, 0x00000000e0000000)
  object space 33792K, 79% used [0x00000000a0000000,0x00000000a1a62508,0x00000000a2100000)
 Metaspace       used 52955K, capacity 54614K, committed 54744K, reserved 1095680K
  class space    used 7213K, capacity 7626K, committed 7640K, reserved 1048576K
Event: 68.477 GC heap after
Heap after GC invocations=30 (full 2):
 PSYoungGen      total 47616K, used 4183K [0x00000000e0000000, 0x00000000e3700000, 0x0000000100000000)
  eden space 43008K, 0% used [0x00000000e0000000,0x00000000e0000000,0x00000000e2a00000)
  from space 4608K, 90% used [0x00000000e3280000,0x00000000e3695db0,0x00000000e3700000)
  to   space 6656K, 0% used [0x00000000e2a00000,0x00000000e2a00000,0x00000000e3080000)
 ParOldGen       total 33792K, used 30852K [0x00000000a0000000, 0x00000000a2100000, 0x00000000e0000000)
  object space 33792K, 91% used [0x00000000a0000000,0x00000000a1e213a8,0x00000000a2100000)
 Metaspace       used 52955K, capacity 54614K, committed 54744K, reserved 1095680K
  class space    used 7213K, capacity 7626K, committed 7640K, reserved 1048576K
}
Event: 68.477 GC heap before
{Heap before GC invocations=31 (full 3):
 PSYoungGen      total 47616K, used 4183K [0x00000000e0000000, 0x00000000e3700000, 0x0000000100000000)
  eden space 43008K, 0% used [0x00000000e0000000,0x00000000e0000000,0x00000000e2a00000)
  from space 4608K, 90% used [0x00000000e3280000,0x00000000e3695db0,0x00000000e3700000)
  to   space 6656K, 0% used [0x00000000e2a00000,0x00000000e2a00000,0x00000000e3080000)
 ParOldGen       total 33792K, used 30852K [0x00000000a0000000, 0x00000000a2100000, 0x00000000e0000000)
  object space 33792K, 91% used [0x00000000a0000000,0x00000000a1e213a8,0x00000000a2100000)
 Metaspace       used 52955K, capacity 54614K, committed 54744K, reserved 1095680K
  class space    used 7213K, capacity 7626K, committed 7640K, reserved 1048576K
Event: 68.867 GC heap after
Heap after GC invocations=31 (full 3):
 PSYoungGen      total 47616K, used 0K [0x00000000e0000000, 0x00000000e3700000, 0x0000000100000000)
  eden space 43008K, 0% used [0x00000000e0000000,0x00000000e0000000,0x00000000e2a00000)
  from space 4608K, 0% used [0x00000000e3280000,0x00000000e3280000,0x00000000e3700000)
  to   space 6656K, 0% used [0x00000000e2a00000,0x00000000e2a00000,0x00000000e3080000)
 ParOldGen       total 59392K, used 32116K [0x00000000a0000000, 0x00000000a3a00000, 0x00000000e0000000)
  object space 59392K, 54% used [0x00000000a0000000,0x00000000a1f5d030,0x00000000a3a00000)
 Metaspace       used 52955K, capacity 54614K, committed 54744K, reserved 1095680K
  class space    used 7213K, capacity 7626K, committed 7640K, reserved 1048576K
}
Event: 113.979 GC heap before
{Heap before GC invocations=32 (full 3):
 PSYoungGen      total 47616K, used 43008K [0x00000000e0000000, 0x00000000e3700000, 0x0000000100000000)
  eden space 43008K, 100% used [0x00000000e0000000,0x00000000e2a00000,0x00000000e2a00000)
  from space 4608K, 0% used [0x00000000e3280000,0x00000000e3280000,0x00000000e3700000)
  to   space 6656K, 0% used [0x00000000e2a00000,0x00000000e2a00000,0x00000000e3080000)
 ParOldGen       total 59392K, used 32116K [0x00000000a0000000, 0x00000000a3a00000, 0x00000000e0000000)
  object space 59392K, 54% used [0x00000000a0000000,0x00000000a1f5d030,0x00000000a3a00000)
 Metaspace       used 55653K, capacity 57422K, committed 57688K, reserved 1099776K
  class space    used 7464K, capacity 7914K, committed 8024K, reserved 1048576K
Event: 113.988 GC heap after
Heap after GC invocations=32 (full 3):
 PSYoungGen      total 49664K, used 6636K [0x00000000e0000000, 0x00000000e3f00000, 0x0000000100000000)
  eden space 43008K, 0% used [0x00000000e0000000,0x00000000e0000000,0x00000000e2a00000)
  from space 6656K, 99% used [0x00000000e2a00000,0x00000000e307b110,0x00000000e3080000)
  to   space 8704K, 0% used [0x00000000e3680000,0x00000000e3680000,0x00000000e3f00000)
 ParOldGen       total 59392K, used 33923K [0x00000000a0000000, 0x00000000a3a00000, 0x00000000e0000000)
  object space 59392K, 57% used [0x00000000a0000000,0x00000000a2120d10,0x00000000a3a00000)
 Metaspace       used 55653K, capacity 57422K, committed 57688K, reserved 1099776K
  class space    used 7464K, capacity 7914K, committed 8024K, reserved 1048576K
}

