# JRE version: OpenJDK Runtime Environment (8.0_152-b02) (build 1.8.0_152-release-1024-b02)
# Java VM: OpenJDK 64-Bit Server VM (25.152-b02 mixed mode windows-amd64 compressed oops)
Heap:
 PSYoungGen      total 419328K, used 169073K [0x00000000e0000000, 0x00000000fce80000, 0x0000000100000000)
  eden space 367104K, 39% used [0x00000000e0000000,0x00000000e8da3440,0x00000000f6680000)
  from space 52224K, 46% used [0x00000000f9700000,0x00000000fae79330,0x00000000fca00000)
  to   space 49664K, 0% used [0x00000000f6680000,0x00000000f6680000,0x00000000f9700000)
 ParOldGen       total 135168K, used 83235K [0x00000000a0000000, 0x00000000a8400000, 0x00000000e0000000)
  object space 135168K, 61% used [0x00000000a0000000,0x00000000a5148df0,0x00000000a8400000)
 Metaspace       used 121195K, capacity 129318K, committed 129624K, reserved 1163264K
  class space    used 15098K, capacity 16688K, committed 16768K, reserved 1048576K
GC Heap History (10 events):
Event: 10793.562 GC heap before
{Heap before GC invocations=91 (full 7):
 PSYoungGen      total 321024K, used 306497K [0x00000000e0000000, 0x00000000f7b80000, 0x0000000100000000)
  eden space 278016K, 100% used [0x00000000e0000000,0x00000000f0f80000,0x00000000f0f80000)
  from space 43008K, 66% used [0x00000000f0f80000,0x00000000f2b50680,0x00000000f3980000)
  to   space 44544K, 0% used [0x00000000f5000000,0x00000000f5000000,0x00000000f7b80000)
 ParOldGen       total 135168K, used 78444K [0x00000000a0000000, 0x00000000a8400000, 0x00000000e0000000)
  object space 135168K, 58% used [0x00000000a0000000,0x00000000a4c9b228,0x00000000a8400000)
 Metaspace       used 111669K, capacity 118758K, committed 119000K, reserved 1153024K
  class space    used 13915K, capacity 15352K, committed 15360K, reserved 1048576K
Event: 10793.610 GC heap after
Heap after GC invocations=91 (full 7):
 PSYoungGen      total 340992K, used 27767K [0x00000000e0000000, 0x00000000f7b00000, 0x0000000100000000)
  eden space 296960K, 0% used [0x00000000e0000000,0x00000000e0000000,0x00000000f2200000)
  from space 44032K, 63% used [0x00000000f5000000,0x00000000f6b1df80,0x00000000f7b00000)
  to   space 45568K, 0% used [0x00000000f2200000,0x00000000f2200000,0x00000000f4e80000)
 ParOldGen       total 135168K, used 78452K [0x00000000a0000000, 0x00000000a8400000, 0x00000000e0000000)
  object space 135168K, 58% used [0x00000000a0000000,0x00000000a4c9d228,0x00000000a8400000)
 Metaspace       used 111669K, capacity 118758K, committed 119000K, reserved 1153024K
  class space    used 13915K, capacity 15352K, committed 15360K, reserved 1048576K
}
Event: 10805.442 GC heap before
{Heap before GC invocations=92 (full 7):
 PSYoungGen      total 340992K, used 324727K [0x00000000e0000000, 0x00000000f7b00000, 0x0000000100000000)
  eden space 296960K, 100% used [0x00000000e0000000,0x00000000f2200000,0x00000000f2200000)
  from space 44032K, 63% used [0x00000000f5000000,0x00000000f6b1df80,0x00000000f7b00000)
  to   space 45568K, 0% used [0x00000000f2200000,0x00000000f2200000,0x00000000f4e80000)
 ParOldGen       total 135168K, used 78452K [0x00000000a0000000, 0x00000000a8400000, 0x00000000e0000000)
  object space 135168K, 58% used [0x00000000a0000000,0x00000000a4c9d228,0x00000000a8400000)
 Metaspace       used 120761K, capacity 128852K, committed 129112K, reserved 1161216K
  class space    used 15095K, capacity 16687K, committed 16768K, reserved 1048576K
Event: 10805.668 GC heap after
Heap after GC invocations=92 (full 7):
 PSYoungGen      total 342528K, used 37953K [0x00000000e0000000, 0x00000000f9b80000, 0x0000000100000000)
  eden space 296960K, 0% used [0x00000000e0000000,0x00000000e0000000,0x00000000f2200000)
  from space 45568K, 83% used [0x00000000f2200000,0x00000000f47107d0,0x00000000f4e80000)
  to   space 49664K, 0% used [0x00000000f6b00000,0x00000000f6b00000,0x00000000f9b80000)
 ParOldGen       total 135168K, used 78460K [0x00000000a0000000, 0x00000000a8400000, 0x00000000e0000000)
  object space 135168K, 58% used [0x00000000a0000000,0x00000000a4c9f228,0x00000000a8400000)
 Metaspace       used 120761K, capacity 128852K, committed 129112K, reserved 1161216K
  class space    used 15095K, capacity 16687K, committed 16768K, reserved 1048576K
}
Event: 10807.826 GC heap before
{Heap before GC invocations=93 (full 7):
 PSYoungGen      total 342528K, used 334913K [0x00000000e0000000, 0x00000000f9b80000, 0x0000000100000000)
  eden space 296960K, 100% used [0x00000000e0000000,0x00000000f2200000,0x00000000f2200000)
  from space 45568K, 83% used [0x00000000f2200000,0x00000000f47107d0,0x00000000f4e80000)
  to   space 49664K, 0% used [0x00000000f6b00000,0x00000000f6b00000,0x00000000f9b80000)
 ParOldGen       total 135168K, used 78460K [0x00000000a0000000, 0x00000000a8400000, 0x00000000e0000000)
  object space 135168K, 58% used [0x00000000a0000000,0x00000000a4c9f228,0x00000000a8400000)
 Metaspace       used 120999K, capacity 129088K, committed 129368K, reserved 1161216K
  class space    used 15096K, capacity 16687K, committed 16768K, reserved 1048576K
Event: 10807.923 GC heap after
Heap after GC invocations=93 (full 7):
 PSYoungGen      total 369152K, used 35883K [0x00000000e0000000, 0x00000000fa980000, 0x0000000100000000)
  eden space 319488K, 0% used [0x00000000e0000000,0x00000000e0000000,0x00000000f3800000)
  from space 49664K, 72% used [0x00000000f6b00000,0x00000000f8e0adc0,0x00000000f9b80000)
  to   space 52224K, 0% used [0x00000000f3800000,0x00000000f3800000,0x00000000f6b00000)
 ParOldGen       total 135168K, used 78468K [0x00000000a0000000, 0x00000000a8400000, 0x00000000e0000000)
  object space 135168K, 58% used [0x00000000a0000000,0x00000000a4ca1228,0x00000000a8400000)
 Metaspace       used 120999K, capacity 129088K, committed 129368K, reserved 1161216K
  class space    used 15096K, capacity 16687K, committed 16768K, reserved 1048576K
}
Event: 10809.826 GC heap before
{Heap before GC invocations=94 (full 7):
 PSYoungGen      total 369152K, used 355371K [0x00000000e0000000, 0x00000000fa980000, 0x0000000100000000)
  eden space 319488K, 100% used [0x00000000e0000000,0x00000000f3800000,0x00000000f3800000)
  from space 49664K, 72% used [0x00000000f6b00000,0x00000000f8e0adc0,0x00000000f9b80000)
  to   space 52224K, 0% used [0x00000000f3800000,0x00000000f3800000,0x00000000f6b00000)
 ParOldGen       total 135168K, used 78468K [0x00000000a0000000, 0x00000000a8400000, 0x00000000e0000000)
  object space 135168K, 58% used [0x00000000a0000000,0x00000000a4ca1228,0x00000000a8400000)
 Metaspace       used 121112K, capacity 129232K, committed 129368K, reserved 1161216K
  class space    used 15097K, capacity 16687K, committed 16768K, reserved 1048576K
Event: 10809.976 GC heap after
Heap after GC invocations=94 (full 7):
 PSYoungGen      total 371712K, used 30512K [0x00000000e0000000, 0x00000000fca00000, 0x0000000100000000)
  eden space 319488K, 0% used [0x00000000e0000000,0x00000000e0000000,0x00000000f3800000)
  from space 52224K, 58% used [0x00000000f3800000,0x00000000f55cc178,0x00000000f6b00000)
  to   space 52224K, 0% used [0x00000000f9700000,0x00000000f9700000,0x00000000fca00000)
 ParOldGen       total 135168K, used 78476K [0x00000000a0000000, 0x00000000a8400000, 0x00000000e0000000)
  object space 135168K, 58% used [0x00000000a0000000,0x00000000a4ca3228,0x00000000a8400000)
 Metaspace       used 121112K, capacity 129232K, committed 129368K, reserved 1161216K
  class space    used 15097K, capacity 16687K, committed 16768K, reserved 1048576K
}
Event: 10811.847 GC heap before
{Heap before GC invocations=95 (full 7):
 PSYoungGen      total 371712K, used 350000K [0x00000000e0000000, 0x00000000fca00000, 0x0000000100000000)
  eden space 319488K, 100% used [0x00000000e0000000,0x00000000f3800000,0x00000000f3800000)
  from space 52224K, 58% used [0x00000000f3800000,0x00000000f55cc178,0x00000000f6b00000)
  to   space 52224K, 0% used [0x00000000f9700000,0x00000000f9700000,0x00000000fca00000)
 ParOldGen       total 135168K, used 78476K [0x00000000a0000000, 0x00000000a8400000, 0x00000000e0000000)
  object space 135168K, 58% used [0x00000000a0000000,0x00000000a4ca3228,0x00000000a8400000)
 Metaspace       used 121161K, capacity 129248K, committed 129368K, reserved 1161216K
  class space    used 15098K, capacity 16687K, committed 16768K, reserved 1048576K
Event: 10812.377 GC heap after
Heap after GC invocations=95 (full 7):
 PSYoungGen      total 419328K, used 24036K [0x00000000e0000000, 0x00000000fce80000, 0x0000000100000000)
  eden space 367104K, 0% used [0x00000000e0000000,0x00000000e0000000,0x00000000f6680000)
  from space 52224K, 46% used [0x00000000f9700000,0x00000000fae79330,0x00000000fca00000)
  to   space 49664K, 0% used [0x00000000f6680000,0x00000000f6680000,0x00000000f9700000)
 ParOldGen       total 135168K, used 83235K [0x00000000a0000000, 0x00000000a8400000, 0x00000000e0000000)
  object space 135168K, 61% used [0x00000000a0000000,0x00000000a5148df0,0x00000000a8400000)
 Metaspace       used 121161K, capacity 129248K, committed 129368K, reserved 1161216K
  class space    used 15098K, capacity 16687K, committed 16768K, reserved 1048576K
}

