# JRE version: OpenJDK Runtime Environment (8.0_152-b01) (build 1.8.0_152-release-915-b01)
# Java VM: OpenJDK 64-Bit Server VM (25.152-b01 mixed mode windows-amd64 compressed oops)
Heap:
 PSYoungGen      total 48128K, used 6425K [0x00000000e0000000, 0x00000000e3980000, 0x0000000100000000)
  eden space 40960K, 15% used [0x00000000e0000000,0x00000000e0646468,0x00000000e2800000)
  from space 7168K, 0% used [0x00000000e3000000,0x00000000e3000000,0x00000000e3700000)
  to   space 8192K, 0% used [0x00000000e2800000,0x00000000e2800000,0x00000000e3000000)
 ParOldGen       total 55296K, used 15664K [0x00000000a0000000, 0x00000000a3600000, 0x00000000e0000000)
  object space 55296K, 28% used [0x00000000a0000000,0x00000000a0f4c1a8,0x00000000a3600000)
 Metaspace       used 35944K, capacity 36530K, committed 36824K, reserved 1081344K
  class space    used 4849K, capacity 5053K, committed 5080K, reserved 1048576K
GC Heap History (10 events):
Event: 16.686 GC heap before
{Heap before GC invocations=14 (full 1):
 PSYoungGen      total 31744K, used 30620K [0x00000000e0000000, 0x00000000e2700000, 0x0000000100000000)
  eden space 25600K, 100% used [0x00000000e0000000,0x00000000e1900000,0x00000000e1900000)
  from space 6144K, 81% used [0x00000000e1f80000,0x00000000e2467130,0x00000000e2580000)
  to   space 6656K, 0% used [0x00000000e1900000,0x00000000e1900000,0x00000000e1f80000)
 ParOldGen       total 34816K, used 7604K [0x00000000a0000000, 0x00000000a2200000, 0x00000000e0000000)
  object space 34816K, 21% used [0x00000000a0000000,0x00000000a076d0d8,0x00000000a2200000)
 Metaspace       used 27933K, capacity 28460K, committed 28672K, reserved 1073152K
  class space    used 3889K, capacity 4063K, committed 4096K, reserved 1048576K
Event: 16.693 GC heap after
Heap after GC invocations=14 (full 1):
 PSYoungGen      total 32256K, used 6121K [0x00000000e0000000, 0x00000000e2f00000, 0x0000000100000000)
  eden space 25600K, 0% used [0x00000000e0000000,0x00000000e0000000,0x00000000e1900000)
  from space 6656K, 91% used [0x00000000e1900000,0x00000000e1efa628,0x00000000e1f80000)
  to   space 7168K, 0% used [0x00000000e2800000,0x00000000e2800000,0x00000000e2f00000)
 ParOldGen       total 34816K, used 7612K [0x00000000a0000000, 0x00000000a2200000, 0x00000000e0000000)
  object space 34816K, 21% used [0x00000000a0000000,0x00000000a076f0d8,0x00000000a2200000)
 Metaspace       used 27933K, capacity 28460K, committed 28672K, reserved 1073152K
  class space    used 3889K, capacity 4063K, committed 4096K, reserved 1048576K
}
Event: 20.217 GC heap before
{Heap before GC invocations=15 (full 1):
 PSYoungGen      total 32256K, used 31721K [0x00000000e0000000, 0x00000000e2f00000, 0x0000000100000000)
  eden space 25600K, 100% used [0x00000000e0000000,0x00000000e1900000,0x00000000e1900000)
  from space 6656K, 91% used [0x00000000e1900000,0x00000000e1efa628,0x00000000e1f80000)
  to   space 7168K, 0% used [0x00000000e2800000,0x00000000e2800000,0x00000000e2f00000)
 ParOldGen       total 34816K, used 7612K [0x00000000a0000000, 0x00000000a2200000, 0x00000000e0000000)
  object space 34816K, 21% used [0x00000000a0000000,0x00000000a076f0d8,0x00000000a2200000)
 Metaspace       used 30187K, capacity 30764K, committed 30976K, reserved 1075200K
  class space    used 4120K, capacity 4319K, committed 4352K, reserved 1048576K
Event: 20.228 GC heap after
Heap after GC invocations=15 (full 1):
 PSYoungGen      total 39936K, used 4647K [0x00000000e0000000, 0x00000000e2e80000, 0x0000000100000000)
  eden space 33280K, 0% used [0x00000000e0000000,0x00000000e0000000,0x00000000e2080000)
  from space 6656K, 69% used [0x00000000e2800000,0x00000000e2c89e80,0x00000000e2e80000)
  to   space 7168K, 0% used [0x00000000e2080000,0x00000000e2080000,0x00000000e2780000)
 ParOldGen       total 34816K, used 8976K [0x00000000a0000000, 0x00000000a2200000, 0x00000000e0000000)
  object space 34816K, 25% used [0x00000000a0000000,0x00000000a08c4138,0x00000000a2200000)
 Metaspace       used 30187K, capacity 30764K, committed 30976K, reserved 1075200K
  class space    used 4120K, capacity 4319K, committed 4352K, reserved 1048576K
}
Event: 25.160 GC heap before
{Heap before GC invocations=16 (full 1):
 PSYoungGen      total 39936K, used 37927K [0x00000000e0000000, 0x00000000e2e80000, 0x0000000100000000)
  eden space 33280K, 100% used [0x00000000e0000000,0x00000000e2080000,0x00000000e2080000)
  from space 6656K, 69% used [0x00000000e2800000,0x00000000e2c89e80,0x00000000e2e80000)
  to   space 7168K, 0% used [0x00000000e2080000,0x00000000e2080000,0x00000000e2780000)
 ParOldGen       total 34816K, used 8976K [0x00000000a0000000, 0x00000000a2200000, 0x00000000e0000000)
  object space 34816K, 25% used [0x00000000a0000000,0x00000000a08c4138,0x00000000a2200000)
 Metaspace       used 31205K, capacity 31754K, committed 31872K, reserved 1077248K
  class space    used 4254K, capacity 4456K, committed 4480K, reserved 1048576K
Event: 25.167 GC heap after
Heap after GC invocations=16 (full 1):
 PSYoungGen      total 40448K, used 5046K [0x00000000e0000000, 0x00000000e3700000, 0x0000000100000000)
  eden space 33280K, 0% used [0x00000000e0000000,0x00000000e0000000,0x00000000e2080000)
  from space 7168K, 70% used [0x00000000e2080000,0x00000000e256dad8,0x00000000e2780000)
  to   space 7168K, 0% used [0x00000000e3000000,0x00000000e3000000,0x00000000e3700000)
 ParOldGen       total 34816K, used 9488K [0x00000000a0000000, 0x00000000a2200000, 0x00000000e0000000)
  object space 34816K, 27% used [0x00000000a0000000,0x00000000a0944148,0x00000000a2200000)
 Metaspace       used 31205K, capacity 31754K, committed 31872K, reserved 1077248K
  class space    used 4254K, capacity 4456K, committed 4480K, reserved 1048576K
}
Event: 26.923 GC heap before
{Heap before GC invocations=17 (full 1):
 PSYoungGen      total 40448K, used 27463K [0x00000000e0000000, 0x00000000e3700000, 0x0000000100000000)
  eden space 33280K, 67% used [0x00000000e0000000,0x00000000e15e42b0,0x00000000e2080000)
  from space 7168K, 70% used [0x00000000e2080000,0x00000000e256dad8,0x00000000e2780000)
  to   space 7168K, 0% used [0x00000000e3000000,0x00000000e3000000,0x00000000e3700000)
 ParOldGen       total 34816K, used 9488K [0x00000000a0000000, 0x00000000a2200000, 0x00000000e0000000)
  object space 34816K, 27% used [0x00000000a0000000,0x00000000a0944148,0x00000000a2200000)
 Metaspace       used 34623K, capacity 35236K, committed 35416K, reserved 1079296K
  class space    used 4656K, capacity 4921K, committed 4952K, reserved 1048576K
Event: 26.936 GC heap after
Heap after GC invocations=17 (full 1):
 PSYoungGen      total 48128K, used 7138K [0x00000000e0000000, 0x00000000e3980000, 0x0000000100000000)
  eden space 40960K, 0% used [0x00000000e0000000,0x00000000e0000000,0x00000000e2800000)
  from space 7168K, 99% used [0x00000000e3000000,0x00000000e36f8a60,0x00000000e3700000)
  to   space 8192K, 0% used [0x00000000e2800000,0x00000000e2800000,0x00000000e3000000)
 ParOldGen       total 34816K, used 9943K [0x00000000a0000000, 0x00000000a2200000, 0x00000000e0000000)
  object space 34816K, 28% used [0x00000000a0000000,0x00000000a09b5c80,0x00000000a2200000)
 Metaspace       used 34623K, capacity 35236K, committed 35416K, reserved 1079296K
  class space    used 4656K, capacity 4921K, committed 4952K, reserved 1048576K
}
Event: 26.936 GC heap before
{Heap before GC invocations=18 (full 2):
 PSYoungGen      total 48128K, used 7138K [0x00000000e0000000, 0x00000000e3980000, 0x0000000100000000)
  eden space 40960K, 0% used [0x00000000e0000000,0x00000000e0000000,0x00000000e2800000)
  from space 7168K, 99% used [0x00000000e3000000,0x00000000e36f8a60,0x00000000e3700000)
  to   space 8192K, 0% used [0x00000000e2800000,0x00000000e2800000,0x00000000e3000000)
 ParOldGen       total 34816K, used 9943K [0x00000000a0000000, 0x00000000a2200000, 0x00000000e0000000)
  object space 34816K, 28% used [0x00000000a0000000,0x00000000a09b5c80,0x00000000a2200000)
 Metaspace       used 34623K, capacity 35236K, committed 35416K, reserved 1079296K
  class space    used 4656K, capacity 4921K, committed 4952K, reserved 1048576K
Event: 27.010 GC heap after
Heap after GC invocations=18 (full 2):
 PSYoungGen      total 48128K, used 0K [0x00000000e0000000, 0x00000000e3980000, 0x0000000100000000)
  eden space 40960K, 0% used [0x00000000e0000000,0x00000000e0000000,0x00000000e2800000)
  from space 7168K, 0% used [0x00000000e3000000,0x00000000e3000000,0x00000000e3700000)
  to   space 8192K, 0% used [0x00000000e2800000,0x00000000e2800000,0x00000000e3000000)
 ParOldGen       total 55296K, used 15664K [0x00000000a0000000, 0x00000000a3600000, 0x00000000e0000000)
  object space 55296K, 28% used [0x00000000a0000000,0x00000000a0f4c1a8,0x00000000a3600000)
 Metaspace       used 34623K, capacity 35236K, committed 35416K, reserved 1079296K
  class space    used 4656K, capacity 4921K, committed 4952K, reserved 1048576K
}

