# JRE version: OpenJDK Runtime Environment (8.0_152-b01) (build 1.8.0_152-release-915-b01)
# Java VM: OpenJDK 64-Bit Server VM (25.152-b01 mixed mode windows-amd64 compressed oops)
Heap:
 PSYoungGen      total 139264K, used 33456K [0x00000000e0000000, 0x00000000eb700000, 0x0000000100000000)
  eden space 98304K, 12% used [0x00000000e0000000,0x00000000e0c1aaf0,0x00000000e6000000)
  from space 40960K, 51% used [0x00000000e6000000,0x00000000e74917e0,0x00000000e8800000)
  to   space 40448K, 0% used [0x00000000e8f80000,0x00000000e8f80000,0x00000000eb700000)
 ParOldGen       total 154112K, used 120687K [0x00000000a0000000, 0x00000000a9680000, 0x00000000e0000000)
  object space 154112K, 78% used [0x00000000a0000000,0x00000000a75dbdd0,0x00000000a9680000)
 Metaspace       used 59096K, capacity 61072K, committed 61400K, reserved 1101824K
  class space    used 7806K, capacity 8277K, committed 8408K, reserved 1048576K
GC Heap History (10 events):
Event: 142.996 GC heap before
{Heap before GC invocations=57 (full 6):
 PSYoungGen      total 120320K, used 11759K [0x00000000e0000000, 0x00000000e9900000, 0x0000000100000000)
  eden space 93184K, 0% used [0x00000000e0000000,0x00000000e0000000,0x00000000e5b00000)
  from space 27136K, 43% used [0x00000000e5b00000,0x00000000e667be78,0x00000000e7580000)
  to   space 26112K, 0% used [0x00000000e7f80000,0x00000000e7f80000,0x00000000e9900000)
 ParOldGen       total 109056K, used 102006K [0x00000000a0000000, 0x00000000a6a80000, 0x00000000e0000000)
  object space 109056K, 93% used [0x00000000a0000000,0x00000000a639da80,0x00000000a6a80000)
 Metaspace       used 58595K, capacity 60512K, committed 60888K, reserved 1101824K
  class space    used 7781K, capacity 8241K, committed 8408K, reserved 1048576K
Event: 143.638 GC heap after
Heap after GC invocations=57 (full 6):
 PSYoungGen      total 120320K, used 0K [0x00000000e0000000, 0x00000000e9900000, 0x0000000100000000)
  eden space 93184K, 0% used [0x00000000e0000000,0x00000000e0000000,0x00000000e5b00000)
  from space 27136K, 0% used [0x00000000e5b00000,0x00000000e5b00000,0x00000000e7580000)
  to   space 26112K, 0% used [0x00000000e7f80000,0x00000000e7f80000,0x00000000e9900000)
 ParOldGen       total 154112K, used 99931K [0x00000000a0000000, 0x00000000a9680000, 0x00000000e0000000)
  object space 154112K, 64% used [0x00000000a0000000,0x00000000a6196fe8,0x00000000a9680000)
 Metaspace       used 58595K, capacity 60512K, committed 60888K, reserved 1101824K
  class space    used 7781K, capacity 8241K, committed 8408K, reserved 1048576K
}
Event: 144.319 GC heap before
{Heap before GC invocations=58 (full 6):
 PSYoungGen      total 120320K, used 93184K [0x00000000e0000000, 0x00000000e9900000, 0x0000000100000000)
  eden space 93184K, 100% used [0x00000000e0000000,0x00000000e5b00000,0x00000000e5b00000)
  from space 27136K, 0% used [0x00000000e5b00000,0x00000000e5b00000,0x00000000e7580000)
  to   space 26112K, 0% used [0x00000000e7f80000,0x00000000e7f80000,0x00000000e9900000)
 ParOldGen       total 154112K, used 99931K [0x00000000a0000000, 0x00000000a9680000, 0x00000000e0000000)
  object space 154112K, 64% used [0x00000000a0000000,0x00000000a6196fe8,0x00000000a9680000)
 Metaspace       used 58604K, capacity 60512K, committed 60888K, reserved 1101824K
  class space    used 7781K, capacity 8241K, committed 8408K, reserved 1048576K
Event: 144.342 GC heap after
Heap after GC invocations=58 (full 6):
 PSYoungGen      total 126976K, used 21915K [0x00000000e0000000, 0x00000000e9a80000, 0x0000000100000000)
  eden space 100864K, 0% used [0x00000000e0000000,0x00000000e0000000,0x00000000e6280000)
  from space 26112K, 83% used [0x00000000e7f80000,0x00000000e94e6ea8,0x00000000e9900000)
  to   space 28672K, 0% used [0x00000000e6280000,0x00000000e6280000,0x00000000e7e80000)
 ParOldGen       total 154112K, used 99939K [0x00000000a0000000, 0x00000000a9680000, 0x00000000e0000000)
  object space 154112K, 64% used [0x00000000a0000000,0x00000000a6198fe8,0x00000000a9680000)
 Metaspace       used 58604K, capacity 60512K, committed 60888K, reserved 1101824K
  class space    used 7781K, capacity 8241K, committed 8408K, reserved 1048576K
}
Event: 146.278 GC heap before
{Heap before GC invocations=59 (full 6):
 PSYoungGen      total 126976K, used 122779K [0x00000000e0000000, 0x00000000e9a80000, 0x0000000100000000)
  eden space 100864K, 100% used [0x00000000e0000000,0x00000000e6280000,0x00000000e6280000)
  from space 26112K, 83% used [0x00000000e7f80000,0x00000000e94e6ea8,0x00000000e9900000)
  to   space 28672K, 0% used [0x00000000e6280000,0x00000000e6280000,0x00000000e7e80000)
 ParOldGen       total 154112K, used 99939K [0x00000000a0000000, 0x00000000a9680000, 0x00000000e0000000)
  object space 154112K, 64% used [0x00000000a0000000,0x00000000a6198fe8,0x00000000a9680000)
 Metaspace       used 58621K, capacity 60576K, committed 60888K, reserved 1101824K
  class space    used 7782K, capacity 8241K, committed 8408K, reserved 1048576K
Event: 146.304 GC heap after
Heap after GC invocations=59 (full 6):
 PSYoungGen      total 129536K, used 22649K [0x00000000e0000000, 0x00000000ea680000, 0x0000000100000000)
  eden space 100864K, 0% used [0x00000000e0000000,0x00000000e0000000,0x00000000e6280000)
  from space 28672K, 78% used [0x00000000e6280000,0x00000000e789e780,0x00000000e7e80000)
  to   space 31232K, 0% used [0x00000000e8800000,0x00000000e8800000,0x00000000ea680000)
 ParOldGen       total 154112K, used 99947K [0x00000000a0000000, 0x00000000a9680000, 0x00000000e0000000)
  object space 154112K, 64% used [0x00000000a0000000,0x00000000a619afe8,0x00000000a9680000)
 Metaspace       used 58621K, capacity 60576K, committed 60888K, reserved 1101824K
  class space    used 7782K, capacity 8241K, committed 8408K, reserved 1048576K
}
Event: 147.058 GC heap before
{Heap before GC invocations=60 (full 6):
 PSYoungGen      total 129536K, used 123513K [0x00000000e0000000, 0x00000000ea680000, 0x0000000100000000)
  eden space 100864K, 100% used [0x00000000e0000000,0x00000000e6280000,0x00000000e6280000)
  from space 28672K, 78% used [0x00000000e6280000,0x00000000e789e780,0x00000000e7e80000)
  to   space 31232K, 0% used [0x00000000e8800000,0x00000000e8800000,0x00000000ea680000)
 ParOldGen       total 154112K, used 99947K [0x00000000a0000000, 0x00000000a9680000, 0x00000000e0000000)
  object space 154112K, 64% used [0x00000000a0000000,0x00000000a619afe8,0x00000000a9680000)
 Metaspace       used 58622K, capacity 60576K, committed 60888K, reserved 1101824K
  class space    used 7782K, capacity 8241K, committed 8408K, reserved 1048576K
Event: 147.114 GC heap after
Heap after GC invocations=60 (full 6):
 PSYoungGen      total 129536K, used 31225K [0x00000000e0000000, 0x00000000ebb00000, 0x0000000100000000)
  eden space 98304K, 0% used [0x00000000e0000000,0x00000000e0000000,0x00000000e6000000)
  from space 31232K, 99% used [0x00000000e8800000,0x00000000ea67e770,0x00000000ea680000)
  to   space 40960K, 0% used [0x00000000e6000000,0x00000000e6000000,0x00000000e8800000)
 ParOldGen       total 154112K, used 113029K [0x00000000a0000000, 0x00000000a9680000, 0x00000000e0000000)
  object space 154112K, 73% used [0x00000000a0000000,0x00000000a6e61590,0x00000000a9680000)
 Metaspace       used 58622K, capacity 60576K, committed 60888K, reserved 1101824K
  class space    used 7782K, capacity 8241K, committed 8408K, reserved 1048576K
}
Event: 148.524 GC heap before
{Heap before GC invocations=61 (full 6):
 PSYoungGen      total 129536K, used 129529K [0x00000000e0000000, 0x00000000ebb00000, 0x0000000100000000)
  eden space 98304K, 100% used [0x00000000e0000000,0x00000000e6000000,0x00000000e6000000)
  from space 31232K, 99% used [0x00000000e8800000,0x00000000ea67e770,0x00000000ea680000)
  to   space 40960K, 0% used [0x00000000e6000000,0x00000000e6000000,0x00000000e8800000)
 ParOldGen       total 154112K, used 113029K [0x00000000a0000000, 0x00000000a9680000, 0x00000000e0000000)
  object space 154112K, 73% used [0x00000000a0000000,0x00000000a6e61590,0x00000000a9680000)
 Metaspace       used 58881K, capacity 60768K, committed 61144K, reserved 1101824K
  class space    used 7795K, capacity 8241K, committed 8408K, reserved 1048576K
Event: 148.561 GC heap after
Heap after GC invocations=61 (full 6):
 PSYoungGen      total 139264K, used 21061K [0x00000000e0000000, 0x00000000eb700000, 0x0000000100000000)
  eden space 98304K, 0% used [0x00000000e0000000,0x00000000e0000000,0x00000000e6000000)
  from space 40960K, 51% used [0x00000000e6000000,0x00000000e74917e0,0x00000000e8800000)
  to   space 40448K, 0% used [0x00000000e8f80000,0x00000000e8f80000,0x00000000eb700000)
 ParOldGen       total 154112K, used 120687K [0x00000000a0000000, 0x00000000a9680000, 0x00000000e0000000)
  object space 154112K, 78% used [0x00000000a0000000,0x00000000a75dbdd0,0x00000000a9680000)
 Metaspace       used 58881K, capacity 60768K, committed 61144K, reserved 1101824K
  class space    used 7795K, capacity 8241K, committed 8408K, reserved 1048576K
}

