# JRE version: OpenJDK Runtime Environment (8.0_152-b01) (build 1.8.0_152-release-915-b01)
# Java VM: OpenJDK 64-Bit Server VM (25.152-b01 mixed mode windows-amd64 compressed oops)
Heap:
 PSYoungGen      total 136192K, used 45407K [0x00000000e0000000, 0x00000000eae00000, 0x0000000100000000)
  eden space 124416K, 36% used [0x00000000e0000000,0x00000000e2c57fa8,0x00000000e7980000)
  from space 11776K, 0% used [0x00000000ea280000,0x00000000ea280000,0x00000000eae00000)
  to   space 9728K, 0% used [0x00000000e7980000,0x00000000e7980000,0x00000000e8300000)
 ParOldGen       total 55808K, used 15602K [0x00000000a0000000, 0x00000000a3680000, 0x00000000e0000000)
  object space 55808K, 27% used [0x00000000a0000000,0x00000000a0f3cbe8,0x00000000a3680000)
 Metaspace       used 36861K, capacity 37456K, committed 37720K, reserved 1081344K
  class space    used 4928K, capacity 5164K, committed 5208K, reserved 1048576K
GC Heap History (10 events):
Event: 6.729 GC heap before
{Heap before GC invocations=6 (full 1):
 PSYoungGen      total 66048K, used 2528K [0x00000000e0000000, 0x00000000e8f00000, 0x0000000100000000)
  eden space 63488K, 0% used [0x00000000e0000000,0x00000000e0000000,0x00000000e3e00000)
  from space 2560K, 98% used [0x00000000e3e00000,0x00000000e4078010,0x00000000e4080000)
  to   space 9728K, 0% used [0x00000000e8580000,0x00000000e8580000,0x00000000e8f00000)
 ParOldGen       total 42496K, used 12821K [0x00000000a0000000, 0x00000000a2980000, 0x00000000e0000000)
  object space 42496K, 30% used [0x00000000a0000000,0x00000000a0c85600,0x00000000a2980000)
 Metaspace       used 20704K, capacity 21060K, committed 21248K, reserved 1067008K
  class space    used 2851K, capacity 2985K, committed 3072K, reserved 1048576K
Event: 6.796 GC heap after
Heap after GC invocations=6 (full 1):
 PSYoungGen      total 66048K, used 0K [0x00000000e0000000, 0x00000000e8f00000, 0x0000000100000000)
  eden space 63488K, 0% used [0x00000000e0000000,0x00000000e0000000,0x00000000e3e00000)
  from space 2560K, 0% used [0x00000000e3e00000,0x00000000e3e00000,0x00000000e4080000)
  to   space 9728K, 0% used [0x00000000e8580000,0x00000000e8580000,0x00000000e8f00000)
 ParOldGen       total 38400K, used 8962K [0x00000000a0000000, 0x00000000a2580000, 0x00000000e0000000)
  object space 38400K, 23% used [0x00000000a0000000,0x00000000a08c0a48,0x00000000a2580000)
 Metaspace       used 20704K, capacity 21060K, committed 21248K, reserved 1067008K
  class space    used 2851K, capacity 2985K, committed 3072K, reserved 1048576K
}
Event: 8.527 GC heap before
{Heap before GC invocations=7 (full 1):
 PSYoungGen      total 66048K, used 63488K [0x00000000e0000000, 0x00000000e8f00000, 0x0000000100000000)
  eden space 63488K, 100% used [0x00000000e0000000,0x00000000e3e00000,0x00000000e3e00000)
  from space 2560K, 0% used [0x00000000e3e00000,0x00000000e3e00000,0x00000000e4080000)
  to   space 9728K, 0% used [0x00000000e8580000,0x00000000e8580000,0x00000000e8f00000)
 ParOldGen       total 38400K, used 8962K [0x00000000a0000000, 0x00000000a2580000, 0x00000000e0000000)
  object space 38400K, 23% used [0x00000000a0000000,0x00000000a08c0a48,0x00000000a2580000)
 Metaspace       used 25556K, capacity 26012K, committed 26240K, reserved 1071104K
  class space    used 3472K, capacity 3645K, committed 3712K, reserved 1048576K
Event: 8.544 GC heap after
Heap after GC invocations=7 (full 1):
 PSYoungGen      total 107520K, used 6985K [0x00000000e0000000, 0x00000000e8c80000, 0x0000000100000000)
  eden space 100352K, 0% used [0x00000000e0000000,0x00000000e0000000,0x00000000e6200000)
  from space 7168K, 97% used [0x00000000e8580000,0x00000000e8c52498,0x00000000e8c80000)
  to   space 9728K, 0% used [0x00000000e7980000,0x00000000e7980000,0x00000000e8300000)
 ParOldGen       total 38400K, used 8970K [0x00000000a0000000, 0x00000000a2580000, 0x00000000e0000000)
  object space 38400K, 23% used [0x00000000a0000000,0x00000000a08c2a48,0x00000000a2580000)
 Metaspace       used 25556K, capacity 26012K, committed 26240K, reserved 1071104K
  class space    used 3472K, capacity 3645K, committed 3712K, reserved 1048576K
}
Event: 12.018 GC heap before
{Heap before GC invocations=8 (full 1):
 PSYoungGen      total 107520K, used 107337K [0x00000000e0000000, 0x00000000e8c80000, 0x0000000100000000)
  eden space 100352K, 100% used [0x00000000e0000000,0x00000000e6200000,0x00000000e6200000)
  from space 7168K, 97% used [0x00000000e8580000,0x00000000e8c52498,0x00000000e8c80000)
  to   space 9728K, 0% used [0x00000000e7980000,0x00000000e7980000,0x00000000e8300000)
 ParOldGen       total 38400K, used 8970K [0x00000000a0000000, 0x00000000a2580000, 0x00000000e0000000)
  object space 38400K, 23% used [0x00000000a0000000,0x00000000a08c2a48,0x00000000a2580000)
 Metaspace       used 31191K, capacity 31660K, committed 31872K, reserved 1077248K
  class space    used 4241K, capacity 4439K, committed 4480K, reserved 1048576K
Event: 12.038 GC heap after
Heap after GC invocations=8 (full 1):
 PSYoungGen      total 134144K, used 9720K [0x00000000e0000000, 0x00000000eae00000, 0x0000000100000000)
  eden space 124416K, 0% used [0x00000000e0000000,0x00000000e0000000,0x00000000e7980000)
  from space 9728K, 99% used [0x00000000e7980000,0x00000000e82fe050,0x00000000e8300000)
  to   space 11776K, 0% used [0x00000000ea280000,0x00000000ea280000,0x00000000eae00000)
 ParOldGen       total 38400K, used 9393K [0x00000000a0000000, 0x00000000a2580000, 0x00000000e0000000)
  object space 38400K, 24% used [0x00000000a0000000,0x00000000a092c7a0,0x00000000a2580000)
 Metaspace       used 31191K, capacity 31660K, committed 31872K, reserved 1077248K
  class space    used 4241K, capacity 4439K, committed 4480K, reserved 1048576K
}
Event: 12.688 GC heap before
{Heap before GC invocations=9 (full 1):
 PSYoungGen      total 134144K, used 33222K [0x00000000e0000000, 0x00000000eae00000, 0x0000000100000000)
  eden space 124416K, 18% used [0x00000000e0000000,0x00000000e16f37b0,0x00000000e7980000)
  from space 9728K, 99% used [0x00000000e7980000,0x00000000e82fe050,0x00000000e8300000)
  to   space 11776K, 0% used [0x00000000ea280000,0x00000000ea280000,0x00000000eae00000)
 ParOldGen       total 38400K, used 9393K [0x00000000a0000000, 0x00000000a2580000, 0x00000000e0000000)
  object space 38400K, 24% used [0x00000000a0000000,0x00000000a092c7a0,0x00000000a2580000)
 Metaspace       used 34683K, capacity 35230K, committed 35416K, reserved 1079296K
  class space    used 4652K, capacity 4868K, committed 4952K, reserved 1048576K
Event: 12.699 GC heap after
Heap after GC invocations=9 (full 1):
 PSYoungGen      total 136192K, used 9586K [0x00000000e0000000, 0x00000000eae00000, 0x0000000100000000)
  eden space 124416K, 0% used [0x00000000e0000000,0x00000000e0000000,0x00000000e7980000)
  from space 11776K, 81% used [0x00000000ea280000,0x00000000eabdc8e0,0x00000000eae00000)
  to   space 9728K, 0% used [0x00000000e7980000,0x00000000e7980000,0x00000000e8300000)
 ParOldGen       total 38400K, used 9401K [0x00000000a0000000, 0x00000000a2580000, 0x00000000e0000000)
  object space 38400K, 24% used [0x00000000a0000000,0x00000000a092e7a0,0x00000000a2580000)
 Metaspace       used 34683K, capacity 35230K, committed 35416K, reserved 1079296K
  class space    used 4652K, capacity 4868K, committed 4952K, reserved 1048576K
}
Event: 12.699 GC heap before
{Heap before GC invocations=10 (full 2):
 PSYoungGen      total 136192K, used 9586K [0x00000000e0000000, 0x00000000eae00000, 0x0000000100000000)
  eden space 124416K, 0% used [0x00000000e0000000,0x00000000e0000000,0x00000000e7980000)
  from space 11776K, 81% used [0x00000000ea280000,0x00000000eabdc8e0,0x00000000eae00000)
  to   space 9728K, 0% used [0x00000000e7980000,0x00000000e7980000,0x00000000e8300000)
 ParOldGen       total 38400K, used 9401K [0x00000000a0000000, 0x00000000a2580000, 0x00000000e0000000)
  object space 38400K, 24% used [0x00000000a0000000,0x00000000a092e7a0,0x00000000a2580000)
 Metaspace       used 34683K, capacity 35230K, committed 35416K, reserved 1079296K
  class space    used 4652K, capacity 4868K, committed 4952K, reserved 1048576K
Event: 12.782 GC heap after
Heap after GC invocations=10 (full 2):
 PSYoungGen      total 136192K, used 0K [0x00000000e0000000, 0x00000000eae00000, 0x0000000100000000)
  eden space 124416K, 0% used [0x00000000e0000000,0x00000000e0000000,0x00000000e7980000)
  from space 11776K, 0% used [0x00000000ea280000,0x00000000ea280000,0x00000000eae00000)
  to   space 9728K, 0% used [0x00000000e7980000,0x00000000e7980000,0x00000000e8300000)
 ParOldGen       total 55808K, used 15602K [0x00000000a0000000, 0x00000000a3680000, 0x00000000e0000000)
  object space 55808K, 27% used [0x00000000a0000000,0x00000000a0f3cbe8,0x00000000a3680000)
 Metaspace       used 34683K, capacity 35230K, committed 35416K, reserved 1079296K
  class space    used 4652K, capacity 4868K, committed 4952K, reserved 1048576K
}

