# JRE version: OpenJDK Runtime Environment (8.0_152-b01) (build 1.8.0_152-release-915-b01)
# Java VM: OpenJDK 64-Bit Server VM (25.152-b01 mixed mode windows-amd64 compressed oops)
Heap:
 PSYoungGen      total 93696K, used 63715K [0x00000000e0000000, 0x00000000e6580000, 0x0000000100000000)
  eden space 83456K, 64% used [0x00000000e0000000,0x00000000e343c148,0x00000000e5180000)
  from space 10240K, 99% used [0x00000000e5180000,0x00000000e5b7cc38,0x00000000e5b80000)
  to   space 9728K, 0% used [0x00000000e5b80000,0x00000000e5b80000,0x00000000e6500000)
 ParOldGen       total 98816K, used 62447K [0x00000000a0000000, 0x00000000a6080000, 0x00000000e0000000)
  object space 98816K, 63% used [0x00000000a0000000,0x00000000a3cfbdb0,0x00000000a6080000)
 Metaspace       used 64464K, capacity 66402K, committed 66580K, reserved 1107968K
  class space    used 8416K, capacity 8905K, committed 8980K, reserved 1048576K
GC Heap History (10 events):
Event: 56.084 GC heap before
{Heap before GC invocations=26 (full 2):
 PSYoungGen      total 80896K, used 25044K [0x00000000e0000000, 0x00000000e6500000, 0x0000000100000000)
  eden space 71168K, 29% used [0x00000000e0000000,0x00000000e14cb4c8,0x00000000e4580000)
  from space 9728K, 38% used [0x00000000e4580000,0x00000000e4929bc0,0x00000000e4f00000)
  to   space 9728K, 0% used [0x00000000e5b80000,0x00000000e5b80000,0x00000000e6500000)
 ParOldGen       total 59904K, used 35272K [0x00000000a0000000, 0x00000000a3a80000, 0x00000000e0000000)
  object space 59904K, 58% used [0x00000000a0000000,0x00000000a2272100,0x00000000a3a80000)
 Metaspace       used 57141K, capacity 58968K, committed 59028K, reserved 1099776K
  class space    used 7829K, capacity 8297K, committed 8340K, reserved 1048576K
Event: 56.094 GC heap after
Heap after GC invocations=26 (full 2):
 PSYoungGen      total 93184K, used 7184K [0x00000000e0000000, 0x00000000e6580000, 0x0000000100000000)
  eden space 83456K, 0% used [0x00000000e0000000,0x00000000e0000000,0x00000000e5180000)
  from space 9728K, 73% used [0x00000000e5b80000,0x00000000e6284020,0x00000000e6500000)
  to   space 10240K, 0% used [0x00000000e5180000,0x00000000e5180000,0x00000000e5b80000)
 ParOldGen       total 59904K, used 35280K [0x00000000a0000000, 0x00000000a3a80000, 0x00000000e0000000)
  object space 59904K, 58% used [0x00000000a0000000,0x00000000a2274100,0x00000000a3a80000)
 Metaspace       used 57141K, capacity 58968K, committed 59028K, reserved 1099776K
  class space    used 7829K, capacity 8297K, committed 8340K, reserved 1048576K
}
Event: 56.094 GC heap before
{Heap before GC invocations=27 (full 3):
 PSYoungGen      total 93184K, used 7184K [0x00000000e0000000, 0x00000000e6580000, 0x0000000100000000)
  eden space 83456K, 0% used [0x00000000e0000000,0x00000000e0000000,0x00000000e5180000)
  from space 9728K, 73% used [0x00000000e5b80000,0x00000000e6284020,0x00000000e6500000)
  to   space 10240K, 0% used [0x00000000e5180000,0x00000000e5180000,0x00000000e5b80000)
 ParOldGen       total 59904K, used 35280K [0x00000000a0000000, 0x00000000a3a80000, 0x00000000e0000000)
  object space 59904K, 58% used [0x00000000a0000000,0x00000000a2274100,0x00000000a3a80000)
 Metaspace       used 57141K, capacity 58968K, committed 59028K, reserved 1099776K
  class space    used 7829K, capacity 8297K, committed 8340K, reserved 1048576K
Event: 56.439 GC heap after
Heap after GC invocations=27 (full 3):
 PSYoungGen      total 93184K, used 0K [0x00000000e0000000, 0x00000000e6580000, 0x0000000100000000)
  eden space 83456K, 0% used [0x00000000e0000000,0x00000000e0000000,0x00000000e5180000)
  from space 9728K, 0% used [0x00000000e5b80000,0x00000000e5b80000,0x00000000e6500000)
  to   space 10240K, 0% used [0x00000000e5180000,0x00000000e5180000,0x00000000e5b80000)
 ParOldGen       total 98816K, used 36304K [0x00000000a0000000, 0x00000000a6080000, 0x00000000e0000000)
  object space 98816K, 36% used [0x00000000a0000000,0x00000000a23741e0,0x00000000a6080000)
 Metaspace       used 57139K, capacity 58962K, committed 59028K, reserved 1099776K
  class space    used 7829K, capacity 8296K, committed 8340K, reserved 1048576K
}
Event: 64.014 GC heap before
{Heap before GC invocations=28 (full 3):
 PSYoungGen      total 93184K, used 83456K [0x00000000e0000000, 0x00000000e6580000, 0x0000000100000000)
  eden space 83456K, 100% used [0x00000000e0000000,0x00000000e5180000,0x00000000e5180000)
  from space 9728K, 0% used [0x00000000e5b80000,0x00000000e5b80000,0x00000000e6500000)
  to   space 10240K, 0% used [0x00000000e5180000,0x00000000e5180000,0x00000000e5b80000)
 ParOldGen       total 98816K, used 36304K [0x00000000a0000000, 0x00000000a6080000, 0x00000000e0000000)
  object space 98816K, 36% used [0x00000000a0000000,0x00000000a23741e0,0x00000000a6080000)
 Metaspace       used 60419K, capacity 62200K, committed 62356K, reserved 1103872K
  class space    used 8066K, capacity 8521K, committed 8596K, reserved 1048576K
Event: 64.038 GC heap after
Heap after GC invocations=28 (full 3):
 PSYoungGen      total 93696K, used 10215K [0x00000000e0000000, 0x00000000e6580000, 0x0000000100000000)
  eden space 83456K, 0% used [0x00000000e0000000,0x00000000e0000000,0x00000000e5180000)
  from space 10240K, 99% used [0x00000000e5180000,0x00000000e5b79d60,0x00000000e5b80000)
  to   space 9728K, 0% used [0x00000000e5b80000,0x00000000e5b80000,0x00000000e6500000)
 ParOldGen       total 98816K, used 41083K [0x00000000a0000000, 0x00000000a6080000, 0x00000000e0000000)
  object space 98816K, 41% used [0x00000000a0000000,0x00000000a281ef08,0x00000000a6080000)
 Metaspace       used 60419K, capacity 62200K, committed 62356K, reserved 1103872K
  class space    used 8066K, capacity 8521K, committed 8596K, reserved 1048576K
}
Event: 69.787 GC heap before
{Heap before GC invocations=29 (full 3):
 PSYoungGen      total 93696K, used 93671K [0x00000000e0000000, 0x00000000e6580000, 0x0000000100000000)
  eden space 83456K, 100% used [0x00000000e0000000,0x00000000e5180000,0x00000000e5180000)
  from space 10240K, 99% used [0x00000000e5180000,0x00000000e5b79d60,0x00000000e5b80000)
  to   space 9728K, 0% used [0x00000000e5b80000,0x00000000e5b80000,0x00000000e6500000)
 ParOldGen       total 98816K, used 41083K [0x00000000a0000000, 0x00000000a6080000, 0x00000000e0000000)
  object space 98816K, 41% used [0x00000000a0000000,0x00000000a281ef08,0x00000000a6080000)
 Metaspace       used 61406K, capacity 63320K, committed 63508K, reserved 1103872K
  class space    used 8139K, capacity 8631K, committed 8724K, reserved 1048576K
Event: 69.809 GC heap after
Heap after GC invocations=29 (full 3):
 PSYoungGen      total 93184K, used 9707K [0x00000000e0000000, 0x00000000e6580000, 0x0000000100000000)
  eden space 83456K, 0% used [0x00000000e0000000,0x00000000e0000000,0x00000000e5180000)
  from space 9728K, 99% used [0x00000000e5b80000,0x00000000e64fafe0,0x00000000e6500000)
  to   space 10240K, 0% used [0x00000000e5180000,0x00000000e5180000,0x00000000e5b80000)
 ParOldGen       total 98816K, used 46033K [0x00000000a0000000, 0x00000000a6080000, 0x00000000e0000000)
  object space 98816K, 46% used [0x00000000a0000000,0x00000000a2cf4648,0x00000000a6080000)
 Metaspace       used 61406K, capacity 63320K, committed 63508K, reserved 1103872K
  class space    used 8139K, capacity 8631K, committed 8724K, reserved 1048576K
}
Event: 73.477 GC heap before
{Heap before GC invocations=30 (full 3):
 PSYoungGen      total 93184K, used 93163K [0x00000000e0000000, 0x00000000e6580000, 0x0000000100000000)
  eden space 83456K, 100% used [0x00000000e0000000,0x00000000e5180000,0x00000000e5180000)
  from space 9728K, 99% used [0x00000000e5b80000,0x00000000e64fafe0,0x00000000e6500000)
  to   space 10240K, 0% used [0x00000000e5180000,0x00000000e5180000,0x00000000e5b80000)
 ParOldGen       total 98816K, used 46033K [0x00000000a0000000, 0x00000000a6080000, 0x00000000e0000000)
  object space 98816K, 46% used [0x00000000a0000000,0x00000000a2cf4648,0x00000000a6080000)
 Metaspace       used 64401K, capacity 66338K, committed 66580K, reserved 1107968K
  class space    used 8416K, capacity 8905K, committed 8980K, reserved 1048576K
Event: 73.522 GC heap after
Heap after GC invocations=30 (full 3):
 PSYoungGen      total 93696K, used 10227K [0x00000000e0000000, 0x00000000e6580000, 0x0000000100000000)
  eden space 83456K, 0% used [0x00000000e0000000,0x00000000e0000000,0x00000000e5180000)
  from space 10240K, 99% used [0x00000000e5180000,0x00000000e5b7cc38,0x00000000e5b80000)
  to   space 9728K, 0% used [0x00000000e5b80000,0x00000000e5b80000,0x00000000e6500000)
 ParOldGen       total 98816K, used 62447K [0x00000000a0000000, 0x00000000a6080000, 0x00000000e0000000)
  object space 98816K, 63% used [0x00000000a0000000,0x00000000a3cfbdb0,0x00000000a6080000)
 Metaspace       used 64401K, capacity 66338K, committed 66580K, reserved 1107968K
  class space    used 8416K, capacity 8905K, committed 8980K, reserved 1048576K
}

