# JRE version: OpenJDK Runtime Environment (8.0_152-b02) (build 1.8.0_152-release-1024-b02)
# Java VM: OpenJDK 64-Bit Server VM (25.152-b02 mixed mode windows-amd64 compressed oops)
Heap:
 PSYoungGen      total 272896K, used 223327K [0x00000000e0000000, 0x00000000f2400000, 0x0000000100000000)
  eden space 255488K, 82% used [0x00000000e0000000,0x00000000ecd69770,0x00000000ef980000)
  from space 17408K, 74% used [0x00000000f0c80000,0x00000000f192e660,0x00000000f1d80000)
  to   space 19456K, 0% used [0x00000000ef980000,0x00000000ef980000,0x00000000f0c80000)
 ParOldGen       total 90112K, used 36277K [0x00000000a0000000, 0x00000000a5800000, 0x00000000e0000000)
  object space 90112K, 40% used [0x00000000a0000000,0x00000000a236d610,0x00000000a5800000)
 Metaspace       used 66334K, capacity 69168K, committed 69336K, reserved 1110016K
  class space    used 8782K, capacity 9349K, committed 9472K, reserved 1048576K
GC Heap History (10 events):
Event: 56.815 GC heap before
{Heap before GC invocations=17 (full 2):
 PSYoungGen      total 219648K, used 81367K [0x00000000e0000000, 0x00000000eee00000, 0x0000000100000000)
  eden space 207872K, 35% used [0x00000000e0000000,0x00000000e4819c08,0x00000000ecb00000)
  from space 11776K, 63% used [0x00000000ee280000,0x00000000ee9dc158,0x00000000eee00000)
  to   space 17920K, 0% used [0x00000000ecb00000,0x00000000ecb00000,0x00000000edc80000)
 ParOldGen       total 51712K, used 40300K [0x00000000a0000000, 0x00000000a3280000, 0x00000000e0000000)
  object space 51712K, 77% used [0x00000000a0000000,0x00000000a275b2a0,0x00000000a3280000)
 Metaspace       used 57081K, capacity 59002K, committed 59028K, reserved 1099776K
  class space    used 7677K, capacity 8170K, committed 8192K, reserved 1048576K
Event: 56.822 GC heap after
Heap after GC invocations=17 (full 2):
 PSYoungGen      total 225792K, used 3802K [0x00000000e0000000, 0x00000000f1d80000, 0x0000000100000000)
  eden space 207872K, 0% used [0x00000000e0000000,0x00000000e0000000,0x00000000ecb00000)
  from space 17920K, 21% used [0x00000000ecb00000,0x00000000eceb6aa8,0x00000000edc80000)
  to   space 17408K, 0% used [0x00000000f0c80000,0x00000000f0c80000,0x00000000f1d80000)
 ParOldGen       total 51712K, used 40308K [0x00000000a0000000, 0x00000000a3280000, 0x00000000e0000000)
  object space 51712K, 77% used [0x00000000a0000000,0x00000000a275d2a0,0x00000000a3280000)
 Metaspace       used 57081K, capacity 59002K, committed 59028K, reserved 1099776K
  class space    used 7677K, capacity 8170K, committed 8192K, reserved 1048576K
}
Event: 56.822 GC heap before
{Heap before GC invocations=18 (full 3):
 PSYoungGen      total 225792K, used 3802K [0x00000000e0000000, 0x00000000f1d80000, 0x0000000100000000)
  eden space 207872K, 0% used [0x00000000e0000000,0x00000000e0000000,0x00000000ecb00000)
  from space 17920K, 21% used [0x00000000ecb00000,0x00000000eceb6aa8,0x00000000edc80000)
  to   space 17408K, 0% used [0x00000000f0c80000,0x00000000f0c80000,0x00000000f1d80000)
 ParOldGen       total 51712K, used 40308K [0x00000000a0000000, 0x00000000a3280000, 0x00000000e0000000)
  object space 51712K, 77% used [0x00000000a0000000,0x00000000a275d2a0,0x00000000a3280000)
 Metaspace       used 57081K, capacity 59002K, committed 59028K, reserved 1099776K
  class space    used 7677K, capacity 8170K, committed 8192K, reserved 1048576K
Event: 57.151 GC heap after
Heap after GC invocations=18 (full 3):
 PSYoungGen      total 225792K, used 0K [0x00000000e0000000, 0x00000000f1d80000, 0x0000000100000000)
  eden space 207872K, 0% used [0x00000000e0000000,0x00000000e0000000,0x00000000ecb00000)
  from space 17920K, 0% used [0x00000000ecb00000,0x00000000ecb00000,0x00000000edc80000)
  to   space 17408K, 0% used [0x00000000f0c80000,0x00000000f0c80000,0x00000000f1d80000)
 ParOldGen       total 90112K, used 36261K [0x00000000a0000000, 0x00000000a5800000, 0x00000000e0000000)
  object space 90112K, 40% used [0x00000000a0000000,0x00000000a2369610,0x00000000a5800000)
 Metaspace       used 56812K, capacity 58638K, committed 59028K, reserved 1099776K
  class space    used 7636K, capacity 8104K, committed 8192K, reserved 1048576K
}
Event: 61.470 GC heap before
{Heap before GC invocations=19 (full 3):
 PSYoungGen      total 225792K, used 207872K [0x00000000e0000000, 0x00000000f1d80000, 0x0000000100000000)
  eden space 207872K, 100% used [0x00000000e0000000,0x00000000ecb00000,0x00000000ecb00000)
  from space 17920K, 0% used [0x00000000ecb00000,0x00000000ecb00000,0x00000000edc80000)
  to   space 17408K, 0% used [0x00000000f0c80000,0x00000000f0c80000,0x00000000f1d80000)
 ParOldGen       total 90112K, used 36261K [0x00000000a0000000, 0x00000000a5800000, 0x00000000e0000000)
  object space 90112K, 40% used [0x00000000a0000000,0x00000000a2369610,0x00000000a5800000)
 Metaspace       used 64439K, capacity 67054K, committed 67288K, reserved 1107968K
  class space    used 8600K, capacity 9140K, committed 9216K, reserved 1048576K
Event: 61.500 GC heap after
Heap after GC invocations=19 (full 3):
 PSYoungGen      total 272896K, used 15243K [0x00000000e0000000, 0x00000000f2400000, 0x0000000100000000)
  eden space 255488K, 0% used [0x00000000e0000000,0x00000000e0000000,0x00000000ef980000)
  from space 17408K, 87% used [0x00000000f0c80000,0x00000000f1b62c98,0x00000000f1d80000)
  to   space 19456K, 0% used [0x00000000ef980000,0x00000000ef980000,0x00000000f0c80000)
 ParOldGen       total 90112K, used 36269K [0x00000000a0000000, 0x00000000a5800000, 0x00000000e0000000)
  object space 90112K, 40% used [0x00000000a0000000,0x00000000a236b610,0x00000000a5800000)
 Metaspace       used 64439K, capacity 67054K, committed 67288K, reserved 1107968K
  class space    used 8600K, capacity 9140K, committed 9216K, reserved 1048576K
}
Event: 63.902 GC heap before
{Heap before GC invocations=20 (full 3):
 PSYoungGen      total 272896K, used 270731K [0x00000000e0000000, 0x00000000f2400000, 0x0000000100000000)
  eden space 255488K, 100% used [0x00000000e0000000,0x00000000ef980000,0x00000000ef980000)
  from space 17408K, 87% used [0x00000000f0c80000,0x00000000f1b62c98,0x00000000f1d80000)
  to   space 19456K, 0% used [0x00000000ef980000,0x00000000ef980000,0x00000000f0c80000)
 ParOldGen       total 90112K, used 36269K [0x00000000a0000000, 0x00000000a5800000, 0x00000000e0000000)
  object space 90112K, 40% used [0x00000000a0000000,0x00000000a236b610,0x00000000a5800000)
 Metaspace       used 64794K, capacity 67490K, committed 67544K, reserved 1107968K
  class space    used 8617K, capacity 9172K, committed 9216K, reserved 1048576K
Event: 63.946 GC heap after
Heap after GC invocations=20 (full 3):
 PSYoungGen      total 274944K, used 15307K [0x00000000e0000000, 0x00000000f2400000, 0x0000000100000000)
  eden space 255488K, 0% used [0x00000000e0000000,0x00000000e0000000,0x00000000ef980000)
  from space 19456K, 78% used [0x00000000ef980000,0x00000000f0872e70,0x00000000f0c80000)
  to   space 17408K, 0% used [0x00000000f0c80000,0x00000000f0c80000,0x00000000f1d80000)
 ParOldGen       total 90112K, used 36277K [0x00000000a0000000, 0x00000000a5800000, 0x00000000e0000000)
  object space 90112K, 40% used [0x00000000a0000000,0x00000000a236d610,0x00000000a5800000)
 Metaspace       used 64794K, capacity 67490K, committed 67544K, reserved 1107968K
  class space    used 8617K, capacity 9172K, committed 9216K, reserved 1048576K
}
Event: 66.586 GC heap before
{Heap before GC invocations=21 (full 3):
 PSYoungGen      total 274944K, used 270795K [0x00000000e0000000, 0x00000000f2400000, 0x0000000100000000)
  eden space 255488K, 100% used [0x00000000e0000000,0x00000000ef980000,0x00000000ef980000)
  from space 19456K, 78% used [0x00000000ef980000,0x00000000f0872e70,0x00000000f0c80000)
  to   space 17408K, 0% used [0x00000000f0c80000,0x00000000f0c80000,0x00000000f1d80000)
 ParOldGen       total 90112K, used 36277K [0x00000000a0000000, 0x00000000a5800000, 0x00000000e0000000)
  object space 90112K, 40% used [0x00000000a0000000,0x00000000a236d610,0x00000000a5800000)
 Metaspace       used 64864K, capacity 67498K, committed 67544K, reserved 1107968K
  class space    used 8617K, capacity 9172K, committed 9216K, reserved 1048576K
Event: 66.635 GC heap after
Heap after GC invocations=21 (full 3):
 PSYoungGen      total 272896K, used 12985K [0x00000000e0000000, 0x00000000f2400000, 0x0000000100000000)
  eden space 255488K, 0% used [0x00000000e0000000,0x00000000e0000000,0x00000000ef980000)
  from space 17408K, 74% used [0x00000000f0c80000,0x00000000f192e660,0x00000000f1d80000)
  to   space 19456K, 0% used [0x00000000ef980000,0x00000000ef980000,0x00000000f0c80000)
 ParOldGen       total 90112K, used 36277K [0x00000000a0000000, 0x00000000a5800000, 0x00000000e0000000)
  object space 90112K, 40% used [0x00000000a0000000,0x00000000a236d610,0x00000000a5800000)
 Metaspace       used 64864K, capacity 67498K, committed 67544K, reserved 1107968K
  class space    used 8617K, capacity 9172K, committed 9216K, reserved 1048576K
}

