# JRE version: OpenJDK Runtime Environment (8.0_152-b01) (build 1.8.0_152-release-915-b01)
# Java VM: OpenJDK 64-Bit Server VM (25.152-b01 mixed mode windows-amd64 compressed oops)
Heap:
 PSYoungGen      total 22528K, used 16890K [0x00000000e0000000, 0x00000000e2000000, 0x0000000100000000)
  eden space 14336K, 61% used [0x00000000e0000000,0x00000000e089ec68,0x00000000e0e00000)
  from space 8192K, 98% used [0x00000000e0e00000,0x00000000e15dfc28,0x00000000e1600000)
  to   space 9216K, 0% used [0x00000000e1700000,0x00000000e1700000,0x00000000e2000000)
 ParOldGen       total 26112K, used 7594K [0x00000000a0000000, 0x00000000a1980000, 0x00000000e0000000)
  object space 26112K, 29% used [0x00000000a0000000,0x00000000a076a878,0x00000000a1980000)
 Metaspace       used 34287K, capacity 34944K, committed 35328K, reserved 1079296K
  class space    used 4613K, capacity 4843K, committed 4864K, reserved 1048576K
GC Heap History (10 events):
Event: 74.830 GC heap before
{Heap before GC invocations=16 (full 1):
 PSYoungGen      total 22016K, used 20864K [0x00000000e0000000, 0x00000000e1c00000, 0x0000000100000000)
  eden space 15360K, 100% used [0x00000000e0000000,0x00000000e0f00000,0x00000000e0f00000)
  from space 6656K, 82% used [0x00000000e1580000,0x00000000e1ae0200,0x00000000e1c00000)
  to   space 6656K, 0% used [0x00000000e0f00000,0x00000000e0f00000,0x00000000e1580000)
 ParOldGen       total 26112K, used 7490K [0x00000000a0000000, 0x00000000a1980000, 0x00000000e0000000)
  object space 26112K, 28% used [0x00000000a0000000,0x00000000a0750868,0x00000000a1980000)
 Metaspace       used 30017K, capacity 30572K, committed 30720K, reserved 1075200K
  class space    used 4123K, capacity 4319K, committed 4352K, reserved 1048576K
Event: 74.837 GC heap after
Heap after GC invocations=16 (full 1):
 PSYoungGen      total 22016K, used 5885K [0x00000000e0000000, 0x00000000e1d00000, 0x0000000100000000)
  eden space 15360K, 0% used [0x00000000e0000000,0x00000000e0000000,0x00000000e0f00000)
  from space 6656K, 88% used [0x00000000e0f00000,0x00000000e14bf590,0x00000000e1580000)
  to   space 7168K, 0% used [0x00000000e1600000,0x00000000e1600000,0x00000000e1d00000)
 ParOldGen       total 26112K, used 7562K [0x00000000a0000000, 0x00000000a1980000, 0x00000000e0000000)
  object space 26112K, 28% used [0x00000000a0000000,0x00000000a0762878,0x00000000a1980000)
 Metaspace       used 30017K, capacity 30572K, committed 30720K, reserved 1075200K
  class space    used 4123K, capacity 4319K, committed 4352K, reserved 1048576K
}
Event: 79.866 GC heap before
{Heap before GC invocations=17 (full 1):
 PSYoungGen      total 22016K, used 21245K [0x00000000e0000000, 0x00000000e1d00000, 0x0000000100000000)
  eden space 15360K, 100% used [0x00000000e0000000,0x00000000e0f00000,0x00000000e0f00000)
  from space 6656K, 88% used [0x00000000e0f00000,0x00000000e14bf590,0x00000000e1580000)
  to   space 7168K, 0% used [0x00000000e1600000,0x00000000e1600000,0x00000000e1d00000)
 ParOldGen       total 26112K, used 7562K [0x00000000a0000000, 0x00000000a1980000, 0x00000000e0000000)
  object space 26112K, 28% used [0x00000000a0000000,0x00000000a0762878,0x00000000a1980000)
 Metaspace       used 30248K, capacity 30828K, committed 30976K, reserved 1075200K
  class space    used 4128K, capacity 4319K, committed 4352K, reserved 1048576K
Event: 79.876 GC heap after
Heap after GC invocations=17 (full 1):
 PSYoungGen      total 22016K, used 5620K [0x00000000e0000000, 0x00000000e1e00000, 0x0000000100000000)
  eden space 14848K, 0% used [0x00000000e0000000,0x00000000e0000000,0x00000000e0e80000)
  from space 7168K, 78% used [0x00000000e1600000,0x00000000e1b7d030,0x00000000e1d00000)
  to   space 7680K, 0% used [0x00000000e0e80000,0x00000000e0e80000,0x00000000e1600000)
 ParOldGen       total 26112K, used 7570K [0x00000000a0000000, 0x00000000a1980000, 0x00000000e0000000)
  object space 26112K, 28% used [0x00000000a0000000,0x00000000a0764878,0x00000000a1980000)
 Metaspace       used 30248K, capacity 30828K, committed 30976K, reserved 1075200K
  class space    used 4128K, capacity 4319K, committed 4352K, reserved 1048576K
}
Event: 81.347 GC heap before
{Heap before GC invocations=18 (full 1):
 PSYoungGen      total 22016K, used 20468K [0x00000000e0000000, 0x00000000e1e00000, 0x0000000100000000)
  eden space 14848K, 100% used [0x00000000e0000000,0x00000000e0e80000,0x00000000e0e80000)
  from space 7168K, 78% used [0x00000000e1600000,0x00000000e1b7d030,0x00000000e1d00000)
  to   space 7680K, 0% used [0x00000000e0e80000,0x00000000e0e80000,0x00000000e1600000)
 ParOldGen       total 26112K, used 7570K [0x00000000a0000000, 0x00000000a1980000, 0x00000000e0000000)
  object space 26112K, 28% used [0x00000000a0000000,0x00000000a0764878,0x00000000a1980000)
 Metaspace       used 30354K, capacity 30892K, committed 31232K, reserved 1077248K
  class space    used 4128K, capacity 4319K, committed 4352K, reserved 1048576K
Event: 81.354 GC heap after
Heap after GC invocations=18 (full 1):
 PSYoungGen      total 22528K, used 5696K [0x00000000e0000000, 0x00000000e1d80000, 0x0000000100000000)
  eden space 14848K, 0% used [0x00000000e0000000,0x00000000e0000000,0x00000000e0e80000)
  from space 7680K, 74% used [0x00000000e0e80000,0x00000000e1410020,0x00000000e1600000)
  to   space 7680K, 0% used [0x00000000e1600000,0x00000000e1600000,0x00000000e1d80000)
 ParOldGen       total 26112K, used 7578K [0x00000000a0000000, 0x00000000a1980000, 0x00000000e0000000)
  object space 26112K, 29% used [0x00000000a0000000,0x00000000a0766878,0x00000000a1980000)
 Metaspace       used 30354K, capacity 30892K, committed 31232K, reserved 1077248K
  class space    used 4128K, capacity 4319K, committed 4352K, reserved 1048576K
}
Event: 82.562 GC heap before
{Heap before GC invocations=19 (full 1):
 PSYoungGen      total 22528K, used 20544K [0x00000000e0000000, 0x00000000e1d80000, 0x0000000100000000)
  eden space 14848K, 100% used [0x00000000e0000000,0x00000000e0e80000,0x00000000e0e80000)
  from space 7680K, 74% used [0x00000000e0e80000,0x00000000e1410020,0x00000000e1600000)
  to   space 7680K, 0% used [0x00000000e1600000,0x00000000e1600000,0x00000000e1d80000)
 ParOldGen       total 26112K, used 7578K [0x00000000a0000000, 0x00000000a1980000, 0x00000000e0000000)
  object space 26112K, 29% used [0x00000000a0000000,0x00000000a0766878,0x00000000a1980000)
 Metaspace       used 31171K, capacity 31754K, committed 31872K, reserved 1077248K
  class space    used 4247K, capacity 4456K, committed 4480K, reserved 1048576K
Event: 82.570 GC heap after
Heap after GC invocations=19 (full 1):
 PSYoungGen      total 22016K, used 6476K [0x00000000e0000000, 0x00000000e1e80000, 0x0000000100000000)
  eden space 14336K, 0% used [0x00000000e0000000,0x00000000e0000000,0x00000000e0e00000)
  from space 7680K, 84% used [0x00000000e1600000,0x00000000e1c53148,0x00000000e1d80000)
  to   space 8192K, 0% used [0x00000000e0e00000,0x00000000e0e00000,0x00000000e1600000)
 ParOldGen       total 26112K, used 7586K [0x00000000a0000000, 0x00000000a1980000, 0x00000000e0000000)
  object space 26112K, 29% used [0x00000000a0000000,0x00000000a0768878,0x00000000a1980000)
 Metaspace       used 31171K, capacity 31754K, committed 31872K, reserved 1077248K
  class space    used 4247K, capacity 4456K, committed 4480K, reserved 1048576K
}
Event: 87.891 GC heap before
{Heap before GC invocations=20 (full 1):
 PSYoungGen      total 22016K, used 20812K [0x00000000e0000000, 0x00000000e1e80000, 0x0000000100000000)
  eden space 14336K, 100% used [0x00000000e0000000,0x00000000e0e00000,0x00000000e0e00000)
  from space 7680K, 84% used [0x00000000e1600000,0x00000000e1c53148,0x00000000e1d80000)
  to   space 8192K, 0% used [0x00000000e0e00000,0x00000000e0e00000,0x00000000e1600000)
 ParOldGen       total 26112K, used 7586K [0x00000000a0000000, 0x00000000a1980000, 0x00000000e0000000)
  object space 26112K, 29% used [0x00000000a0000000,0x00000000a0768878,0x00000000a1980000)
 Metaspace       used 33034K, capacity 33714K, committed 33920K, reserved 1079296K
  class space    used 4467K, capacity 4710K, committed 4736K, reserved 1048576K
Event: 87.909 GC heap after
Heap after GC invocations=20 (full 1):
 PSYoungGen      total 22528K, used 8063K [0x00000000e0000000, 0x00000000e2000000, 0x0000000100000000)
  eden space 14336K, 0% used [0x00000000e0000000,0x00000000e0000000,0x00000000e0e00000)
  from space 8192K, 98% used [0x00000000e0e00000,0x00000000e15dfc28,0x00000000e1600000)
  to   space 9216K, 0% used [0x00000000e1700000,0x00000000e1700000,0x00000000e2000000)
 ParOldGen       total 26112K, used 7594K [0x00000000a0000000, 0x00000000a1980000, 0x00000000e0000000)
  object space 26112K, 29% used [0x00000000a0000000,0x00000000a076a878,0x00000000a1980000)
 Metaspace       used 33034K, capacity 33714K, committed 33920K, reserved 1079296K
  class space    used 4467K, capacity 4710K, committed 4736K, reserved 1048576K
}

