# JRE version: OpenJDK Runtime Environment (8.0_152-b01) (build 1.8.0_152-release-915-b01)
# Java VM: OpenJDK 64-Bit Server VM (25.152-b01 mixed mode windows-amd64 compressed oops)
Heap:
 PSYoungGen      total 49152K, used 7003K [0x00000000e0000000, 0x00000000e3700000, 0x0000000100000000)
  eden space 41984K, 9% used [0x00000000e0000000,0x00000000e03fbe00,0x00000000e2900000)
  from space 7168K, 40% used [0x00000000e2900000,0x00000000e2bdb048,0x00000000e3000000)
  to   space 6656K, 0% used [0x00000000e3080000,0x00000000e3080000,0x00000000e3700000)
 ParOldGen       total 59904K, used 15800K [0x00000000a0000000, 0x00000000a3a80000, 0x00000000e0000000)
  object space 59904K, 26% used [0x00000000a0000000,0x00000000a0f6e010,0x00000000a3a80000)
 Metaspace       used 37054K, capacity 37814K, committed 38104K, reserved 1081344K
  class space    used 4976K, capacity 5249K, committed 5336K, reserved 1048576K
GC Heap History (10 events):
Event: 11.531 GC heap before
{Heap before GC invocations=15 (full 1):
 PSYoungGen      total 31744K, used 29747K [0x00000000e0000000, 0x00000000e2e00000, 0x0000000100000000)
  eden space 25088K, 100% used [0x00000000e0000000,0x00000000e1880000,0x00000000e1880000)
  from space 6656K, 70% used [0x00000000e1880000,0x00000000e1d0cdf0,0x00000000e1f00000)
  to   space 6656K, 0% used [0x00000000e2780000,0x00000000e2780000,0x00000000e2e00000)
 ParOldGen       total 36352K, used 8942K [0x00000000a0000000, 0x00000000a2380000, 0x00000000e0000000)
  object space 36352K, 24% used [0x00000000a0000000,0x00000000a08bbb28,0x00000000a2380000)
 Metaspace       used 30068K, capacity 30604K, committed 30976K, reserved 1075200K
  class space    used 4110K, capacity 4287K, committed 4352K, reserved 1048576K
Event: 11.542 GC heap after
Heap after GC invocations=15 (full 1):
 PSYoungGen      total 39424K, used 2902K [0x00000000e0000000, 0x00000000e2d80000, 0x0000000100000000)
  eden space 33280K, 0% used [0x00000000e0000000,0x00000000e0000000,0x00000000e2080000)
  from space 6144K, 47% used [0x00000000e2780000,0x00000000e2a55848,0x00000000e2d80000)
  to   space 6656K, 0% used [0x00000000e2080000,0x00000000e2080000,0x00000000e2700000)
 ParOldGen       total 36352K, used 10715K [0x00000000a0000000, 0x00000000a2380000, 0x00000000e0000000)
  object space 36352K, 29% used [0x00000000a0000000,0x00000000a0a76e18,0x00000000a2380000)
 Metaspace       used 30068K, capacity 30604K, committed 30976K, reserved 1075200K
  class space    used 4110K, capacity 4287K, committed 4352K, reserved 1048576K
}
Event: 12.960 GC heap before
{Heap before GC invocations=16 (full 1):
 PSYoungGen      total 39424K, used 36182K [0x00000000e0000000, 0x00000000e2d80000, 0x0000000100000000)
  eden space 33280K, 100% used [0x00000000e0000000,0x00000000e2080000,0x00000000e2080000)
  from space 6144K, 47% used [0x00000000e2780000,0x00000000e2a55848,0x00000000e2d80000)
  to   space 6656K, 0% used [0x00000000e2080000,0x00000000e2080000,0x00000000e2700000)
 ParOldGen       total 36352K, used 10715K [0x00000000a0000000, 0x00000000a2380000, 0x00000000e0000000)
  object space 36352K, 29% used [0x00000000a0000000,0x00000000a0a76e18,0x00000000a2380000)
 Metaspace       used 31114K, capacity 31690K, committed 31872K, reserved 1077248K
  class space    used 4248K, capacity 4456K, committed 4480K, reserved 1048576K
Event: 12.969 GC heap after
Heap after GC invocations=16 (full 1):
 PSYoungGen      total 39936K, used 2774K [0x00000000e0000000, 0x00000000e3700000, 0x0000000100000000)
  eden space 33280K, 0% used [0x00000000e0000000,0x00000000e0000000,0x00000000e2080000)
  from space 6656K, 41% used [0x00000000e2080000,0x00000000e2335ad8,0x00000000e2700000)
  to   space 6656K, 0% used [0x00000000e3080000,0x00000000e3080000,0x00000000e3700000)
 ParOldGen       total 36352K, used 11499K [0x00000000a0000000, 0x00000000a2380000, 0x00000000e0000000)
  object space 36352K, 31% used [0x00000000a0000000,0x00000000a0b3ae28,0x00000000a2380000)
 Metaspace       used 31114K, capacity 31690K, committed 31872K, reserved 1077248K
  class space    used 4248K, capacity 4456K, committed 4480K, reserved 1048576K
}
Event: 14.651 GC heap before
{Heap before GC invocations=17 (full 1):
 PSYoungGen      total 39936K, used 27860K [0x00000000e0000000, 0x00000000e3700000, 0x0000000100000000)
  eden space 33280K, 75% used [0x00000000e0000000,0x00000000e187f578,0x00000000e2080000)
  from space 6656K, 41% used [0x00000000e2080000,0x00000000e2335ad8,0x00000000e2700000)
  to   space 6656K, 0% used [0x00000000e3080000,0x00000000e3080000,0x00000000e3700000)
 ParOldGen       total 36352K, used 11499K [0x00000000a0000000, 0x00000000a2380000, 0x00000000e0000000)
  object space 36352K, 31% used [0x00000000a0000000,0x00000000a0b3ae28,0x00000000a2380000)
 Metaspace       used 34616K, capacity 35236K, committed 35416K, reserved 1079296K
  class space    used 4659K, capacity 4921K, committed 4952K, reserved 1048576K
Event: 14.660 GC heap after
Heap after GC invocations=17 (full 1):
 PSYoungGen      total 48640K, used 5791K [0x00000000e0000000, 0x00000000e3700000, 0x0000000100000000)
  eden space 41984K, 0% used [0x00000000e0000000,0x00000000e0000000,0x00000000e2900000)
  from space 6656K, 87% used [0x00000000e3080000,0x00000000e3627ee0,0x00000000e3700000)
  to   space 7168K, 0% used [0x00000000e2900000,0x00000000e2900000,0x00000000e3000000)
 ParOldGen       total 36352K, used 11507K [0x00000000a0000000, 0x00000000a2380000, 0x00000000e0000000)
  object space 36352K, 31% used [0x00000000a0000000,0x00000000a0b3ce28,0x00000000a2380000)
 Metaspace       used 34616K, capacity 35236K, committed 35416K, reserved 1079296K
  class space    used 4659K, capacity 4921K, committed 4952K, reserved 1048576K
}
Event: 14.660 GC heap before
{Heap before GC invocations=18 (full 2):
 PSYoungGen      total 48640K, used 5791K [0x00000000e0000000, 0x00000000e3700000, 0x0000000100000000)
  eden space 41984K, 0% used [0x00000000e0000000,0x00000000e0000000,0x00000000e2900000)
  from space 6656K, 87% used [0x00000000e3080000,0x00000000e3627ee0,0x00000000e3700000)
  to   space 7168K, 0% used [0x00000000e2900000,0x00000000e2900000,0x00000000e3000000)
 ParOldGen       total 36352K, used 11507K [0x00000000a0000000, 0x00000000a2380000, 0x00000000e0000000)
  object space 36352K, 31% used [0x00000000a0000000,0x00000000a0b3ce28,0x00000000a2380000)
 Metaspace       used 34616K, capacity 35236K, committed 35416K, reserved 1079296K
  class space    used 4659K, capacity 4921K, committed 4952K, reserved 1048576K
Event: 14.751 GC heap after
Heap after GC invocations=18 (full 2):
 PSYoungGen      total 48640K, used 0K [0x00000000e0000000, 0x00000000e3700000, 0x0000000100000000)
  eden space 41984K, 0% used [0x00000000e0000000,0x00000000e0000000,0x00000000e2900000)
  from space 6656K, 0% used [0x00000000e3080000,0x00000000e3080000,0x00000000e3700000)
  to   space 7168K, 0% used [0x00000000e2900000,0x00000000e2900000,0x00000000e3000000)
 ParOldGen       total 59904K, used 15792K [0x00000000a0000000, 0x00000000a3a80000, 0x00000000e0000000)
  object space 59904K, 26% used [0x00000000a0000000,0x00000000a0f6c010,0x00000000a3a80000)
 Metaspace       used 34616K, capacity 35236K, committed 35416K, reserved 1079296K
  class space    used 4659K, capacity 4921K, committed 4952K, reserved 1048576K
}
Event: 15.526 GC heap before
{Heap before GC invocations=19 (full 2):
 PSYoungGen      total 48640K, used 41984K [0x00000000e0000000, 0x00000000e3700000, 0x0000000100000000)
  eden space 41984K, 100% used [0x00000000e0000000,0x00000000e2900000,0x00000000e2900000)
  from space 6656K, 0% used [0x00000000e3080000,0x00000000e3080000,0x00000000e3700000)
  to   space 7168K, 0% used [0x00000000e2900000,0x00000000e2900000,0x00000000e3000000)
 ParOldGen       total 59904K, used 15792K [0x00000000a0000000, 0x00000000a3a80000, 0x00000000e0000000)
  object space 59904K, 26% used [0x00000000a0000000,0x00000000a0f6c010,0x00000000a3a80000)
 Metaspace       used 36800K, capacity 37494K, committed 37720K, reserved 1081344K
  class space    used 4946K, capacity 5185K, committed 5208K, reserved 1048576K
Event: 15.541 GC heap after
Heap after GC invocations=19 (full 2):
 PSYoungGen      total 49152K, used 2924K [0x00000000e0000000, 0x00000000e3700000, 0x0000000100000000)
  eden space 41984K, 0% used [0x00000000e0000000,0x00000000e0000000,0x00000000e2900000)
  from space 7168K, 40% used [0x00000000e2900000,0x00000000e2bdb048,0x00000000e3000000)
  to   space 6656K, 0% used [0x00000000e3080000,0x00000000e3080000,0x00000000e3700000)
 ParOldGen       total 59904K, used 15800K [0x00000000a0000000, 0x00000000a3a80000, 0x00000000e0000000)
  object space 59904K, 26% used [0x00000000a0000000,0x00000000a0f6e010,0x00000000a3a80000)
 Metaspace       used 36800K, capacity 37494K, committed 37720K, reserved 1081344K
  class space    used 4946K, capacity 5185K, committed 5208K, reserved 1048576K
}

