# JRE version: OpenJDK Runtime Environment (8.0_152-b02) (build 1.8.0_152-release-1024-b02)
# Java VM: OpenJDK 64-Bit Server VM (25.152-b02 mixed mode windows-amd64 compressed oops)
Heap:
 PSYoungGen      total 104960K, used 24537K [0x00000000e0000000, 0x00000000e7600000, 0x0000000100000000)
  eden space 93184K, 13% used [0x00000000e0000000,0x00000000e0c78688,0x00000000e5b00000)
  from space 11776K, 99% used [0x00000000e6880000,0x00000000e73fddb8,0x00000000e7400000)
  to   space 13824K, 0% used [0x00000000e5b00000,0x00000000e5b00000,0x00000000e6880000)
 ParOldGen       total 54272K, used 17895K [0x00000000a0000000, 0x00000000a3500000, 0x00000000e0000000)
  object space 54272K, 32% used [0x00000000a0000000,0x00000000a1179d18,0x00000000a3500000)
 Metaspace       used 49319K, capacity 50742K, committed 50944K, reserved 1093632K
  class space    used 6702K, capacity 7074K, committed 7168K, reserved 1048576K
GC Heap History (10 events):
Event: 21.447 GC heap before
{Heap before GC invocations=12 (full 1):
 PSYoungGen      total 60928K, used 13096K [0x00000000e0000000, 0x00000000e4700000, 0x0000000100000000)
  eden space 52736K, 9% used [0x00000000e0000000,0x00000000e04cdea0,0x00000000e3380000)
  from space 8192K, 99% used [0x00000000e3d00000,0x00000000e44fc440,0x00000000e4500000)
  to   space 9728K, 0% used [0x00000000e3380000,0x00000000e3380000,0x00000000e3d00000)
 ParOldGen       total 42496K, used 12678K [0x00000000a0000000, 0x00000000a2980000, 0x00000000e0000000)
  object space 42496K, 29% used [0x00000000a0000000,0x00000000a0c61bd0,0x00000000a2980000)
 Metaspace       used 34704K, capacity 35324K, committed 35416K, reserved 1079296K
  class space    used 4796K, capacity 5036K, committed 5120K, reserved 1048576K
Event: 21.457 GC heap after
Heap after GC invocations=12 (full 1):
 PSYoungGen      total 62464K, used 7438K [0x00000000e0000000, 0x00000000e5b80000, 0x0000000100000000)
  eden space 52736K, 0% used [0x00000000e0000000,0x00000000e0000000,0x00000000e3380000)
  from space 9728K, 76% used [0x00000000e3380000,0x00000000e3ac38f0,0x00000000e3d00000)
  to   space 10240K, 0% used [0x00000000e5180000,0x00000000e5180000,0x00000000e5b80000)
 ParOldGen       total 42496K, used 12686K [0x00000000a0000000, 0x00000000a2980000, 0x00000000e0000000)
  object space 42496K, 29% used [0x00000000a0000000,0x00000000a0c63bd0,0x00000000a2980000)
 Metaspace       used 34704K, capacity 35324K, committed 35416K, reserved 1079296K
  class space    used 4796K, capacity 5036K, committed 5120K, reserved 1048576K
}
Event: 21.457 GC heap before
{Heap before GC invocations=13 (full 2):
 PSYoungGen      total 62464K, used 7438K [0x00000000e0000000, 0x00000000e5b80000, 0x0000000100000000)
  eden space 52736K, 0% used [0x00000000e0000000,0x00000000e0000000,0x00000000e3380000)
  from space 9728K, 76% used [0x00000000e3380000,0x00000000e3ac38f0,0x00000000e3d00000)
  to   space 10240K, 0% used [0x00000000e5180000,0x00000000e5180000,0x00000000e5b80000)
 ParOldGen       total 42496K, used 12686K [0x00000000a0000000, 0x00000000a2980000, 0x00000000e0000000)
  object space 42496K, 29% used [0x00000000a0000000,0x00000000a0c63bd0,0x00000000a2980000)
 Metaspace       used 34704K, capacity 35324K, committed 35416K, reserved 1079296K
  class space    used 4796K, capacity 5036K, committed 5120K, reserved 1048576K
Event: 21.545 GC heap after
Heap after GC invocations=13 (full 2):
 PSYoungGen      total 62464K, used 0K [0x00000000e0000000, 0x00000000e5b80000, 0x0000000100000000)
  eden space 52736K, 0% used [0x00000000e0000000,0x00000000e0000000,0x00000000e3380000)
  from space 9728K, 0% used [0x00000000e3380000,0x00000000e3380000,0x00000000e3d00000)
  to   space 10240K, 0% used [0x00000000e5180000,0x00000000e5180000,0x00000000e5b80000)
 ParOldGen       total 54272K, used 14169K [0x00000000a0000000, 0x00000000a3500000, 0x00000000e0000000)
  object space 54272K, 26% used [0x00000000a0000000,0x00000000a0dd6628,0x00000000a3500000)
 Metaspace       used 34704K, capacity 35324K, committed 35416K, reserved 1079296K
  class space    used 4796K, capacity 5036K, committed 5120K, reserved 1048576K
}
Event: 22.583 GC heap before
{Heap before GC invocations=14 (full 2):
 PSYoungGen      total 62464K, used 52736K [0x00000000e0000000, 0x00000000e5b80000, 0x0000000100000000)
  eden space 52736K, 100% used [0x00000000e0000000,0x00000000e3380000,0x00000000e3380000)
  from space 9728K, 0% used [0x00000000e3380000,0x00000000e3380000,0x00000000e3d00000)
  to   space 10240K, 0% used [0x00000000e5180000,0x00000000e5180000,0x00000000e5b80000)
 ParOldGen       total 54272K, used 14169K [0x00000000a0000000, 0x00000000a3500000, 0x00000000e0000000)
  object space 54272K, 26% used [0x00000000a0000000,0x00000000a0dd6628,0x00000000a3500000)
 Metaspace       used 37082K, capacity 37770K, committed 37888K, reserved 1081344K
  class space    used 5095K, capacity 5337K, committed 5376K, reserved 1048576K
Event: 22.592 GC heap after
Heap after GC invocations=14 (full 2):
 PSYoungGen      total 79360K, used 4490K [0x00000000e0000000, 0x00000000e5900000, 0x0000000100000000)
  eden space 71680K, 0% used [0x00000000e0000000,0x00000000e0000000,0x00000000e4600000)
  from space 7680K, 58% used [0x00000000e5180000,0x00000000e55e2b88,0x00000000e5900000)
  to   space 9728K, 0% used [0x00000000e4600000,0x00000000e4600000,0x00000000e4f80000)
 ParOldGen       total 54272K, used 14177K [0x00000000a0000000, 0x00000000a3500000, 0x00000000e0000000)
  object space 54272K, 26% used [0x00000000a0000000,0x00000000a0dd8628,0x00000000a3500000)
 Metaspace       used 37082K, capacity 37770K, committed 37888K, reserved 1081344K
  class space    used 5095K, capacity 5337K, committed 5376K, reserved 1048576K
}
Event: 27.955 GC heap before
{Heap before GC invocations=15 (full 2):
 PSYoungGen      total 79360K, used 76170K [0x00000000e0000000, 0x00000000e5900000, 0x0000000100000000)
  eden space 71680K, 100% used [0x00000000e0000000,0x00000000e4600000,0x00000000e4600000)
  from space 7680K, 58% used [0x00000000e5180000,0x00000000e55e2b88,0x00000000e5900000)
  to   space 9728K, 0% used [0x00000000e4600000,0x00000000e4600000,0x00000000e4f80000)
 ParOldGen       total 54272K, used 14177K [0x00000000a0000000, 0x00000000a3500000, 0x00000000e0000000)
  object space 54272K, 26% used [0x00000000a0000000,0x00000000a0dd8628,0x00000000a3500000)
 Metaspace       used 42721K, capacity 43636K, committed 43904K, reserved 1087488K
  class space    used 5893K, capacity 6175K, committed 6272K, reserved 1048576K
Event: 27.974 GC heap after
Heap after GC invocations=15 (full 2):
 PSYoungGen      total 81408K, used 9711K [0x00000000e0000000, 0x00000000e7400000, 0x0000000100000000)
  eden space 71680K, 0% used [0x00000000e0000000,0x00000000e0000000,0x00000000e4600000)
  from space 9728K, 99% used [0x00000000e4600000,0x00000000e4f7be10,0x00000000e4f80000)
  to   space 11776K, 0% used [0x00000000e6880000,0x00000000e6880000,0x00000000e7400000)
 ParOldGen       total 54272K, used 16224K [0x00000000a0000000, 0x00000000a3500000, 0x00000000e0000000)
  object space 54272K, 29% used [0x00000000a0000000,0x00000000a0fd8370,0x00000000a3500000)
 Metaspace       used 42721K, capacity 43636K, committed 43904K, reserved 1087488K
  class space    used 5893K, capacity 6175K, committed 6272K, reserved 1048576K
}
Event: 32.164 GC heap before
{Heap before GC invocations=16 (full 2):
 PSYoungGen      total 81408K, used 81391K [0x00000000e0000000, 0x00000000e7400000, 0x0000000100000000)
  eden space 71680K, 100% used [0x00000000e0000000,0x00000000e4600000,0x00000000e4600000)
  from space 9728K, 99% used [0x00000000e4600000,0x00000000e4f7be10,0x00000000e4f80000)
  to   space 11776K, 0% used [0x00000000e6880000,0x00000000e6880000,0x00000000e7400000)
 ParOldGen       total 54272K, used 16224K [0x00000000a0000000, 0x00000000a3500000, 0x00000000e0000000)
  object space 54272K, 29% used [0x00000000a0000000,0x00000000a0fd8370,0x00000000a3500000)
 Metaspace       used 48311K, capacity 49538K, committed 49664K, reserved 1091584K
  class space    used 6550K, capacity 6902K, committed 6912K, reserved 1048576K
Event: 32.183 GC heap after
Heap after GC invocations=16 (full 2):
 PSYoungGen      total 104960K, used 11767K [0x00000000e0000000, 0x00000000e7600000, 0x0000000100000000)
  eden space 93184K, 0% used [0x00000000e0000000,0x00000000e0000000,0x00000000e5b00000)
  from space 11776K, 99% used [0x00000000e6880000,0x00000000e73fddb8,0x00000000e7400000)
  to   space 13824K, 0% used [0x00000000e5b00000,0x00000000e5b00000,0x00000000e6880000)
 ParOldGen       total 54272K, used 17895K [0x00000000a0000000, 0x00000000a3500000, 0x00000000e0000000)
  object space 54272K, 32% used [0x00000000a0000000,0x00000000a1179d18,0x00000000a3500000)
 Metaspace       used 48311K, capacity 49538K, committed 49664K, reserved 1091584K
  class space    used 6550K, capacity 6902K, committed 6912K, reserved 1048576K
}

