# JRE version: OpenJDK Runtime Environment (8.0_152-b01) (build 1.8.0_152-release-915-b01)
# Java VM: OpenJDK 64-Bit Server VM (25.152-b01 mixed mode windows-amd64 compressed oops)
Heap:
 PSYoungGen      total 161792K, used 76775K [0x00000000e0000000, 0x00000000eae80000, 0x0000000100000000)
  eden space 144896K, 41% used [0x00000000e0000000,0x00000000e3a7a2b0,0x00000000e8d80000)
  from space 16896K, 99% used [0x00000000e8d80000,0x00000000e9dffb58,0x00000000e9e00000)
  to   space 14848K, 0% used [0x00000000ea000000,0x00000000ea000000,0x00000000eae80000)
 ParOldGen       total 90624K, used 57058K [0x00000000a0000000, 0x00000000a5880000, 0x00000000e0000000)
  object space 90624K, 62% used [0x00000000a0000000,0x00000000a37b8840,0x00000000a5880000)
 Metaspace       used 67447K, capacity 69592K, committed 69720K, reserved 1110016K
  class space    used 8716K, capacity 9257K, committed 9304K, reserved 1048576K
GC Heap History (10 events):
Event: 81.682 GC heap before
{Heap before GC invocations=18 (full 2):
 PSYoungGen      total 120320K, used 120307K [0x00000000e0000000, 0x00000000e9e80000, 0x0000000100000000)
  eden space 109056K, 100% used [0x00000000e0000000,0x00000000e6a80000,0x00000000e6a80000)
  from space 11264K, 99% used [0x00000000e6a80000,0x00000000e757cf28,0x00000000e7580000)
  to   space 15360K, 0% used [0x00000000e8f80000,0x00000000e8f80000,0x00000000e9e80000)
 ParOldGen       total 53760K, used 33896K [0x00000000a0000000, 0x00000000a3480000, 0x00000000e0000000)
  object space 53760K, 63% used [0x00000000a0000000,0x00000000a211a2e0,0x00000000a3480000)
 Metaspace       used 56374K, capacity 58118K, committed 58456K, reserved 1099776K
  class space    used 7518K, capacity 7954K, committed 8024K, reserved 1048576K
Event: 81.794 GC heap after
Heap after GC invocations=18 (full 2):
 PSYoungGen      total 142848K, used 4994K [0x00000000e0000000, 0x00000000e9c00000, 0x0000000100000000)
  eden space 130048K, 0% used [0x00000000e0000000,0x00000000e0000000,0x00000000e7f00000)
  from space 12800K, 39% used [0x00000000e8f80000,0x00000000e9460948,0x00000000e9c00000)
  to   space 14848K, 0% used [0x00000000e7f00000,0x00000000e7f00000,0x00000000e8d80000)
 ParOldGen       total 53760K, used 45094K [0x00000000a0000000, 0x00000000a3480000, 0x00000000e0000000)
  object space 53760K, 83% used [0x00000000a0000000,0x00000000a2c09b20,0x00000000a3480000)
 Metaspace       used 56374K, capacity 58118K, committed 58456K, reserved 1099776K
  class space    used 7518K, capacity 7954K, committed 8024K, reserved 1048576K
}
Event: 81.794 GC heap before
{Heap before GC invocations=19 (full 3):
 PSYoungGen      total 142848K, used 4994K [0x00000000e0000000, 0x00000000e9c00000, 0x0000000100000000)
  eden space 130048K, 0% used [0x00000000e0000000,0x00000000e0000000,0x00000000e7f00000)
  from space 12800K, 39% used [0x00000000e8f80000,0x00000000e9460948,0x00000000e9c00000)
  to   space 14848K, 0% used [0x00000000e7f00000,0x00000000e7f00000,0x00000000e8d80000)
 ParOldGen       total 53760K, used 45094K [0x00000000a0000000, 0x00000000a3480000, 0x00000000e0000000)
  object space 53760K, 83% used [0x00000000a0000000,0x00000000a2c09b20,0x00000000a3480000)
 Metaspace       used 56374K, capacity 58118K, committed 58456K, reserved 1099776K
  class space    used 7518K, capacity 7954K, committed 8024K, reserved 1048576K
Event: 82.244 GC heap after
Heap after GC invocations=19 (full 3):
 PSYoungGen      total 142848K, used 0K [0x00000000e0000000, 0x00000000e9c00000, 0x0000000100000000)
  eden space 130048K, 0% used [0x00000000e0000000,0x00000000e0000000,0x00000000e7f00000)
  from space 12800K, 0% used [0x00000000e8f80000,0x00000000e8f80000,0x00000000e9c00000)
  to   space 14848K, 0% used [0x00000000e7f00000,0x00000000e7f00000,0x00000000e8d80000)
 ParOldGen       total 90624K, used 32472K [0x00000000a0000000, 0x00000000a5880000, 0x00000000e0000000)
  object space 90624K, 35% used [0x00000000a0000000,0x00000000a1fb6188,0x00000000a5880000)
 Metaspace       used 56374K, capacity 58118K, committed 58456K, reserved 1099776K
  class space    used 7518K, capacity 7954K, committed 8024K, reserved 1048576K
}
Event: 104.197 GC heap before
{Heap before GC invocations=20 (full 3):
 PSYoungGen      total 142848K, used 130048K [0x00000000e0000000, 0x00000000e9c00000, 0x0000000100000000)
  eden space 130048K, 100% used [0x00000000e0000000,0x00000000e7f00000,0x00000000e7f00000)
  from space 12800K, 0% used [0x00000000e8f80000,0x00000000e8f80000,0x00000000e9c00000)
  to   space 14848K, 0% used [0x00000000e7f00000,0x00000000e7f00000,0x00000000e8d80000)
 ParOldGen       total 90624K, used 32472K [0x00000000a0000000, 0x00000000a5880000, 0x00000000e0000000)
  object space 90624K, 35% used [0x00000000a0000000,0x00000000a1fb6188,0x00000000a5880000)
 Metaspace       used 62346K, capacity 64130K, committed 64344K, reserved 1105920K
  class space    used 8225K, capacity 8688K, committed 8792K, reserved 1048576K
Event: 104.237 GC heap after
Heap after GC invocations=20 (full 3):
 PSYoungGen      total 144896K, used 14838K [0x00000000e0000000, 0x00000000eb100000, 0x0000000100000000)
  eden space 130048K, 0% used [0x00000000e0000000,0x00000000e0000000,0x00000000e7f00000)
  from space 14848K, 99% used [0x00000000e7f00000,0x00000000e8d7dab8,0x00000000e8d80000)
  to   space 17408K, 0% used [0x00000000ea000000,0x00000000ea000000,0x00000000eb100000)
 ParOldGen       total 90624K, used 34020K [0x00000000a0000000, 0x00000000a5880000, 0x00000000e0000000)
  object space 90624K, 37% used [0x00000000a0000000,0x00000000a2139380,0x00000000a5880000)
 Metaspace       used 62346K, capacity 64130K, committed 64344K, reserved 1105920K
  class space    used 8225K, capacity 8688K, committed 8792K, reserved 1048576K
}
Event: 116.246 GC heap before
{Heap before GC invocations=21 (full 3):
 PSYoungGen      total 144896K, used 144886K [0x00000000e0000000, 0x00000000eb100000, 0x0000000100000000)
  eden space 130048K, 100% used [0x00000000e0000000,0x00000000e7f00000,0x00000000e7f00000)
  from space 14848K, 99% used [0x00000000e7f00000,0x00000000e8d7dab8,0x00000000e8d80000)
  to   space 17408K, 0% used [0x00000000ea000000,0x00000000ea000000,0x00000000eb100000)
 ParOldGen       total 90624K, used 34020K [0x00000000a0000000, 0x00000000a5880000, 0x00000000e0000000)
  object space 90624K, 37% used [0x00000000a0000000,0x00000000a2139380,0x00000000a5880000)
 Metaspace       used 65112K, capacity 67224K, committed 67544K, reserved 1107968K
  class space    used 8516K, capacity 9065K, committed 9176K, reserved 1048576K
Event: 116.274 GC heap after
Heap after GC invocations=21 (full 3):
 PSYoungGen      total 159744K, used 6882K [0x00000000e0000000, 0x00000000eae80000, 0x0000000100000000)
  eden space 144896K, 0% used [0x00000000e0000000,0x00000000e0000000,0x00000000e8d80000)
  from space 14848K, 46% used [0x00000000ea000000,0x00000000ea6b89d8,0x00000000eae80000)
  to   space 16896K, 0% used [0x00000000e8d80000,0x00000000e8d80000,0x00000000e9e00000)
 ParOldGen       total 90624K, used 46483K [0x00000000a0000000, 0x00000000a5880000, 0x00000000e0000000)
  object space 90624K, 51% used [0x00000000a0000000,0x00000000a2d64e68,0x00000000a5880000)
 Metaspace       used 65112K, capacity 67224K, committed 67544K, reserved 1107968K
  class space    used 8516K, capacity 9065K, committed 9176K, reserved 1048576K
}
Event: 119.619 GC heap before
{Heap before GC invocations=22 (full 3):
 PSYoungGen      total 159744K, used 151778K [0x00000000e0000000, 0x00000000eae80000, 0x0000000100000000)
  eden space 144896K, 100% used [0x00000000e0000000,0x00000000e8d80000,0x00000000e8d80000)
  from space 14848K, 46% used [0x00000000ea000000,0x00000000ea6b89d8,0x00000000eae80000)
  to   space 16896K, 0% used [0x00000000e8d80000,0x00000000e8d80000,0x00000000e9e00000)
 ParOldGen       total 90624K, used 46483K [0x00000000a0000000, 0x00000000a5880000, 0x00000000e0000000)
  object space 90624K, 51% used [0x00000000a0000000,0x00000000a2d64e68,0x00000000a5880000)
 Metaspace       used 67428K, capacity 69528K, committed 69720K, reserved 1110016K
  class space    used 8716K, capacity 9257K, committed 9304K, reserved 1048576K
Event: 119.714 GC heap after
Heap after GC invocations=22 (full 3):
 PSYoungGen      total 161792K, used 16894K [0x00000000e0000000, 0x00000000eae80000, 0x0000000100000000)
  eden space 144896K, 0% used [0x00000000e0000000,0x00000000e0000000,0x00000000e8d80000)
  from space 16896K, 99% used [0x00000000e8d80000,0x00000000e9dffb58,0x00000000e9e00000)
  to   space 14848K, 0% used [0x00000000ea000000,0x00000000ea000000,0x00000000eae80000)
 ParOldGen       total 90624K, used 57058K [0x00000000a0000000, 0x00000000a5880000, 0x00000000e0000000)
  object space 90624K, 62% used [0x00000000a0000000,0x00000000a37b8840,0x00000000a5880000)
 Metaspace       used 67428K, capacity 69528K, committed 69720K, reserved 1110016K
  class space    used 8716K, capacity 9257K, committed 9304K, reserved 1048576K
}

