# JRE version: OpenJDK Runtime Environment (8.0_152-b01) (build 1.8.0_152-release-915-b01)
# Java VM: OpenJDK 64-Bit Server VM (25.152-b01 mixed mode windows-amd64 compressed oops)
Heap:
 PSYoungGen      total 98304K, used 84078K [0x00000000e0000000, 0x00000000e7680000, 0x0000000100000000)
  eden space 77312K, 81% used [0x00000000e0000000,0x00000000e3d9cb88,0x00000000e4b80000)
  from space 20992K, 99% used [0x00000000e4b80000,0x00000000e5ffef80,0x00000000e6000000)
  to   space 18432K, 0% used [0x00000000e6000000,0x00000000e6000000,0x00000000e7200000)
 ParOldGen       total 67584K, used 33837K [0x00000000a0000000, 0x00000000a4200000, 0x00000000e0000000)
  object space 67584K, 50% used [0x00000000a0000000,0x00000000a210b730,0x00000000a4200000)
 Metaspace       used 56033K, capacity 57806K, committed 57944K, reserved 1099776K
  class space    used 7501K, capacity 7942K, committed 8024K, reserved 1048576K
GC Heap History (10 events):
Event: 35.908 GC heap before
{Heap before GC invocations=17 (full 2):
 PSYoungGen      total 70656K, used 68768K [0x00000000e0000000, 0x00000000e5200000, 0x0000000100000000)
  eden space 59904K, 100% used [0x00000000e0000000,0x00000000e3a80000,0x00000000e3a80000)
  from space 10752K, 82% used [0x00000000e4580000,0x00000000e4e28070,0x00000000e5000000)
  to   space 11264K, 0% used [0x00000000e3a80000,0x00000000e3a80000,0x00000000e4580000)
 ParOldGen       total 67584K, used 15462K [0x00000000a0000000, 0x00000000a4200000, 0x00000000e0000000)
  object space 67584K, 22% used [0x00000000a0000000,0x00000000a0f19940,0x00000000a4200000)
 Metaspace       used 45237K, capacity 46228K, committed 46296K, reserved 1089536K
  class space    used 6057K, capacity 6359K, committed 6360K, reserved 1048576K
Event: 35.934 GC heap after
Heap after GC invocations=17 (full 2):
 PSYoungGen      total 71168K, used 10536K [0x00000000e0000000, 0x00000000e5f80000, 0x0000000100000000)
  eden space 59904K, 0% used [0x00000000e0000000,0x00000000e0000000,0x00000000e3a80000)
  from space 11264K, 93% used [0x00000000e3a80000,0x00000000e44ca1a8,0x00000000e4580000)
  to   space 12800K, 0% used [0x00000000e5300000,0x00000000e5300000,0x00000000e5f80000)
 ParOldGen       total 67584K, used 15470K [0x00000000a0000000, 0x00000000a4200000, 0x00000000e0000000)
  object space 67584K, 22% used [0x00000000a0000000,0x00000000a0f1b940,0x00000000a4200000)
 Metaspace       used 45237K, capacity 46228K, committed 46296K, reserved 1089536K
  class space    used 6057K, capacity 6359K, committed 6360K, reserved 1048576K
}
Event: 39.174 GC heap before
{Heap before GC invocations=18 (full 2):
 PSYoungGen      total 71168K, used 70440K [0x00000000e0000000, 0x00000000e5f80000, 0x0000000100000000)
  eden space 59904K, 100% used [0x00000000e0000000,0x00000000e3a80000,0x00000000e3a80000)
  from space 11264K, 93% used [0x00000000e3a80000,0x00000000e44ca1a8,0x00000000e4580000)
  to   space 12800K, 0% used [0x00000000e5300000,0x00000000e5300000,0x00000000e5f80000)
 ParOldGen       total 67584K, used 15470K [0x00000000a0000000, 0x00000000a4200000, 0x00000000e0000000)
  object space 67584K, 22% used [0x00000000a0000000,0x00000000a0f1b940,0x00000000a4200000)
 Metaspace       used 47466K, capacity 48744K, committed 48984K, reserved 1091584K
  class space    used 6369K, capacity 6741K, committed 6744K, reserved 1048576K
Event: 39.206 GC heap after
Heap after GC invocations=18 (full 2):
 PSYoungGen      total 83456K, used 12782K [0x00000000e0000000, 0x00000000e6280000, 0x0000000100000000)
  eden space 70656K, 0% used [0x00000000e0000000,0x00000000e0000000,0x00000000e4500000)
  from space 12800K, 99% used [0x00000000e5300000,0x00000000e5f7b8e8,0x00000000e5f80000)
  to   space 14336K, 0% used [0x00000000e4500000,0x00000000e4500000,0x00000000e5300000)
 ParOldGen       total 67584K, used 15792K [0x00000000a0000000, 0x00000000a4200000, 0x00000000e0000000)
  object space 67584K, 23% used [0x00000000a0000000,0x00000000a0f6c3d0,0x00000000a4200000)
 Metaspace       used 47466K, capacity 48744K, committed 48984K, reserved 1091584K
  class space    used 6369K, capacity 6741K, committed 6744K, reserved 1048576K
}
Event: 42.978 GC heap before
{Heap before GC invocations=19 (full 2):
 PSYoungGen      total 83456K, used 83438K [0x00000000e0000000, 0x00000000e6280000, 0x0000000100000000)
  eden space 70656K, 100% used [0x00000000e0000000,0x00000000e4500000,0x00000000e4500000)
  from space 12800K, 99% used [0x00000000e5300000,0x00000000e5f7b8e8,0x00000000e5f80000)
  to   space 14336K, 0% used [0x00000000e4500000,0x00000000e4500000,0x00000000e5300000)
 ParOldGen       total 67584K, used 15792K [0x00000000a0000000, 0x00000000a4200000, 0x00000000e0000000)
  object space 67584K, 23% used [0x00000000a0000000,0x00000000a0f6c3d0,0x00000000a4200000)
 Metaspace       used 52609K, capacity 54256K, committed 54488K, reserved 1095680K
  class space    used 7186K, capacity 7593K, committed 7640K, reserved 1048576K
Event: 43.003 GC heap after
Heap after GC invocations=19 (full 2):
 PSYoungGen      total 84992K, used 14322K [0x00000000e0000000, 0x00000000e7200000, 0x0000000100000000)
  eden space 70656K, 0% used [0x00000000e0000000,0x00000000e0000000,0x00000000e4500000)
  from space 14336K, 99% used [0x00000000e4500000,0x00000000e52fcaf0,0x00000000e5300000)
  to   space 18432K, 0% used [0x00000000e6000000,0x00000000e6000000,0x00000000e7200000)
 ParOldGen       total 67584K, used 20372K [0x00000000a0000000, 0x00000000a4200000, 0x00000000e0000000)
  object space 67584K, 30% used [0x00000000a0000000,0x00000000a13e50c8,0x00000000a4200000)
 Metaspace       used 52609K, capacity 54256K, committed 54488K, reserved 1095680K
  class space    used 7186K, capacity 7593K, committed 7640K, reserved 1048576K
}
Event: 46.308 GC heap before
{Heap before GC invocations=20 (full 2):
 PSYoungGen      total 84992K, used 84978K [0x00000000e0000000, 0x00000000e7200000, 0x0000000100000000)
  eden space 70656K, 100% used [0x00000000e0000000,0x00000000e4500000,0x00000000e4500000)
  from space 14336K, 99% used [0x00000000e4500000,0x00000000e52fcaf0,0x00000000e5300000)
  to   space 18432K, 0% used [0x00000000e6000000,0x00000000e6000000,0x00000000e7200000)
 ParOldGen       total 67584K, used 20372K [0x00000000a0000000, 0x00000000a4200000, 0x00000000e0000000)
  object space 67584K, 30% used [0x00000000a0000000,0x00000000a13e50c8,0x00000000a4200000)
 Metaspace       used 53208K, capacity 54982K, committed 55128K, reserved 1097728K
  class space    used 7243K, capacity 7672K, committed 7768K, reserved 1048576K
Event: 46.336 GC heap after
Heap after GC invocations=20 (full 2):
 PSYoungGen      total 95744K, used 18415K [0x00000000e0000000, 0x00000000e7680000, 0x0000000100000000)
  eden space 77312K, 0% used [0x00000000e0000000,0x00000000e0000000,0x00000000e4b80000)
  from space 18432K, 99% used [0x00000000e6000000,0x00000000e71fbe40,0x00000000e7200000)
  to   space 20992K, 0% used [0x00000000e4b80000,0x00000000e4b80000,0x00000000e6000000)
 ParOldGen       total 67584K, used 20605K [0x00000000a0000000, 0x00000000a4200000, 0x00000000e0000000)
  object space 67584K, 30% used [0x00000000a0000000,0x00000000a141f400,0x00000000a4200000)
 Metaspace       used 53208K, capacity 54982K, committed 55128K, reserved 1097728K
  class space    used 7243K, capacity 7672K, committed 7768K, reserved 1048576K
}
Event: 48.159 GC heap before
{Heap before GC invocations=21 (full 2):
 PSYoungGen      total 95744K, used 95727K [0x00000000e0000000, 0x00000000e7680000, 0x0000000100000000)
  eden space 77312K, 100% used [0x00000000e0000000,0x00000000e4b80000,0x00000000e4b80000)
  from space 18432K, 99% used [0x00000000e6000000,0x00000000e71fbe40,0x00000000e7200000)
  to   space 20992K, 0% used [0x00000000e4b80000,0x00000000e4b80000,0x00000000e6000000)
 ParOldGen       total 67584K, used 20605K [0x00000000a0000000, 0x00000000a4200000, 0x00000000e0000000)
  object space 67584K, 30% used [0x00000000a0000000,0x00000000a141f400,0x00000000a4200000)
 Metaspace       used 56010K, capacity 57806K, committed 57944K, reserved 1099776K
  class space    used 7499K, capacity 7942K, committed 8024K, reserved 1048576K
Event: 48.204 GC heap after
Heap after GC invocations=21 (full 2):
 PSYoungGen      total 98304K, used 20987K [0x00000000e0000000, 0x00000000e7680000, 0x0000000100000000)
  eden space 77312K, 0% used [0x00000000e0000000,0x00000000e0000000,0x00000000e4b80000)
  from space 20992K, 99% used [0x00000000e4b80000,0x00000000e5ffef80,0x00000000e6000000)
  to   space 18432K, 0% used [0x00000000e6000000,0x00000000e6000000,0x00000000e7200000)
 ParOldGen       total 67584K, used 33837K [0x00000000a0000000, 0x00000000a4200000, 0x00000000e0000000)
  object space 67584K, 50% used [0x00000000a0000000,0x00000000a210b730,0x00000000a4200000)
 Metaspace       used 56010K, capacity 57806K, committed 57944K, reserved 1099776K
  class space    used 7499K, capacity 7942K, committed 8024K, reserved 1048576K
}

